CRITICAL - 2022-07-08 00:11:04 --> Undefined array key "uri"
in APPPATH\Views\pagination\view_pag.php on line 1.
 1 APPPATH\Views\pagination\view_pag.php(1): CodeIgniter\Debug\Exceptions->errorHandler(2, 'Undefined array key "uri"', 'APPPATH\\Views\\pagination\\view_pag.php', 1)
 2 SYSTEMPATH\View\View.php(213): include('APPPATH\\Views\\pagination\\view_pag.php')
 3 SYSTEMPATH\View\View.php(216): CodeIgniter\View\View->CodeIgniter\View\{closure}()
 4 SYSTEMPATH\Pager\Pager.php(125): CodeIgniter\View\View->render('App\\Views\\pagination\\view_pag')
 5 SYSTEMPATH\Pager\Pager.php(83): CodeIgniter\Pager\Pager->displayLinks('group1', 'botts_pagination')
 6 APPPATH\Views\tipoHabitaciones\registro_tipo_hab.php(85): CodeIgniter\Pager\Pager->links('group1', 'botts_pagination')
 7 SYSTEMPATH\View\View.php(213): include('APPPATH\\Views\\tipoHabitaciones\\registro_tipo_hab.php')
 8 SYSTEMPATH\View\View.php(216): CodeIgniter\View\View->CodeIgniter\View\{closure}()
 9 SYSTEMPATH\Common.php(1135): CodeIgniter\View\View->render('tipoHabitaciones/registro_tipo_hab', [], true)
10 APPPATH\Controllers\TipoHabController.php(22): view('tipoHabitaciones/registro_tipo_hab', [...])
11 SYSTEMPATH\CodeIgniter.php(896): App\Controllers\TipoHabController->index()
12 SYSTEMPATH\CodeIgniter.php(466): CodeIgniter\CodeIgniter->runController(Object(App\Controllers\TipoHabController))
13 SYSTEMPATH\CodeIgniter.php(349): CodeIgniter\CodeIgniter->handleRequest(null, Object(Config\Cache), false)
14 FCPATH\index.php(55): CodeIgniter\CodeIgniter->run()
CRITICAL - 2022-07-08 00:16:46 --> Array to string conversion
in APPPATH\Views\pagination\view_pag.php on line 15.
 1 APPPATH\Views\pagination\view_pag.php(15): CodeIgniter\Debug\Exceptions->errorHandler(2, 'Array to string conversion', 'APPPATH\\Views\\pagination\\view_pag.php', 15)
 2 SYSTEMPATH\View\View.php(213): include('APPPATH\\Views\\pagination\\view_pag.php')
 3 SYSTEMPATH\View\View.php(216): CodeIgniter\View\View->CodeIgniter\View\{closure}()
 4 SYSTEMPATH\Pager\Pager.php(125): CodeIgniter\View\View->render('App\\Views\\pagination\\view_pag')
 5 SYSTEMPATH\Pager\Pager.php(83): CodeIgniter\Pager\Pager->displayLinks('group1', 'botts_pagination')
 6 APPPATH\Views\tipoHabitaciones\registro_tipo_hab.php(85): CodeIgniter\Pager\Pager->links('group1', 'botts_pagination')
 7 SYSTEMPATH\View\View.php(213): include('APPPATH\\Views\\tipoHabitaciones\\registro_tipo_hab.php')
 8 SYSTEMPATH\View\View.php(216): CodeIgniter\View\View->CodeIgniter\View\{closure}()
 9 SYSTEMPATH\Common.php(1135): CodeIgniter\View\View->render('tipoHabitaciones/registro_tipo_hab', [], true)
10 APPPATH\Controllers\TipoHabController.php(22): view('tipoHabitaciones/registro_tipo_hab', [...])
11 SYSTEMPATH\CodeIgniter.php(896): App\Controllers\TipoHabController->index()
12 SYSTEMPATH\CodeIgniter.php(466): CodeIgniter\CodeIgniter->runController(Object(App\Controllers\TipoHabController))
13 SYSTEMPATH\CodeIgniter.php(349): CodeIgniter\CodeIgniter->handleRequest(null, Object(Config\Cache), false)
14 FCPATH\index.php(55): CodeIgniter\CodeIgniter->run()
CRITICAL - 2022-07-08 00:18:59 --> Unsupported operand types: string + int
in APPPATH\Views\pagination\view_pag.php on line 15.
 1 SYSTEMPATH\View\View.php(213): include()
 2 SYSTEMPATH\View\View.php(216): CodeIgniter\View\View->CodeIgniter\View\{closure}()
 3 SYSTEMPATH\Pager\Pager.php(125): CodeIgniter\View\View->render('App\\Views\\pagination\\view_pag')
 4 SYSTEMPATH\Pager\Pager.php(83): CodeIgniter\Pager\Pager->displayLinks('group1', 'botts_pagination')
 5 APPPATH\Views\tipoHabitaciones\registro_tipo_hab.php(85): CodeIgniter\Pager\Pager->links('group1', 'botts_pagination')
 6 SYSTEMPATH\View\View.php(213): include('APPPATH\\Views\\tipoHabitaciones\\registro_tipo_hab.php')
 7 SYSTEMPATH\View\View.php(216): CodeIgniter\View\View->CodeIgniter\View\{closure}()
 8 SYSTEMPATH\Common.php(1135): CodeIgniter\View\View->render('tipoHabitaciones/registro_tipo_hab', [], true)
 9 APPPATH\Controllers\TipoHabController.php(22): view('tipoHabitaciones/registro_tipo_hab', [...])
10 SYSTEMPATH\CodeIgniter.php(896): App\Controllers\TipoHabController->index()
11 SYSTEMPATH\CodeIgniter.php(466): CodeIgniter\CodeIgniter->runController(Object(App\Controllers\TipoHabController))
12 SYSTEMPATH\CodeIgniter.php(349): CodeIgniter\CodeIgniter->handleRequest(null, Object(Config\Cache), false)
13 FCPATH\index.php(55): CodeIgniter\CodeIgniter->run()
CRITICAL - 2022-07-08 00:28:52 --> Call to undefined method CodeIgniter\Pager\Pager::link()
in APPPATH\Controllers\TipoHabController.php on line 21.
 1 SYSTEMPATH\CodeIgniter.php(896): App\Controllers\TipoHabController->index()
 2 SYSTEMPATH\CodeIgniter.php(466): CodeIgniter\CodeIgniter->runController(Object(App\Controllers\TipoHabController))
 3 SYSTEMPATH\CodeIgniter.php(349): CodeIgniter\CodeIgniter->handleRequest(null, Object(Config\Cache), false)
 4 FCPATH\index.php(55): CodeIgniter\CodeIgniter->run()
CRITICAL - 2022-07-08 00:50:14 --> Call to undefined function App\Controllers\baseurl()
in APPPATH\Controllers\TipoHabController.php on line 21.
 1 SYSTEMPATH\CodeIgniter.php(896): App\Controllers\TipoHabController->index()
 2 SYSTEMPATH\CodeIgniter.php(466): CodeIgniter\CodeIgniter->runController(Object(App\Controllers\TipoHabController))
 3 SYSTEMPATH\CodeIgniter.php(349): CodeIgniter\CodeIgniter->handleRequest(null, Object(Config\Cache), false)
 4 FCPATH\index.php(55): CodeIgniter\CodeIgniter->run()
CRITICAL - 2022-07-08 01:03:51 --> Undefined array key "email"
in APPPATH\Views\usuarios\registro_usuarios.php on line 65.
 1 APPPATH\Views\usuarios\registro_usuarios.php(65): CodeIgniter\Debug\Exceptions->errorHandler(2, 'Undefined array key "email"', 'APPPATH\\Views\\usuarios\\registro_usuarios.php', 65)
 2 SYSTEMPATH\View\View.php(213): include('APPPATH\\Views\\usuarios\\registro_usuarios.php')
 3 SYSTEMPATH\View\View.php(216): CodeIgniter\View\View->CodeIgniter\View\{closure}()
 4 SYSTEMPATH\Common.php(1135): CodeIgniter\View\View->render('usuarios/registro_usuarios', [], true)
 5 APPPATH\Controllers\UsuariosController.php(10): view('usuarios/registro_usuarios', [...])
 6 SYSTEMPATH\CodeIgniter.php(896): App\Controllers\UsuariosController->index()
 7 SYSTEMPATH\CodeIgniter.php(466): CodeIgniter\CodeIgniter->runController(Object(App\Controllers\UsuariosController))
 8 SYSTEMPATH\CodeIgniter.php(349): CodeIgniter\CodeIgniter->handleRequest(null, Object(Config\Cache), false)
 9 FCPATH\index.php(55): CodeIgniter\CodeIgniter->run()
CRITICAL - 2022-07-08 13:39:57 --> Undefined array key "idCliente"
in APPPATH\Views\clientes\registro-cliente.php on line 67.
 1 APPPATH\Views\clientes\registro-cliente.php(67): CodeIgniter\Debug\Exceptions->errorHandler(2, 'Undefined array key "idCliente"', 'APPPATH\\Views\\clientes\\registro-cliente.php', 67)
 2 SYSTEMPATH\View\View.php(213): include('APPPATH\\Views\\clientes\\registro-cliente.php')
 3 SYSTEMPATH\View\View.php(216): CodeIgniter\View\View->CodeIgniter\View\{closure}()
 4 SYSTEMPATH\Common.php(1135): CodeIgniter\View\View->render('clientes/registro-cliente', [], true)
 5 APPPATH\Controllers\ClientesController.php(21): view('clientes/registro-cliente', [...])
 6 SYSTEMPATH\CodeIgniter.php(896): App\Controllers\ClientesController->index()
 7 SYSTEMPATH\CodeIgniter.php(466): CodeIgniter\CodeIgniter->runController(Object(App\Controllers\ClientesController))
 8 SYSTEMPATH\CodeIgniter.php(349): CodeIgniter\CodeIgniter->handleRequest(null, Object(Config\Cache), false)
 9 FCPATH\index.php(55): CodeIgniter\CodeIgniter->run()
CRITICAL - 2022-07-08 13:41:52 --> Undefined array key "email"
in APPPATH\Views\usuarios\registro_usuarios.php on line 65.
 1 APPPATH\Views\usuarios\registro_usuarios.php(65): CodeIgniter\Debug\Exceptions->errorHandler(2, 'Undefined array key "email"', 'APPPATH\\Views\\usuarios\\registro_usuarios.php', 65)
 2 SYSTEMPATH\View\View.php(213): include('APPPATH\\Views\\usuarios\\registro_usuarios.php')
 3 SYSTEMPATH\View\View.php(216): CodeIgniter\View\View->CodeIgniter\View\{closure}()
 4 SYSTEMPATH\Common.php(1135): CodeIgniter\View\View->render('usuarios/registro_usuarios', [], true)
 5 APPPATH\Controllers\UsuariosController.php(10): view('usuarios/registro_usuarios', [...])
 6 SYSTEMPATH\CodeIgniter.php(896): App\Controllers\UsuariosController->index()
 7 SYSTEMPATH\CodeIgniter.php(466): CodeIgniter\CodeIgniter->runController(Object(App\Controllers\UsuariosController))
 8 SYSTEMPATH\CodeIgniter.php(349): CodeIgniter\CodeIgniter->handleRequest(null, Object(Config\Cache), false)
 9 FCPATH\index.php(55): CodeIgniter\CodeIgniter->run()
CRITICAL - 2022-07-08 13:44:13 --> Undefined array key "email"
in APPPATH\Views\usuarios\registro_usuarios.php on line 65.
 1 APPPATH\Views\usuarios\registro_usuarios.php(65): CodeIgniter\Debug\Exceptions->errorHandler(2, 'Undefined array key "email"', 'APPPATH\\Views\\usuarios\\registro_usuarios.php', 65)
 2 SYSTEMPATH\View\View.php(213): include('APPPATH\\Views\\usuarios\\registro_usuarios.php')
 3 SYSTEMPATH\View\View.php(216): CodeIgniter\View\View->CodeIgniter\View\{closure}()
 4 SYSTEMPATH\Common.php(1135): CodeIgniter\View\View->render('usuarios/registro_usuarios', [], true)
 5 APPPATH\Controllers\UsuariosController.php(10): view('usuarios/registro_usuarios', [...])
 6 SYSTEMPATH\CodeIgniter.php(896): App\Controllers\UsuariosController->index()
 7 SYSTEMPATH\CodeIgniter.php(466): CodeIgniter\CodeIgniter->runController(Object(App\Controllers\UsuariosController))
 8 SYSTEMPATH\CodeIgniter.php(349): CodeIgniter\CodeIgniter->handleRequest(null, Object(Config\Cache), false)
 9 FCPATH\index.php(55): CodeIgniter\CodeIgniter->run()
CRITICAL - 2022-07-08 14:03:38 --> Undefined array key "tipo"
in APPPATH\Views\habitaciones\registro_hab.php on line 68.
 1 APPPATH\Views\habitaciones\registro_hab.php(68): CodeIgniter\Debug\Exceptions->errorHandler(2, 'Undefined array key "tipo"', 'APPPATH\\Views\\habitaciones\\registro_hab.php', 68)
 2 SYSTEMPATH\View\View.php(213): include('APPPATH\\Views\\habitaciones\\registro_hab.php')
 3 SYSTEMPATH\View\View.php(216): CodeIgniter\View\View->CodeIgniter\View\{closure}()
 4 SYSTEMPATH\Common.php(1135): CodeIgniter\View\View->render('habitaciones/registro_hab', [], true)
 5 APPPATH\Controllers\HabitacionController.php(19): view('habitaciones/registro_hab', [...])
 6 SYSTEMPATH\CodeIgniter.php(896): App\Controllers\HabitacionController->index()
 7 SYSTEMPATH\CodeIgniter.php(466): CodeIgniter\CodeIgniter->runController(Object(App\Controllers\HabitacionController))
 8 SYSTEMPATH\CodeIgniter.php(349): CodeIgniter\CodeIgniter->handleRequest(null, Object(Config\Cache), false)
 9 FCPATH\index.php(55): CodeIgniter\CodeIgniter->run()
CRITICAL - 2022-07-08 14:04:38 --> Undefined array key "precio"
in APPPATH\Views\habitaciones\registro_hab.php on line 69.
 1 APPPATH\Views\habitaciones\registro_hab.php(69): CodeIgniter\Debug\Exceptions->errorHandler(2, 'Undefined array key "precio"', 'APPPATH\\Views\\habitaciones\\registro_hab.php', 69)
 2 SYSTEMPATH\View\View.php(213): include('APPPATH\\Views\\habitaciones\\registro_hab.php')
 3 SYSTEMPATH\View\View.php(216): CodeIgniter\View\View->CodeIgniter\View\{closure}()
 4 SYSTEMPATH\Common.php(1135): CodeIgniter\View\View->render('habitaciones/registro_hab', [], true)
 5 APPPATH\Controllers\HabitacionController.php(19): view('habitaciones/registro_hab', [...])
 6 SYSTEMPATH\CodeIgniter.php(896): App\Controllers\HabitacionController->index()
 7 SYSTEMPATH\CodeIgniter.php(466): CodeIgniter\CodeIgniter->runController(Object(App\Controllers\HabitacionController))
 8 SYSTEMPATH\CodeIgniter.php(349): CodeIgniter\CodeIgniter->handleRequest(null, Object(Config\Cache), false)
 9 FCPATH\index.php(55): CodeIgniter\CodeIgniter->run()
CRITICAL - 2022-07-08 14:06:16 --> Call to a member function paginate() on array
in APPPATH\Controllers\HabitacionController.php on line 16.
 1 SYSTEMPATH\CodeIgniter.php(896): App\Controllers\HabitacionController->index()
 2 SYSTEMPATH\CodeIgniter.php(466): CodeIgniter\CodeIgniter->runController(Object(App\Controllers\HabitacionController))
 3 SYSTEMPATH\CodeIgniter.php(349): CodeIgniter\CodeIgniter->handleRequest(null, Object(Config\Cache), false)
 4 FCPATH\index.php(55): CodeIgniter\CodeIgniter->run()
CRITICAL - 2022-07-08 14:06:44 --> Call to a member function links() on null
in APPPATH\Views\habitaciones\registro_hab.php on line 98.
 1 SYSTEMPATH\View\View.php(213): include()
 2 SYSTEMPATH\View\View.php(216): CodeIgniter\View\View->CodeIgniter\View\{closure}()
 3 SYSTEMPATH\Common.php(1135): CodeIgniter\View\View->render('habitaciones/registro_hab', [], true)
 4 APPPATH\Controllers\HabitacionController.php(19): view('habitaciones/registro_hab', [...])
 5 SYSTEMPATH\CodeIgniter.php(896): App\Controllers\HabitacionController->index()
 6 SYSTEMPATH\CodeIgniter.php(466): CodeIgniter\CodeIgniter->runController(Object(App\Controllers\HabitacionController))
 7 SYSTEMPATH\CodeIgniter.php(349): CodeIgniter\CodeIgniter->handleRequest(null, Object(Config\Cache), false)
 8 FCPATH\index.php(55): CodeIgniter\CodeIgniter->run()
CRITICAL - 2022-07-08 14:07:06 --> Call to a member function getAll() on array
in APPPATH\Controllers\HabitacionController.php on line 16.
 1 SYSTEMPATH\CodeIgniter.php(896): App\Controllers\HabitacionController->index()
 2 SYSTEMPATH\CodeIgniter.php(466): CodeIgniter\CodeIgniter->runController(Object(App\Controllers\HabitacionController))
 3 SYSTEMPATH\CodeIgniter.php(349): CodeIgniter\CodeIgniter->handleRequest(null, Object(Config\Cache), false)
 4 FCPATH\index.php(55): CodeIgniter\CodeIgniter->run()
CRITICAL - 2022-07-08 14:11:05 --> Undefined array key "tipo"
in APPPATH\Views\habitaciones\registro_hab.php on line 68.
 1 APPPATH\Views\habitaciones\registro_hab.php(68): CodeIgniter\Debug\Exceptions->errorHandler(2, 'Undefined array key "tipo"', 'APPPATH\\Views\\habitaciones\\registro_hab.php', 68)
 2 SYSTEMPATH\View\View.php(213): include('APPPATH\\Views\\habitaciones\\registro_hab.php')
 3 SYSTEMPATH\View\View.php(216): CodeIgniter\View\View->CodeIgniter\View\{closure}()
 4 SYSTEMPATH\Common.php(1135): CodeIgniter\View\View->render('habitaciones/registro_hab', [], true)
 5 APPPATH\Controllers\HabitacionController.php(21): view('habitaciones/registro_hab', [...])
 6 SYSTEMPATH\CodeIgniter.php(896): App\Controllers\HabitacionController->index()
 7 SYSTEMPATH\CodeIgniter.php(466): CodeIgniter\CodeIgniter->runController(Object(App\Controllers\HabitacionController))
 8 SYSTEMPATH\CodeIgniter.php(349): CodeIgniter\CodeIgniter->handleRequest(null, Object(Config\Cache), false)
 9 FCPATH\index.php(55): CodeIgniter\CodeIgniter->run()
CRITICAL - 2022-07-08 14:11:43 --> Call to a member function paginate() on array
in APPPATH\Controllers\HabitacionController.php on line 20.
 1 SYSTEMPATH\CodeIgniter.php(896): App\Controllers\HabitacionController->index()
 2 SYSTEMPATH\CodeIgniter.php(466): CodeIgniter\CodeIgniter->runController(Object(App\Controllers\HabitacionController))
 3 SYSTEMPATH\CodeIgniter.php(349): CodeIgniter\CodeIgniter->handleRequest(null, Object(Config\Cache), false)
 4 FCPATH\index.php(55): CodeIgniter\CodeIgniter->run()
CRITICAL - 2022-07-08 14:11:54 --> Undefined array key "tipo"
in APPPATH\Views\habitaciones\registro_hab.php on line 68.
 1 APPPATH\Views\habitaciones\registro_hab.php(68): CodeIgniter\Debug\Exceptions->errorHandler(2, 'Undefined array key "tipo"', 'APPPATH\\Views\\habitaciones\\registro_hab.php', 68)
 2 SYSTEMPATH\View\View.php(213): include('APPPATH\\Views\\habitaciones\\registro_hab.php')
 3 SYSTEMPATH\View\View.php(216): CodeIgniter\View\View->CodeIgniter\View\{closure}()
 4 SYSTEMPATH\Common.php(1135): CodeIgniter\View\View->render('habitaciones/registro_hab', [], true)
 5 APPPATH\Controllers\HabitacionController.php(21): view('habitaciones/registro_hab', [...])
 6 SYSTEMPATH\CodeIgniter.php(896): App\Controllers\HabitacionController->index()
 7 SYSTEMPATH\CodeIgniter.php(466): CodeIgniter\CodeIgniter->runController(Object(App\Controllers\HabitacionController))
 8 SYSTEMPATH\CodeIgniter.php(349): CodeIgniter\CodeIgniter->handleRequest(null, Object(Config\Cache), false)
 9 FCPATH\index.php(55): CodeIgniter\CodeIgniter->run()
CRITICAL - 2022-07-08 14:16:35 --> Undefined variable $pager
in APPPATH\Views\habitaciones\registro_hab.php on line 98.
 1 APPPATH\Views\habitaciones\registro_hab.php(98): CodeIgniter\Debug\Exceptions->errorHandler(2, 'Undefined variable $pager', 'APPPATH\\Views\\habitaciones\\registro_hab.php', 98)
 2 SYSTEMPATH\View\View.php(213): include('APPPATH\\Views\\habitaciones\\registro_hab.php')
 3 SYSTEMPATH\View\View.php(216): CodeIgniter\View\View->CodeIgniter\View\{closure}()
 4 SYSTEMPATH\Common.php(1135): CodeIgniter\View\View->render('habitaciones/registro_hab', [], true)
 5 APPPATH\Controllers\HabitacionController.php(21): view('habitaciones/registro_hab', [...])
 6 SYSTEMPATH\CodeIgniter.php(896): App\Controllers\HabitacionController->index()
 7 SYSTEMPATH\CodeIgniter.php(466): CodeIgniter\CodeIgniter->runController(Object(App\Controllers\HabitacionController))
 8 SYSTEMPATH\CodeIgniter.php(349): CodeIgniter\CodeIgniter->handleRequest(null, Object(Config\Cache), false)
 9 FCPATH\index.php(55): CodeIgniter\CodeIgniter->run()
CRITICAL - 2022-07-08 14:19:04 --> Call to a member function get() on array
in APPPATH\Controllers\HabitacionController.php on line 16.
 1 SYSTEMPATH\CodeIgniter.php(896): App\Controllers\HabitacionController->index()
 2 SYSTEMPATH\CodeIgniter.php(466): CodeIgniter\CodeIgniter->runController(Object(App\Controllers\HabitacionController))
 3 SYSTEMPATH\CodeIgniter.php(349): CodeIgniter\CodeIgniter->handleRequest(null, Object(Config\Cache), false)
 4 FCPATH\index.php(55): CodeIgniter\CodeIgniter->run()
CRITICAL - 2022-07-08 14:19:24 --> Call to a member function get() on array
in APPPATH\Controllers\HabitacionController.php on line 16.
 1 SYSTEMPATH\CodeIgniter.php(896): App\Controllers\HabitacionController->index()
 2 SYSTEMPATH\CodeIgniter.php(466): CodeIgniter\CodeIgniter->runController(Object(App\Controllers\HabitacionController))
 3 SYSTEMPATH\CodeIgniter.php(349): CodeIgniter\CodeIgniter->handleRequest(null, Object(Config\Cache), false)
 4 FCPATH\index.php(55): CodeIgniter\CodeIgniter->run()
CRITICAL - 2022-07-08 14:33:22 --> Call to a member function get() on array
in APPPATH\Controllers\HabitacionController.php on line 16.
 1 SYSTEMPATH\CodeIgniter.php(896): App\Controllers\HabitacionController->index()
 2 SYSTEMPATH\CodeIgniter.php(466): CodeIgniter\CodeIgniter->runController(Object(App\Controllers\HabitacionController))
 3 SYSTEMPATH\CodeIgniter.php(349): CodeIgniter\CodeIgniter->handleRequest(null, Object(Config\Cache), false)
 4 FCPATH\index.php(55): CodeIgniter\CodeIgniter->run()
CRITICAL - 2022-07-08 17:48:31 --> Call to a member function get() on array
in APPPATH\Controllers\HabitacionController.php on line 16.
 1 SYSTEMPATH\CodeIgniter.php(896): App\Controllers\HabitacionController->index()
 2 SYSTEMPATH\CodeIgniter.php(466): CodeIgniter\CodeIgniter->runController(Object(App\Controllers\HabitacionController))
 3 SYSTEMPATH\CodeIgniter.php(349): CodeIgniter\CodeIgniter->handleRequest(null, Object(Config\Cache), false)
 4 FCPATH\index.php(55): CodeIgniter\CodeIgniter->run()
