CRITICAL - 2022-07-02 00:06:15 --> Undefined index: usuario
in APPPATH\Controllers\Login.php on line 19.
 1 APPPATH\Controllers\Login.php(19): CodeIgniter\Debug\Exceptions->errorHandler(8, 'Undefined index: usuario', 'APPPATH\\Controllers\\Login.php', 19, [])
 2 SYSTEMPATH\CodeIgniter.php(896): App\Controllers\Login->login()
 3 SYSTEMPATH\CodeIgniter.php(466): CodeIgniter\CodeIgniter->runController(Object(App\Controllers\Login))
 4 SYSTEMPATH\CodeIgniter.php(349): CodeIgniter\CodeIgniter->handleRequest(null, Object(Config\Cache), false)
 5 FCPATH\index.php(55): CodeIgniter\CodeIgniter->run()
CRITICAL - 2022-07-02 00:07:32 --> Undefined index: usuario
in APPPATH\Controllers\Login.php on line 19.
 1 APPPATH\Controllers\Login.php(19): CodeIgniter\Debug\Exceptions->errorHandler(8, 'Undefined index: usuario', 'APPPATH\\Controllers\\Login.php', 19, [])
 2 SYSTEMPATH\CodeIgniter.php(896): App\Controllers\Login->login()
 3 SYSTEMPATH\CodeIgniter.php(466): CodeIgniter\CodeIgniter->runController(Object(App\Controllers\Login))
 4 SYSTEMPATH\CodeIgniter.php(349): CodeIgniter\CodeIgniter->handleRequest(null, Object(Config\Cache), false)
 5 FCPATH\index.php(55): CodeIgniter\CodeIgniter->run()
CRITICAL - 2022-07-02 00:07:35 --> Undefined index: usuario
in APPPATH\Controllers\Login.php on line 19.
 1 APPPATH\Controllers\Login.php(19): CodeIgniter\Debug\Exceptions->errorHandler(8, 'Undefined index: usuario', 'APPPATH\\Controllers\\Login.php', 19, [])
 2 SYSTEMPATH\CodeIgniter.php(896): App\Controllers\Login->login()
 3 SYSTEMPATH\CodeIgniter.php(466): CodeIgniter\CodeIgniter->runController(Object(App\Controllers\Login))
 4 SYSTEMPATH\CodeIgniter.php(349): CodeIgniter\CodeIgniter->handleRequest(null, Object(Config\Cache), false)
 5 FCPATH\index.php(55): CodeIgniter\CodeIgniter->run()
