CRITICAL - 2022-07-14 01:10:04 --> Undefined variable: usuarios
in APPPATH\Views\usuarios\registro_usuarios.php on line 145.
 1 APPPATH\Views\usuarios\registro_usuarios.php(145): CodeIgniter\Debug\Exceptions->errorHandler(8, 'Undefined variable: usuarios', 'APPPATH\\Views\\usuarios\\registro_usuarios.php', 145, [...])
 2 SYSTEMPATH\View\View.php(213): include('APPPATH\\Views\\usuarios\\registro_usuarios.php')
 3 SYSTEMPATH\View\View.php(216): CodeIgniter\View\View->CodeIgniter\View\{closure}()
 4 SYSTEMPATH\Common.php(1135): CodeIgniter\View\View->render('usuarios/registro_usuarios', [], true)
 5 APPPATH\Controllers\UsuariosController.php(19): view('usuarios/registro_usuarios', [...])
 6 SYSTEMPATH\CodeIgniter.php(896): App\Controllers\UsuariosController->index()
 7 SYSTEMPATH\CodeIgniter.php(466): CodeIgniter\CodeIgniter->runController(Object(App\Controllers\UsuariosController))
 8 SYSTEMPATH\CodeIgniter.php(349): CodeIgniter\CodeIgniter->handleRequest(null, Object(Config\Cache), false)
 9 FCPATH\index.php(55): CodeIgniter\CodeIgniter->run()
CRITICAL - 2022-07-14 01:10:19 --> Undefined variable: usuarios
in APPPATH\Views\usuarios\registro_usuarios.php on line 145.
 1 APPPATH\Views\usuarios\registro_usuarios.php(145): CodeIgniter\Debug\Exceptions->errorHandler(8, 'Undefined variable: usuarios', 'APPPATH\\Views\\usuarios\\registro_usuarios.php', 145, [...])
 2 SYSTEMPATH\View\View.php(213): include('APPPATH\\Views\\usuarios\\registro_usuarios.php')
 3 SYSTEMPATH\View\View.php(216): CodeIgniter\View\View->CodeIgniter\View\{closure}()
 4 SYSTEMPATH\Common.php(1135): CodeIgniter\View\View->render('usuarios/registro_usuarios', [], true)
 5 APPPATH\Controllers\UsuariosController.php(19): view('usuarios/registro_usuarios', [...])
 6 SYSTEMPATH\CodeIgniter.php(896): App\Controllers\UsuariosController->index()
 7 SYSTEMPATH\CodeIgniter.php(466): CodeIgniter\CodeIgniter->runController(Object(App\Controllers\UsuariosController))
 8 SYSTEMPATH\CodeIgniter.php(349): CodeIgniter\CodeIgniter->handleRequest(null, Object(Config\Cache), false)
 9 FCPATH\index.php(55): CodeIgniter\CodeIgniter->run()
CRITICAL - 2022-07-14 01:10:20 --> Undefined variable: usuarios
in APPPATH\Views\usuarios\registro_usuarios.php on line 145.
 1 APPPATH\Views\usuarios\registro_usuarios.php(145): CodeIgniter\Debug\Exceptions->errorHandler(8, 'Undefined variable: usuarios', 'APPPATH\\Views\\usuarios\\registro_usuarios.php', 145, [...])
 2 SYSTEMPATH\View\View.php(213): include('APPPATH\\Views\\usuarios\\registro_usuarios.php')
 3 SYSTEMPATH\View\View.php(216): CodeIgniter\View\View->CodeIgniter\View\{closure}()
 4 SYSTEMPATH\Common.php(1135): CodeIgniter\View\View->render('usuarios/registro_usuarios', [], true)
 5 APPPATH\Controllers\UsuariosController.php(19): view('usuarios/registro_usuarios', [...])
 6 SYSTEMPATH\CodeIgniter.php(896): App\Controllers\UsuariosController->index()
 7 SYSTEMPATH\CodeIgniter.php(466): CodeIgniter\CodeIgniter->runController(Object(App\Controllers\UsuariosController))
 8 SYSTEMPATH\CodeIgniter.php(349): CodeIgniter\CodeIgniter->handleRequest(null, Object(Config\Cache), false)
 9 FCPATH\index.php(55): CodeIgniter\CodeIgniter->run()
CRITICAL - 2022-07-14 01:10:20 --> Undefined variable: usuarios
in APPPATH\Views\usuarios\registro_usuarios.php on line 145.
 1 APPPATH\Views\usuarios\registro_usuarios.php(145): CodeIgniter\Debug\Exceptions->errorHandler(8, 'Undefined variable: usuarios', 'APPPATH\\Views\\usuarios\\registro_usuarios.php', 145, [...])
 2 SYSTEMPATH\View\View.php(213): include('APPPATH\\Views\\usuarios\\registro_usuarios.php')
 3 SYSTEMPATH\View\View.php(216): CodeIgniter\View\View->CodeIgniter\View\{closure}()
 4 SYSTEMPATH\Common.php(1135): CodeIgniter\View\View->render('usuarios/registro_usuarios', [], true)
 5 APPPATH\Controllers\UsuariosController.php(19): view('usuarios/registro_usuarios', [...])
 6 SYSTEMPATH\CodeIgniter.php(896): App\Controllers\UsuariosController->index()
 7 SYSTEMPATH\CodeIgniter.php(466): CodeIgniter\CodeIgniter->runController(Object(App\Controllers\UsuariosController))
 8 SYSTEMPATH\CodeIgniter.php(349): CodeIgniter\CodeIgniter->handleRequest(null, Object(Config\Cache), false)
 9 FCPATH\index.php(55): CodeIgniter\CodeIgniter->run()
CRITICAL - 2022-07-14 01:10:23 --> Undefined variable: usuarios
in APPPATH\Views\usuarios\registro_usuarios.php on line 145.
 1 APPPATH\Views\usuarios\registro_usuarios.php(145): CodeIgniter\Debug\Exceptions->errorHandler(8, 'Undefined variable: usuarios', 'APPPATH\\Views\\usuarios\\registro_usuarios.php', 145, [...])
 2 SYSTEMPATH\View\View.php(213): include('APPPATH\\Views\\usuarios\\registro_usuarios.php')
 3 SYSTEMPATH\View\View.php(216): CodeIgniter\View\View->CodeIgniter\View\{closure}()
 4 SYSTEMPATH\Common.php(1135): CodeIgniter\View\View->render('usuarios/registro_usuarios', [], true)
 5 APPPATH\Controllers\UsuariosController.php(19): view('usuarios/registro_usuarios', [...])
 6 SYSTEMPATH\CodeIgniter.php(896): App\Controllers\UsuariosController->index()
 7 SYSTEMPATH\CodeIgniter.php(466): CodeIgniter\CodeIgniter->runController(Object(App\Controllers\UsuariosController))
 8 SYSTEMPATH\CodeIgniter.php(349): CodeIgniter\CodeIgniter->handleRequest(null, Object(Config\Cache), false)
 9 FCPATH\index.php(55): CodeIgniter\CodeIgniter->run()
CRITICAL - 2022-07-14 01:10:27 --> Undefined variable: usuarios
in APPPATH\Views\usuarios\registro_usuarios.php on line 145.
 1 APPPATH\Views\usuarios\registro_usuarios.php(145): CodeIgniter\Debug\Exceptions->errorHandler(8, 'Undefined variable: usuarios', 'APPPATH\\Views\\usuarios\\registro_usuarios.php', 145, [...])
 2 SYSTEMPATH\View\View.php(213): include('APPPATH\\Views\\usuarios\\registro_usuarios.php')
 3 SYSTEMPATH\View\View.php(216): CodeIgniter\View\View->CodeIgniter\View\{closure}()
 4 SYSTEMPATH\Common.php(1135): CodeIgniter\View\View->render('usuarios/registro_usuarios', [], true)
 5 APPPATH\Controllers\UsuariosController.php(19): view('usuarios/registro_usuarios', [...])
 6 SYSTEMPATH\CodeIgniter.php(896): App\Controllers\UsuariosController->index()
 7 SYSTEMPATH\CodeIgniter.php(466): CodeIgniter\CodeIgniter->runController(Object(App\Controllers\UsuariosController))
 8 SYSTEMPATH\CodeIgniter.php(349): CodeIgniter\CodeIgniter->handleRequest(null, Object(Config\Cache), false)
 9 FCPATH\index.php(55): CodeIgniter\CodeIgniter->run()
CRITICAL - 2022-07-14 01:10:29 --> Undefined variable: usuarios
in APPPATH\Views\usuarios\registro_usuarios.php on line 145.
 1 APPPATH\Views\usuarios\registro_usuarios.php(145): CodeIgniter\Debug\Exceptions->errorHandler(8, 'Undefined variable: usuarios', 'APPPATH\\Views\\usuarios\\registro_usuarios.php', 145, [...])
 2 SYSTEMPATH\View\View.php(213): include('APPPATH\\Views\\usuarios\\registro_usuarios.php')
 3 SYSTEMPATH\View\View.php(216): CodeIgniter\View\View->CodeIgniter\View\{closure}()
 4 SYSTEMPATH\Common.php(1135): CodeIgniter\View\View->render('usuarios/registro_usuarios', [], true)
 5 APPPATH\Controllers\UsuariosController.php(19): view('usuarios/registro_usuarios', [...])
 6 SYSTEMPATH\CodeIgniter.php(896): App\Controllers\UsuariosController->index()
 7 SYSTEMPATH\CodeIgniter.php(466): CodeIgniter\CodeIgniter->runController(Object(App\Controllers\UsuariosController))
 8 SYSTEMPATH\CodeIgniter.php(349): CodeIgniter\CodeIgniter->handleRequest(null, Object(Config\Cache), false)
 9 FCPATH\index.php(55): CodeIgniter\CodeIgniter->run()
CRITICAL - 2022-07-14 01:10:40 --> Undefined variable: usuarios
in APPPATH\Views\usuarios\registro_usuarios.php on line 145.
 1 APPPATH\Views\usuarios\registro_usuarios.php(145): CodeIgniter\Debug\Exceptions->errorHandler(8, 'Undefined variable: usuarios', 'APPPATH\\Views\\usuarios\\registro_usuarios.php', 145, [...])
 2 SYSTEMPATH\View\View.php(213): include('APPPATH\\Views\\usuarios\\registro_usuarios.php')
 3 SYSTEMPATH\View\View.php(216): CodeIgniter\View\View->CodeIgniter\View\{closure}()
 4 SYSTEMPATH\Common.php(1135): CodeIgniter\View\View->render('usuarios/registro_usuarios', [], true)
 5 APPPATH\Controllers\UsuariosController.php(19): view('usuarios/registro_usuarios', [...])
 6 SYSTEMPATH\CodeIgniter.php(896): App\Controllers\UsuariosController->index()
 7 SYSTEMPATH\CodeIgniter.php(466): CodeIgniter\CodeIgniter->runController(Object(App\Controllers\UsuariosController))
 8 SYSTEMPATH\CodeIgniter.php(349): CodeIgniter\CodeIgniter->handleRequest(null, Object(Config\Cache), false)
 9 FCPATH\index.php(55): CodeIgniter\CodeIgniter->run()
CRITICAL - 2022-07-14 01:40:44 --> Undefined offset: 3
in APPPATH\Views\usuarios\registro_usuarios.php on line 145.
 1 APPPATH\Views\usuarios\registro_usuarios.php(145): CodeIgniter\Debug\Exceptions->errorHandler(8, 'Undefined offset: 3', 'APPPATH\\Views\\usuarios\\registro_usuarios.php', 145, [...])
 2 SYSTEMPATH\View\View.php(213): include('APPPATH\\Views\\usuarios\\registro_usuarios.php')
 3 SYSTEMPATH\View\View.php(216): CodeIgniter\View\View->CodeIgniter\View\{closure}()
 4 SYSTEMPATH\Common.php(1135): CodeIgniter\View\View->render('usuarios/registro_usuarios', [], true)
 5 APPPATH\Controllers\UsuariosController.php(19): view('usuarios/registro_usuarios', [...])
 6 SYSTEMPATH\CodeIgniter.php(896): App\Controllers\UsuariosController->index()
 7 SYSTEMPATH\CodeIgniter.php(466): CodeIgniter\CodeIgniter->runController(Object(App\Controllers\UsuariosController))
 8 SYSTEMPATH\CodeIgniter.php(349): CodeIgniter\CodeIgniter->handleRequest(null, Object(Config\Cache), false)
 9 FCPATH\index.php(55): CodeIgniter\CodeIgniter->run()
CRITICAL - 2022-07-14 02:00:25 --> Undefined variable: usuarios
in APPPATH\Views\usuarios\update_usuarios.php on line 265.
 1 APPPATH\Views\usuarios\update_usuarios.php(265): CodeIgniter\Debug\Exceptions->errorHandler(8, 'Undefined variable: usuarios', 'APPPATH\\Views\\usuarios\\update_usuarios.php', 265, [...])
 2 SYSTEMPATH\View\View.php(213): include('APPPATH\\Views\\usuarios\\update_usuarios.php')
 3 SYSTEMPATH\View\View.php(216): CodeIgniter\View\View->CodeIgniter\View\{closure}()
 4 SYSTEMPATH\Common.php(1135): CodeIgniter\View\View->render('usuarios/update_usuarios', [], true)
 5 APPPATH\Controllers\UsuariosController.php(30): view('usuarios/update_usuarios', [...])
 6 SYSTEMPATH\CodeIgniter.php(896): App\Controllers\UsuariosController->editar('1')
 7 SYSTEMPATH\CodeIgniter.php(466): CodeIgniter\CodeIgniter->runController(Object(App\Controllers\UsuariosController))
 8 SYSTEMPATH\CodeIgniter.php(349): CodeIgniter\CodeIgniter->handleRequest(null, Object(Config\Cache), false)
 9 FCPATH\index.php(55): CodeIgniter\CodeIgniter->run()
CRITICAL - 2022-07-14 02:01:00 --> Undefined variable: usuarios
in APPPATH\Views\usuarios\update_usuarios.php on line 266.
 1 APPPATH\Views\usuarios\update_usuarios.php(266): CodeIgniter\Debug\Exceptions->errorHandler(8, 'Undefined variable: usuarios', 'APPPATH\\Views\\usuarios\\update_usuarios.php', 266, [...])
 2 SYSTEMPATH\View\View.php(213): include('APPPATH\\Views\\usuarios\\update_usuarios.php')
 3 SYSTEMPATH\View\View.php(216): CodeIgniter\View\View->CodeIgniter\View\{closure}()
 4 SYSTEMPATH\Common.php(1135): CodeIgniter\View\View->render('usuarios/update_usuarios', [], true)
 5 APPPATH\Controllers\UsuariosController.php(30): view('usuarios/update_usuarios', [...])
 6 SYSTEMPATH\CodeIgniter.php(896): App\Controllers\UsuariosController->editar('1')
 7 SYSTEMPATH\CodeIgniter.php(466): CodeIgniter\CodeIgniter->runController(Object(App\Controllers\UsuariosController))
 8 SYSTEMPATH\CodeIgniter.php(349): CodeIgniter\CodeIgniter->handleRequest(null, Object(Config\Cache), false)
 9 FCPATH\index.php(55): CodeIgniter\CodeIgniter->run()
CRITICAL - 2022-07-14 02:04:20 --> Undefined variable: usuarios
in APPPATH\Views\usuarios\update_usuarios.php on line 265.
 1 APPPATH\Views\usuarios\update_usuarios.php(265): CodeIgniter\Debug\Exceptions->errorHandler(8, 'Undefined variable: usuarios', 'APPPATH\\Views\\usuarios\\update_usuarios.php', 265, [...])
 2 SYSTEMPATH\View\View.php(213): include('APPPATH\\Views\\usuarios\\update_usuarios.php')
 3 SYSTEMPATH\View\View.php(216): CodeIgniter\View\View->CodeIgniter\View\{closure}()
 4 SYSTEMPATH\Common.php(1135): CodeIgniter\View\View->render('usuarios/update_usuarios', [], true)
 5 APPPATH\Controllers\UsuariosController.php(30): view('usuarios/update_usuarios', [...])
 6 SYSTEMPATH\CodeIgniter.php(896): App\Controllers\UsuariosController->editar('1')
 7 SYSTEMPATH\CodeIgniter.php(466): CodeIgniter\CodeIgniter->runController(Object(App\Controllers\UsuariosController))
 8 SYSTEMPATH\CodeIgniter.php(349): CodeIgniter\CodeIgniter->handleRequest(null, Object(Config\Cache), false)
 9 FCPATH\index.php(55): CodeIgniter\CodeIgniter->run()
CRITICAL - 2022-07-14 02:04:27 --> Undefined variable: usuarios
in APPPATH\Views\usuarios\update_usuarios.php on line 265.
 1 APPPATH\Views\usuarios\update_usuarios.php(265): CodeIgniter\Debug\Exceptions->errorHandler(8, 'Undefined variable: usuarios', 'APPPATH\\Views\\usuarios\\update_usuarios.php', 265, [...])
 2 SYSTEMPATH\View\View.php(213): include('APPPATH\\Views\\usuarios\\update_usuarios.php')
 3 SYSTEMPATH\View\View.php(216): CodeIgniter\View\View->CodeIgniter\View\{closure}()
 4 SYSTEMPATH\Common.php(1135): CodeIgniter\View\View->render('usuarios/update_usuarios', [], true)
 5 APPPATH\Controllers\UsuariosController.php(30): view('usuarios/update_usuarios', [...])
 6 SYSTEMPATH\CodeIgniter.php(896): App\Controllers\UsuariosController->editar('1')
 7 SYSTEMPATH\CodeIgniter.php(466): CodeIgniter\CodeIgniter->runController(Object(App\Controllers\UsuariosController))
 8 SYSTEMPATH\CodeIgniter.php(349): CodeIgniter\CodeIgniter->handleRequest(null, Object(Config\Cache), false)
 9 FCPATH\index.php(55): CodeIgniter\CodeIgniter->run()
CRITICAL - 2022-07-14 03:23:51 --> Undefined variable: usuarios
in APPPATH\Views\usuarios\registro_usuarios.php on line 125.
 1 APPPATH\Views\usuarios\registro_usuarios.php(125): CodeIgniter\Debug\Exceptions->errorHandler(8, 'Undefined variable: usuarios', 'APPPATH\\Views\\usuarios\\registro_usuarios.php', 125, [...])
 2 SYSTEMPATH\View\View.php(213): include('APPPATH\\Views\\usuarios\\registro_usuarios.php')
 3 SYSTEMPATH\View\View.php(216): CodeIgniter\View\View->CodeIgniter\View\{closure}()
 4 SYSTEMPATH\Common.php(1135): CodeIgniter\View\View->render('usuarios/registro_usuarios', [], true)
 5 APPPATH\Controllers\UsuariosController.php(20): view('usuarios/registro_usuarios', [...])
 6 SYSTEMPATH\CodeIgniter.php(896): App\Controllers\UsuariosController->index()
 7 SYSTEMPATH\CodeIgniter.php(466): CodeIgniter\CodeIgniter->runController(Object(App\Controllers\UsuariosController))
 8 SYSTEMPATH\CodeIgniter.php(349): CodeIgniter\CodeIgniter->handleRequest(null, Object(Config\Cache), false)
 9 FCPATH\index.php(55): CodeIgniter\CodeIgniter->run()
CRITICAL - 2022-07-14 03:24:15 --> Undefined variable: usuarios
in APPPATH\Views\usuarios\registro_usuarios.php on line 125.
 1 APPPATH\Views\usuarios\registro_usuarios.php(125): CodeIgniter\Debug\Exceptions->errorHandler(8, 'Undefined variable: usuarios', 'APPPATH\\Views\\usuarios\\registro_usuarios.php', 125, [...])
 2 SYSTEMPATH\View\View.php(213): include('APPPATH\\Views\\usuarios\\registro_usuarios.php')
 3 SYSTEMPATH\View\View.php(216): CodeIgniter\View\View->CodeIgniter\View\{closure}()
 4 SYSTEMPATH\Common.php(1135): CodeIgniter\View\View->render('usuarios/registro_usuarios', [], true)
 5 APPPATH\Controllers\UsuariosController.php(20): view('usuarios/registro_usuarios', [...])
 6 SYSTEMPATH\CodeIgniter.php(896): App\Controllers\UsuariosController->index()
 7 SYSTEMPATH\CodeIgniter.php(466): CodeIgniter\CodeIgniter->runController(Object(App\Controllers\UsuariosController))
 8 SYSTEMPATH\CodeIgniter.php(349): CodeIgniter\CodeIgniter->handleRequest(null, Object(Config\Cache), false)
 9 FCPATH\index.php(55): CodeIgniter\CodeIgniter->run()
CRITICAL - 2022-07-14 03:24:33 --> Undefined variable: usuarios
in APPPATH\Views\usuarios\registro_usuarios.php on line 125.
 1 APPPATH\Views\usuarios\registro_usuarios.php(125): CodeIgniter\Debug\Exceptions->errorHandler(8, 'Undefined variable: usuarios', 'APPPATH\\Views\\usuarios\\registro_usuarios.php', 125, [...])
 2 SYSTEMPATH\View\View.php(213): include('APPPATH\\Views\\usuarios\\registro_usuarios.php')
 3 SYSTEMPATH\View\View.php(216): CodeIgniter\View\View->CodeIgniter\View\{closure}()
 4 SYSTEMPATH\Common.php(1135): CodeIgniter\View\View->render('usuarios/registro_usuarios', [], true)
 5 APPPATH\Controllers\UsuariosController.php(20): view('usuarios/registro_usuarios', [...])
 6 SYSTEMPATH\CodeIgniter.php(896): App\Controllers\UsuariosController->index()
 7 SYSTEMPATH\CodeIgniter.php(466): CodeIgniter\CodeIgniter->runController(Object(App\Controllers\UsuariosController))
 8 SYSTEMPATH\CodeIgniter.php(349): CodeIgniter\CodeIgniter->handleRequest(null, Object(Config\Cache), false)
 9 FCPATH\index.php(55): CodeIgniter\CodeIgniter->run()
CRITICAL - 2022-07-14 03:24:34 --> Undefined variable: usuarios
in APPPATH\Views\usuarios\registro_usuarios.php on line 125.
 1 APPPATH\Views\usuarios\registro_usuarios.php(125): CodeIgniter\Debug\Exceptions->errorHandler(8, 'Undefined variable: usuarios', 'APPPATH\\Views\\usuarios\\registro_usuarios.php', 125, [...])
 2 SYSTEMPATH\View\View.php(213): include('APPPATH\\Views\\usuarios\\registro_usuarios.php')
 3 SYSTEMPATH\View\View.php(216): CodeIgniter\View\View->CodeIgniter\View\{closure}()
 4 SYSTEMPATH\Common.php(1135): CodeIgniter\View\View->render('usuarios/registro_usuarios', [], true)
 5 APPPATH\Controllers\UsuariosController.php(20): view('usuarios/registro_usuarios', [...])
 6 SYSTEMPATH\CodeIgniter.php(896): App\Controllers\UsuariosController->index()
 7 SYSTEMPATH\CodeIgniter.php(466): CodeIgniter\CodeIgniter->runController(Object(App\Controllers\UsuariosController))
 8 SYSTEMPATH\CodeIgniter.php(349): CodeIgniter\CodeIgniter->handleRequest(null, Object(Config\Cache), false)
 9 FCPATH\index.php(55): CodeIgniter\CodeIgniter->run()
CRITICAL - 2022-07-14 03:24:34 --> Undefined variable: usuarios
in APPPATH\Views\usuarios\registro_usuarios.php on line 125.
 1 APPPATH\Views\usuarios\registro_usuarios.php(125): CodeIgniter\Debug\Exceptions->errorHandler(8, 'Undefined variable: usuarios', 'APPPATH\\Views\\usuarios\\registro_usuarios.php', 125, [...])
 2 SYSTEMPATH\View\View.php(213): include('APPPATH\\Views\\usuarios\\registro_usuarios.php')
 3 SYSTEMPATH\View\View.php(216): CodeIgniter\View\View->CodeIgniter\View\{closure}()
 4 SYSTEMPATH\Common.php(1135): CodeIgniter\View\View->render('usuarios/registro_usuarios', [], true)
 5 APPPATH\Controllers\UsuariosController.php(20): view('usuarios/registro_usuarios', [...])
 6 SYSTEMPATH\CodeIgniter.php(896): App\Controllers\UsuariosController->index()
 7 SYSTEMPATH\CodeIgniter.php(466): CodeIgniter\CodeIgniter->runController(Object(App\Controllers\UsuariosController))
 8 SYSTEMPATH\CodeIgniter.php(349): CodeIgniter\CodeIgniter->handleRequest(null, Object(Config\Cache), false)
 9 FCPATH\index.php(55): CodeIgniter\CodeIgniter->run()
CRITICAL - 2022-07-14 03:25:32 --> Undefined variable: usuarios
in APPPATH\Views\usuarios\registro_usuarios.php on line 125.
 1 APPPATH\Views\usuarios\registro_usuarios.php(125): CodeIgniter\Debug\Exceptions->errorHandler(8, 'Undefined variable: usuarios', 'APPPATH\\Views\\usuarios\\registro_usuarios.php', 125, [...])
 2 SYSTEMPATH\View\View.php(213): include('APPPATH\\Views\\usuarios\\registro_usuarios.php')
 3 SYSTEMPATH\View\View.php(216): CodeIgniter\View\View->CodeIgniter\View\{closure}()
 4 SYSTEMPATH\Common.php(1135): CodeIgniter\View\View->render('usuarios/registro_usuarios', [], true)
 5 APPPATH\Controllers\UsuariosController.php(20): view('usuarios/registro_usuarios', [...])
 6 SYSTEMPATH\CodeIgniter.php(896): App\Controllers\UsuariosController->index()
 7 SYSTEMPATH\CodeIgniter.php(466): CodeIgniter\CodeIgniter->runController(Object(App\Controllers\UsuariosController))
 8 SYSTEMPATH\CodeIgniter.php(349): CodeIgniter\CodeIgniter->handleRequest(null, Object(Config\Cache), false)
 9 FCPATH\index.php(55): CodeIgniter\CodeIgniter->run()
CRITICAL - 2022-07-14 03:31:26 --> Undefined variable: usuarios
in APPPATH\Views\usuarios\registro_usuarios.php on line 127.
 1 APPPATH\Views\usuarios\registro_usuarios.php(127): CodeIgniter\Debug\Exceptions->errorHandler(8, 'Undefined variable: usuarios', 'APPPATH\\Views\\usuarios\\registro_usuarios.php', 127, [...])
 2 SYSTEMPATH\View\View.php(213): include('APPPATH\\Views\\usuarios\\registro_usuarios.php')
 3 SYSTEMPATH\View\View.php(216): CodeIgniter\View\View->CodeIgniter\View\{closure}()
 4 SYSTEMPATH\Common.php(1135): CodeIgniter\View\View->render('usuarios/registro_usuarios', [], true)
 5 APPPATH\Controllers\UsuariosController.php(20): view('usuarios/registro_usuarios', [...])
 6 SYSTEMPATH\CodeIgniter.php(896): App\Controllers\UsuariosController->index()
 7 SYSTEMPATH\CodeIgniter.php(466): CodeIgniter\CodeIgniter->runController(Object(App\Controllers\UsuariosController))
 8 SYSTEMPATH\CodeIgniter.php(349): CodeIgniter\CodeIgniter->handleRequest(null, Object(Config\Cache), false)
 9 FCPATH\index.php(55): CodeIgniter\CodeIgniter->run()
