CRITICAL - 2022-07-09 10:37:33 --> Declaration of App\Controllers\Login::validate() must be compatible with CodeIgniter\Controller::validate($rules, array $messages = Array): bool
in APPPATH\Controllers\Login.php on line 13.
 1 [internal function]: CodeIgniter\Debug\Exceptions->shutdownHandler()
CRITICAL - 2022-07-09 10:37:40 --> Declaration of App\Controllers\Login::validate() must be compatible with CodeIgniter\Controller::validate($rules, array $messages = Array): bool
in APPPATH\Controllers\Login.php on line 13.
 1 [internal function]: CodeIgniter\Debug\Exceptions->shutdownHandler()
CRITICAL - 2022-07-09 10:38:07 --> Cannot call constructor
in APPPATH\Controllers\Login.php on line 8.
 1 SYSTEMPATH\CodeIgniter.php(858): App\Controllers\Login->__construct()
 2 SYSTEMPATH\CodeIgniter.php(457): CodeIgniter\CodeIgniter->createController()
 3 SYSTEMPATH\CodeIgniter.php(349): CodeIgniter\CodeIgniter->handleRequest(null, Object(Config\Cache), false)
 4 FCPATH\index.php(55): CodeIgniter\CodeIgniter->run()
CRITICAL - 2022-07-09 10:38:08 --> Cannot call constructor
in APPPATH\Controllers\Login.php on line 8.
 1 SYSTEMPATH\CodeIgniter.php(858): App\Controllers\Login->__construct()
 2 SYSTEMPATH\CodeIgniter.php(457): CodeIgniter\CodeIgniter->createController()
 3 SYSTEMPATH\CodeIgniter.php(349): CodeIgniter\CodeIgniter->handleRequest(null, Object(Config\Cache), false)
 4 FCPATH\index.php(55): CodeIgniter\CodeIgniter->run()
CRITICAL - 2022-07-09 10:38:08 --> Cannot call constructor
in APPPATH\Controllers\Login.php on line 8.
 1 SYSTEMPATH\CodeIgniter.php(858): App\Controllers\Login->__construct()
 2 SYSTEMPATH\CodeIgniter.php(457): CodeIgniter\CodeIgniter->createController()
 3 SYSTEMPATH\CodeIgniter.php(349): CodeIgniter\CodeIgniter->handleRequest(null, Object(Config\Cache), false)
 4 FCPATH\index.php(55): CodeIgniter\CodeIgniter->run()
CRITICAL - 2022-07-09 11:15:58 --> Undefined variable: mensaje
in APPPATH\Views\login-view.php on line 82.
 1 APPPATH\Views\login-view.php(82): CodeIgniter\Debug\Exceptions->errorHandler(8, 'Undefined variable: mensaje', 'APPPATH\\Views\\login-view.php', 82, [])
 2 SYSTEMPATH\View\View.php(213): include('APPPATH\\Views\\login-view.php')
 3 SYSTEMPATH\View\View.php(216): CodeIgniter\View\View->CodeIgniter\View\{closure}()
 4 SYSTEMPATH\Common.php(1135): CodeIgniter\View\View->render('login-view', [], true)
 5 APPPATH\Controllers\Login.php(11): view('login-view')
 6 SYSTEMPATH\CodeIgniter.php(896): App\Controllers\Login->index()
 7 SYSTEMPATH\CodeIgniter.php(466): CodeIgniter\CodeIgniter->runController(Object(App\Controllers\Login))
 8 SYSTEMPATH\CodeIgniter.php(349): CodeIgniter\CodeIgniter->handleRequest(null, Object(Config\Cache), false)
 9 FCPATH\index.php(55): CodeIgniter\CodeIgniter->run()
CRITICAL - 2022-07-09 11:15:58 --> Undefined variable: mensaje
in APPPATH\Views\login-view.php on line 82.
 1 APPPATH\Views\login-view.php(82): CodeIgniter\Debug\Exceptions->errorHandler(8, 'Undefined variable: mensaje', 'APPPATH\\Views\\login-view.php', 82, [])
 2 SYSTEMPATH\View\View.php(213): include('APPPATH\\Views\\login-view.php')
 3 SYSTEMPATH\View\View.php(216): CodeIgniter\View\View->CodeIgniter\View\{closure}()
 4 SYSTEMPATH\Common.php(1135): CodeIgniter\View\View->render('login-view', [], true)
 5 APPPATH\Controllers\Login.php(11): view('login-view')
 6 SYSTEMPATH\CodeIgniter.php(896): App\Controllers\Login->index()
 7 SYSTEMPATH\CodeIgniter.php(466): CodeIgniter\CodeIgniter->runController(Object(App\Controllers\Login))
 8 SYSTEMPATH\CodeIgniter.php(349): CodeIgniter\CodeIgniter->handleRequest(null, Object(Config\Cache), false)
 9 FCPATH\index.php(55): CodeIgniter\CodeIgniter->run()
CRITICAL - 2022-07-09 11:16:08 --> Undefined variable: mensaje
in APPPATH\Views\login-view.php on line 82.
 1 APPPATH\Views\login-view.php(82): CodeIgniter\Debug\Exceptions->errorHandler(8, 'Undefined variable: mensaje', 'APPPATH\\Views\\login-view.php', 82, [])
 2 SYSTEMPATH\View\View.php(213): include('APPPATH\\Views\\login-view.php')
 3 SYSTEMPATH\View\View.php(216): CodeIgniter\View\View->CodeIgniter\View\{closure}()
 4 SYSTEMPATH\Common.php(1135): CodeIgniter\View\View->render('login-view', [], true)
 5 APPPATH\Controllers\Login.php(11): view('login-view')
 6 SYSTEMPATH\CodeIgniter.php(896): App\Controllers\Login->index()
 7 SYSTEMPATH\CodeIgniter.php(466): CodeIgniter\CodeIgniter->runController(Object(App\Controllers\Login))
 8 SYSTEMPATH\CodeIgniter.php(349): CodeIgniter\CodeIgniter->handleRequest(null, Object(Config\Cache), false)
 9 FCPATH\index.php(55): CodeIgniter\CodeIgniter->run()
CRITICAL - 2022-07-09 11:16:34 --> Undefined variable: mensaje
in APPPATH\Views\login-view.php on line 82.
 1 APPPATH\Views\login-view.php(82): CodeIgniter\Debug\Exceptions->errorHandler(8, 'Undefined variable: mensaje', 'APPPATH\\Views\\login-view.php', 82, [])
 2 SYSTEMPATH\View\View.php(213): include('APPPATH\\Views\\login-view.php')
 3 SYSTEMPATH\View\View.php(216): CodeIgniter\View\View->CodeIgniter\View\{closure}()
 4 SYSTEMPATH\Common.php(1135): CodeIgniter\View\View->render('login-view', [], true)
 5 APPPATH\Controllers\Login.php(11): view('login-view')
 6 SYSTEMPATH\CodeIgniter.php(896): App\Controllers\Login->index()
 7 SYSTEMPATH\CodeIgniter.php(466): CodeIgniter\CodeIgniter->runController(Object(App\Controllers\Login))
 8 SYSTEMPATH\CodeIgniter.php(349): CodeIgniter\CodeIgniter->handleRequest(null, Object(Config\Cache), false)
 9 FCPATH\index.php(55): CodeIgniter\CodeIgniter->run()
CRITICAL - 2022-07-09 11:16:35 --> Undefined variable: mensaje
in APPPATH\Views\login-view.php on line 82.
 1 APPPATH\Views\login-view.php(82): CodeIgniter\Debug\Exceptions->errorHandler(8, 'Undefined variable: mensaje', 'APPPATH\\Views\\login-view.php', 82, [])
 2 SYSTEMPATH\View\View.php(213): include('APPPATH\\Views\\login-view.php')
 3 SYSTEMPATH\View\View.php(216): CodeIgniter\View\View->CodeIgniter\View\{closure}()
 4 SYSTEMPATH\Common.php(1135): CodeIgniter\View\View->render('login-view', [], true)
 5 APPPATH\Controllers\Login.php(11): view('login-view')
 6 SYSTEMPATH\CodeIgniter.php(896): App\Controllers\Login->index()
 7 SYSTEMPATH\CodeIgniter.php(466): CodeIgniter\CodeIgniter->runController(Object(App\Controllers\Login))
 8 SYSTEMPATH\CodeIgniter.php(349): CodeIgniter\CodeIgniter->handleRequest(null, Object(Config\Cache), false)
 9 FCPATH\index.php(55): CodeIgniter\CodeIgniter->run()
CRITICAL - 2022-07-09 11:16:35 --> Undefined variable: mensaje
in APPPATH\Views\login-view.php on line 82.
 1 APPPATH\Views\login-view.php(82): CodeIgniter\Debug\Exceptions->errorHandler(8, 'Undefined variable: mensaje', 'APPPATH\\Views\\login-view.php', 82, [])
 2 SYSTEMPATH\View\View.php(213): include('APPPATH\\Views\\login-view.php')
 3 SYSTEMPATH\View\View.php(216): CodeIgniter\View\View->CodeIgniter\View\{closure}()
 4 SYSTEMPATH\Common.php(1135): CodeIgniter\View\View->render('login-view', [], true)
 5 APPPATH\Controllers\Login.php(11): view('login-view')
 6 SYSTEMPATH\CodeIgniter.php(896): App\Controllers\Login->index()
 7 SYSTEMPATH\CodeIgniter.php(466): CodeIgniter\CodeIgniter->runController(Object(App\Controllers\Login))
 8 SYSTEMPATH\CodeIgniter.php(349): CodeIgniter\CodeIgniter->handleRequest(null, Object(Config\Cache), false)
 9 FCPATH\index.php(55): CodeIgniter\CodeIgniter->run()
CRITICAL - 2022-07-09 11:16:35 --> Undefined variable: mensaje
in APPPATH\Views\login-view.php on line 82.
 1 APPPATH\Views\login-view.php(82): CodeIgniter\Debug\Exceptions->errorHandler(8, 'Undefined variable: mensaje', 'APPPATH\\Views\\login-view.php', 82, [])
 2 SYSTEMPATH\View\View.php(213): include('APPPATH\\Views\\login-view.php')
 3 SYSTEMPATH\View\View.php(216): CodeIgniter\View\View->CodeIgniter\View\{closure}()
 4 SYSTEMPATH\Common.php(1135): CodeIgniter\View\View->render('login-view', [], true)
 5 APPPATH\Controllers\Login.php(11): view('login-view')
 6 SYSTEMPATH\CodeIgniter.php(896): App\Controllers\Login->index()
 7 SYSTEMPATH\CodeIgniter.php(466): CodeIgniter\CodeIgniter->runController(Object(App\Controllers\Login))
 8 SYSTEMPATH\CodeIgniter.php(349): CodeIgniter\CodeIgniter->handleRequest(null, Object(Config\Cache), false)
 9 FCPATH\index.php(55): CodeIgniter\CodeIgniter->run()
CRITICAL - 2022-07-09 11:16:35 --> Undefined variable: mensaje
in APPPATH\Views\login-view.php on line 82.
 1 APPPATH\Views\login-view.php(82): CodeIgniter\Debug\Exceptions->errorHandler(8, 'Undefined variable: mensaje', 'APPPATH\\Views\\login-view.php', 82, [])
 2 SYSTEMPATH\View\View.php(213): include('APPPATH\\Views\\login-view.php')
 3 SYSTEMPATH\View\View.php(216): CodeIgniter\View\View->CodeIgniter\View\{closure}()
 4 SYSTEMPATH\Common.php(1135): CodeIgniter\View\View->render('login-view', [], true)
 5 APPPATH\Controllers\Login.php(11): view('login-view')
 6 SYSTEMPATH\CodeIgniter.php(896): App\Controllers\Login->index()
 7 SYSTEMPATH\CodeIgniter.php(466): CodeIgniter\CodeIgniter->runController(Object(App\Controllers\Login))
 8 SYSTEMPATH\CodeIgniter.php(349): CodeIgniter\CodeIgniter->handleRequest(null, Object(Config\Cache), false)
 9 FCPATH\index.php(55): CodeIgniter\CodeIgniter->run()
CRITICAL - 2022-07-09 11:16:35 --> Undefined variable: mensaje
in APPPATH\Views\login-view.php on line 82.
 1 APPPATH\Views\login-view.php(82): CodeIgniter\Debug\Exceptions->errorHandler(8, 'Undefined variable: mensaje', 'APPPATH\\Views\\login-view.php', 82, [])
 2 SYSTEMPATH\View\View.php(213): include('APPPATH\\Views\\login-view.php')
 3 SYSTEMPATH\View\View.php(216): CodeIgniter\View\View->CodeIgniter\View\{closure}()
 4 SYSTEMPATH\Common.php(1135): CodeIgniter\View\View->render('login-view', [], true)
 5 APPPATH\Controllers\Login.php(11): view('login-view')
 6 SYSTEMPATH\CodeIgniter.php(896): App\Controllers\Login->index()
 7 SYSTEMPATH\CodeIgniter.php(466): CodeIgniter\CodeIgniter->runController(Object(App\Controllers\Login))
 8 SYSTEMPATH\CodeIgniter.php(349): CodeIgniter\CodeIgniter->handleRequest(null, Object(Config\Cache), false)
 9 FCPATH\index.php(55): CodeIgniter\CodeIgniter->run()
CRITICAL - 2022-07-09 11:16:35 --> Undefined variable: mensaje
in APPPATH\Views\login-view.php on line 82.
 1 APPPATH\Views\login-view.php(82): CodeIgniter\Debug\Exceptions->errorHandler(8, 'Undefined variable: mensaje', 'APPPATH\\Views\\login-view.php', 82, [])
 2 SYSTEMPATH\View\View.php(213): include('APPPATH\\Views\\login-view.php')
 3 SYSTEMPATH\View\View.php(216): CodeIgniter\View\View->CodeIgniter\View\{closure}()
 4 SYSTEMPATH\Common.php(1135): CodeIgniter\View\View->render('login-view', [], true)
 5 APPPATH\Controllers\Login.php(11): view('login-view')
 6 SYSTEMPATH\CodeIgniter.php(896): App\Controllers\Login->index()
 7 SYSTEMPATH\CodeIgniter.php(466): CodeIgniter\CodeIgniter->runController(Object(App\Controllers\Login))
 8 SYSTEMPATH\CodeIgniter.php(349): CodeIgniter\CodeIgniter->handleRequest(null, Object(Config\Cache), false)
 9 FCPATH\index.php(55): CodeIgniter\CodeIgniter->run()
CRITICAL - 2022-07-09 11:16:41 --> Undefined variable: mensaje
in APPPATH\Views\login-view.php on line 82.
 1 APPPATH\Views\login-view.php(82): CodeIgniter\Debug\Exceptions->errorHandler(8, 'Undefined variable: mensaje', 'APPPATH\\Views\\login-view.php', 82, [])
 2 SYSTEMPATH\View\View.php(213): include('APPPATH\\Views\\login-view.php')
 3 SYSTEMPATH\View\View.php(216): CodeIgniter\View\View->CodeIgniter\View\{closure}()
 4 SYSTEMPATH\Common.php(1135): CodeIgniter\View\View->render('login-view', [], true)
 5 APPPATH\Controllers\Login.php(11): view('login-view')
 6 SYSTEMPATH\CodeIgniter.php(896): App\Controllers\Login->index()
 7 SYSTEMPATH\CodeIgniter.php(466): CodeIgniter\CodeIgniter->runController(Object(App\Controllers\Login))
 8 SYSTEMPATH\CodeIgniter.php(349): CodeIgniter\CodeIgniter->handleRequest(null, Object(Config\Cache), false)
 9 FCPATH\index.php(55): CodeIgniter\CodeIgniter->run()
CRITICAL - 2022-07-09 11:17:01 --> Undefined variable: mensaje
in APPPATH\Views\login-view.php on line 82.
 1 APPPATH\Views\login-view.php(82): CodeIgniter\Debug\Exceptions->errorHandler(8, 'Undefined variable: mensaje', 'APPPATH\\Views\\login-view.php', 82, [])
 2 SYSTEMPATH\View\View.php(213): include('APPPATH\\Views\\login-view.php')
 3 SYSTEMPATH\View\View.php(216): CodeIgniter\View\View->CodeIgniter\View\{closure}()
 4 SYSTEMPATH\Common.php(1135): CodeIgniter\View\View->render('login-view', [], true)
 5 APPPATH\Controllers\Login.php(11): view('login-view')
 6 SYSTEMPATH\CodeIgniter.php(896): App\Controllers\Login->index()
 7 SYSTEMPATH\CodeIgniter.php(466): CodeIgniter\CodeIgniter->runController(Object(App\Controllers\Login))
 8 SYSTEMPATH\CodeIgniter.php(349): CodeIgniter\CodeIgniter->handleRequest(null, Object(Config\Cache), false)
 9 FCPATH\index.php(55): CodeIgniter\CodeIgniter->run()
CRITICAL - 2022-07-09 11:17:01 --> Undefined variable: mensaje
in APPPATH\Views\login-view.php on line 82.
 1 APPPATH\Views\login-view.php(82): CodeIgniter\Debug\Exceptions->errorHandler(8, 'Undefined variable: mensaje', 'APPPATH\\Views\\login-view.php', 82, [])
 2 SYSTEMPATH\View\View.php(213): include('APPPATH\\Views\\login-view.php')
 3 SYSTEMPATH\View\View.php(216): CodeIgniter\View\View->CodeIgniter\View\{closure}()
 4 SYSTEMPATH\Common.php(1135): CodeIgniter\View\View->render('login-view', [], true)
 5 APPPATH\Controllers\Login.php(11): view('login-view')
 6 SYSTEMPATH\CodeIgniter.php(896): App\Controllers\Login->index()
 7 SYSTEMPATH\CodeIgniter.php(466): CodeIgniter\CodeIgniter->runController(Object(App\Controllers\Login))
 8 SYSTEMPATH\CodeIgniter.php(349): CodeIgniter\CodeIgniter->handleRequest(null, Object(Config\Cache), false)
 9 FCPATH\index.php(55): CodeIgniter\CodeIgniter->run()
CRITICAL - 2022-07-09 11:17:02 --> Undefined variable: mensaje
in APPPATH\Views\login-view.php on line 82.
 1 APPPATH\Views\login-view.php(82): CodeIgniter\Debug\Exceptions->errorHandler(8, 'Undefined variable: mensaje', 'APPPATH\\Views\\login-view.php', 82, [])
 2 SYSTEMPATH\View\View.php(213): include('APPPATH\\Views\\login-view.php')
 3 SYSTEMPATH\View\View.php(216): CodeIgniter\View\View->CodeIgniter\View\{closure}()
 4 SYSTEMPATH\Common.php(1135): CodeIgniter\View\View->render('login-view', [], true)
 5 APPPATH\Controllers\Login.php(11): view('login-view')
 6 SYSTEMPATH\CodeIgniter.php(896): App\Controllers\Login->index()
 7 SYSTEMPATH\CodeIgniter.php(466): CodeIgniter\CodeIgniter->runController(Object(App\Controllers\Login))
 8 SYSTEMPATH\CodeIgniter.php(349): CodeIgniter\CodeIgniter->handleRequest(null, Object(Config\Cache), false)
 9 FCPATH\index.php(55): CodeIgniter\CodeIgniter->run()
CRITICAL - 2022-07-09 11:17:02 --> Undefined variable: mensaje
in APPPATH\Views\login-view.php on line 82.
 1 APPPATH\Views\login-view.php(82): CodeIgniter\Debug\Exceptions->errorHandler(8, 'Undefined variable: mensaje', 'APPPATH\\Views\\login-view.php', 82, [])
 2 SYSTEMPATH\View\View.php(213): include('APPPATH\\Views\\login-view.php')
 3 SYSTEMPATH\View\View.php(216): CodeIgniter\View\View->CodeIgniter\View\{closure}()
 4 SYSTEMPATH\Common.php(1135): CodeIgniter\View\View->render('login-view', [], true)
 5 APPPATH\Controllers\Login.php(11): view('login-view')
 6 SYSTEMPATH\CodeIgniter.php(896): App\Controllers\Login->index()
 7 SYSTEMPATH\CodeIgniter.php(466): CodeIgniter\CodeIgniter->runController(Object(App\Controllers\Login))
 8 SYSTEMPATH\CodeIgniter.php(349): CodeIgniter\CodeIgniter->handleRequest(null, Object(Config\Cache), false)
 9 FCPATH\index.php(55): CodeIgniter\CodeIgniter->run()
CRITICAL - 2022-07-09 11:17:02 --> Undefined variable: mensaje
in APPPATH\Views\login-view.php on line 82.
 1 APPPATH\Views\login-view.php(82): CodeIgniter\Debug\Exceptions->errorHandler(8, 'Undefined variable: mensaje', 'APPPATH\\Views\\login-view.php', 82, [])
 2 SYSTEMPATH\View\View.php(213): include('APPPATH\\Views\\login-view.php')
 3 SYSTEMPATH\View\View.php(216): CodeIgniter\View\View->CodeIgniter\View\{closure}()
 4 SYSTEMPATH\Common.php(1135): CodeIgniter\View\View->render('login-view', [], true)
 5 APPPATH\Controllers\Login.php(11): view('login-view')
 6 SYSTEMPATH\CodeIgniter.php(896): App\Controllers\Login->index()
 7 SYSTEMPATH\CodeIgniter.php(466): CodeIgniter\CodeIgniter->runController(Object(App\Controllers\Login))
 8 SYSTEMPATH\CodeIgniter.php(349): CodeIgniter\CodeIgniter->handleRequest(null, Object(Config\Cache), false)
 9 FCPATH\index.php(55): CodeIgniter\CodeIgniter->run()
CRITICAL - 2022-07-09 11:17:02 --> Undefined variable: mensaje
in APPPATH\Views\login-view.php on line 82.
 1 APPPATH\Views\login-view.php(82): CodeIgniter\Debug\Exceptions->errorHandler(8, 'Undefined variable: mensaje', 'APPPATH\\Views\\login-view.php', 82, [])
 2 SYSTEMPATH\View\View.php(213): include('APPPATH\\Views\\login-view.php')
 3 SYSTEMPATH\View\View.php(216): CodeIgniter\View\View->CodeIgniter\View\{closure}()
 4 SYSTEMPATH\Common.php(1135): CodeIgniter\View\View->render('login-view', [], true)
 5 APPPATH\Controllers\Login.php(11): view('login-view')
 6 SYSTEMPATH\CodeIgniter.php(896): App\Controllers\Login->index()
 7 SYSTEMPATH\CodeIgniter.php(466): CodeIgniter\CodeIgniter->runController(Object(App\Controllers\Login))
 8 SYSTEMPATH\CodeIgniter.php(349): CodeIgniter\CodeIgniter->handleRequest(null, Object(Config\Cache), false)
 9 FCPATH\index.php(55): CodeIgniter\CodeIgniter->run()
CRITICAL - 2022-07-09 11:17:02 --> Undefined variable: mensaje
in APPPATH\Views\login-view.php on line 82.
 1 APPPATH\Views\login-view.php(82): CodeIgniter\Debug\Exceptions->errorHandler(8, 'Undefined variable: mensaje', 'APPPATH\\Views\\login-view.php', 82, [])
 2 SYSTEMPATH\View\View.php(213): include('APPPATH\\Views\\login-view.php')
 3 SYSTEMPATH\View\View.php(216): CodeIgniter\View\View->CodeIgniter\View\{closure}()
 4 SYSTEMPATH\Common.php(1135): CodeIgniter\View\View->render('login-view', [], true)
 5 APPPATH\Controllers\Login.php(11): view('login-view')
 6 SYSTEMPATH\CodeIgniter.php(896): App\Controllers\Login->index()
 7 SYSTEMPATH\CodeIgniter.php(466): CodeIgniter\CodeIgniter->runController(Object(App\Controllers\Login))
 8 SYSTEMPATH\CodeIgniter.php(349): CodeIgniter\CodeIgniter->handleRequest(null, Object(Config\Cache), false)
 9 FCPATH\index.php(55): CodeIgniter\CodeIgniter->run()
CRITICAL - 2022-07-09 11:17:02 --> Undefined variable: mensaje
in APPPATH\Views\login-view.php on line 82.
 1 APPPATH\Views\login-view.php(82): CodeIgniter\Debug\Exceptions->errorHandler(8, 'Undefined variable: mensaje', 'APPPATH\\Views\\login-view.php', 82, [])
 2 SYSTEMPATH\View\View.php(213): include('APPPATH\\Views\\login-view.php')
 3 SYSTEMPATH\View\View.php(216): CodeIgniter\View\View->CodeIgniter\View\{closure}()
 4 SYSTEMPATH\Common.php(1135): CodeIgniter\View\View->render('login-view', [], true)
 5 APPPATH\Controllers\Login.php(11): view('login-view')
 6 SYSTEMPATH\CodeIgniter.php(896): App\Controllers\Login->index()
 7 SYSTEMPATH\CodeIgniter.php(466): CodeIgniter\CodeIgniter->runController(Object(App\Controllers\Login))
 8 SYSTEMPATH\CodeIgniter.php(349): CodeIgniter\CodeIgniter->handleRequest(null, Object(Config\Cache), false)
 9 FCPATH\index.php(55): CodeIgniter\CodeIgniter->run()
CRITICAL - 2022-07-09 11:17:25 --> Undefined variable: mensaje
in APPPATH\Views\login-view.php on line 82.
 1 APPPATH\Views\login-view.php(82): CodeIgniter\Debug\Exceptions->errorHandler(8, 'Undefined variable: mensaje', 'APPPATH\\Views\\login-view.php', 82, [])
 2 SYSTEMPATH\View\View.php(213): include('APPPATH\\Views\\login-view.php')
 3 SYSTEMPATH\View\View.php(216): CodeIgniter\View\View->CodeIgniter\View\{closure}()
 4 SYSTEMPATH\Common.php(1135): CodeIgniter\View\View->render('login-view', [], true)
 5 APPPATH\Controllers\Login.php(11): view('login-view')
 6 SYSTEMPATH\CodeIgniter.php(896): App\Controllers\Login->index()
 7 SYSTEMPATH\CodeIgniter.php(466): CodeIgniter\CodeIgniter->runController(Object(App\Controllers\Login))
 8 SYSTEMPATH\CodeIgniter.php(349): CodeIgniter\CodeIgniter->handleRequest(null, Object(Config\Cache), false)
 9 FCPATH\index.php(55): CodeIgniter\CodeIgniter->run()
CRITICAL - 2022-07-09 11:17:26 --> Undefined variable: mensaje
in APPPATH\Views\login-view.php on line 82.
 1 APPPATH\Views\login-view.php(82): CodeIgniter\Debug\Exceptions->errorHandler(8, 'Undefined variable: mensaje', 'APPPATH\\Views\\login-view.php', 82, [])
 2 SYSTEMPATH\View\View.php(213): include('APPPATH\\Views\\login-view.php')
 3 SYSTEMPATH\View\View.php(216): CodeIgniter\View\View->CodeIgniter\View\{closure}()
 4 SYSTEMPATH\Common.php(1135): CodeIgniter\View\View->render('login-view', [], true)
 5 APPPATH\Controllers\Login.php(11): view('login-view')
 6 SYSTEMPATH\CodeIgniter.php(896): App\Controllers\Login->index()
 7 SYSTEMPATH\CodeIgniter.php(466): CodeIgniter\CodeIgniter->runController(Object(App\Controllers\Login))
 8 SYSTEMPATH\CodeIgniter.php(349): CodeIgniter\CodeIgniter->handleRequest(null, Object(Config\Cache), false)
 9 FCPATH\index.php(55): CodeIgniter\CodeIgniter->run()
CRITICAL - 2022-07-09 11:17:26 --> Undefined variable: mensaje
in APPPATH\Views\login-view.php on line 82.
 1 APPPATH\Views\login-view.php(82): CodeIgniter\Debug\Exceptions->errorHandler(8, 'Undefined variable: mensaje', 'APPPATH\\Views\\login-view.php', 82, [])
 2 SYSTEMPATH\View\View.php(213): include('APPPATH\\Views\\login-view.php')
 3 SYSTEMPATH\View\View.php(216): CodeIgniter\View\View->CodeIgniter\View\{closure}()
 4 SYSTEMPATH\Common.php(1135): CodeIgniter\View\View->render('login-view', [], true)
 5 APPPATH\Controllers\Login.php(11): view('login-view')
 6 SYSTEMPATH\CodeIgniter.php(896): App\Controllers\Login->index()
 7 SYSTEMPATH\CodeIgniter.php(466): CodeIgniter\CodeIgniter->runController(Object(App\Controllers\Login))
 8 SYSTEMPATH\CodeIgniter.php(349): CodeIgniter\CodeIgniter->handleRequest(null, Object(Config\Cache), false)
 9 FCPATH\index.php(55): CodeIgniter\CodeIgniter->run()
CRITICAL - 2022-07-09 11:17:26 --> Undefined variable: mensaje
in APPPATH\Views\login-view.php on line 82.
 1 APPPATH\Views\login-view.php(82): CodeIgniter\Debug\Exceptions->errorHandler(8, 'Undefined variable: mensaje', 'APPPATH\\Views\\login-view.php', 82, [])
 2 SYSTEMPATH\View\View.php(213): include('APPPATH\\Views\\login-view.php')
 3 SYSTEMPATH\View\View.php(216): CodeIgniter\View\View->CodeIgniter\View\{closure}()
 4 SYSTEMPATH\Common.php(1135): CodeIgniter\View\View->render('login-view', [], true)
 5 APPPATH\Controllers\Login.php(11): view('login-view')
 6 SYSTEMPATH\CodeIgniter.php(896): App\Controllers\Login->index()
 7 SYSTEMPATH\CodeIgniter.php(466): CodeIgniter\CodeIgniter->runController(Object(App\Controllers\Login))
 8 SYSTEMPATH\CodeIgniter.php(349): CodeIgniter\CodeIgniter->handleRequest(null, Object(Config\Cache), false)
 9 FCPATH\index.php(55): CodeIgniter\CodeIgniter->run()
CRITICAL - 2022-07-09 11:22:09 --> Undefined variable: mensaje
in APPPATH\Views\login-view.php on line 82.
 1 APPPATH\Views\login-view.php(82): CodeIgniter\Debug\Exceptions->errorHandler(8, 'Undefined variable: mensaje', 'APPPATH\\Views\\login-view.php', 82, [])
 2 SYSTEMPATH\View\View.php(213): include('APPPATH\\Views\\login-view.php')
 3 SYSTEMPATH\View\View.php(216): CodeIgniter\View\View->CodeIgniter\View\{closure}()
 4 SYSTEMPATH\Common.php(1135): CodeIgniter\View\View->render('login-view', [], true)
 5 APPPATH\Controllers\Login.php(12): view('login-view')
 6 SYSTEMPATH\CodeIgniter.php(896): App\Controllers\Login->index()
 7 SYSTEMPATH\CodeIgniter.php(466): CodeIgniter\CodeIgniter->runController(Object(App\Controllers\Login))
 8 SYSTEMPATH\CodeIgniter.php(349): CodeIgniter\CodeIgniter->handleRequest(null, Object(Config\Cache), false)
 9 FCPATH\index.php(55): CodeIgniter\CodeIgniter->run()
CRITICAL - 2022-07-09 11:22:09 --> Undefined variable: mensaje
in APPPATH\Views\login-view.php on line 82.
 1 APPPATH\Views\login-view.php(82): CodeIgniter\Debug\Exceptions->errorHandler(8, 'Undefined variable: mensaje', 'APPPATH\\Views\\login-view.php', 82, [])
 2 SYSTEMPATH\View\View.php(213): include('APPPATH\\Views\\login-view.php')
 3 SYSTEMPATH\View\View.php(216): CodeIgniter\View\View->CodeIgniter\View\{closure}()
 4 SYSTEMPATH\Common.php(1135): CodeIgniter\View\View->render('login-view', [], true)
 5 APPPATH\Controllers\Login.php(12): view('login-view')
 6 SYSTEMPATH\CodeIgniter.php(896): App\Controllers\Login->index()
 7 SYSTEMPATH\CodeIgniter.php(466): CodeIgniter\CodeIgniter->runController(Object(App\Controllers\Login))
 8 SYSTEMPATH\CodeIgniter.php(349): CodeIgniter\CodeIgniter->handleRequest(null, Object(Config\Cache), false)
 9 FCPATH\index.php(55): CodeIgniter\CodeIgniter->run()
CRITICAL - 2022-07-09 11:22:09 --> Undefined variable: mensaje
in APPPATH\Views\login-view.php on line 82.
 1 APPPATH\Views\login-view.php(82): CodeIgniter\Debug\Exceptions->errorHandler(8, 'Undefined variable: mensaje', 'APPPATH\\Views\\login-view.php', 82, [])
 2 SYSTEMPATH\View\View.php(213): include('APPPATH\\Views\\login-view.php')
 3 SYSTEMPATH\View\View.php(216): CodeIgniter\View\View->CodeIgniter\View\{closure}()
 4 SYSTEMPATH\Common.php(1135): CodeIgniter\View\View->render('login-view', [], true)
 5 APPPATH\Controllers\Login.php(12): view('login-view')
 6 SYSTEMPATH\CodeIgniter.php(896): App\Controllers\Login->index()
 7 SYSTEMPATH\CodeIgniter.php(466): CodeIgniter\CodeIgniter->runController(Object(App\Controllers\Login))
 8 SYSTEMPATH\CodeIgniter.php(349): CodeIgniter\CodeIgniter->handleRequest(null, Object(Config\Cache), false)
 9 FCPATH\index.php(55): CodeIgniter\CodeIgniter->run()
CRITICAL - 2022-07-09 11:22:13 --> Undefined variable: mensaje
in APPPATH\Views\login-view.php on line 82.
 1 APPPATH\Views\login-view.php(82): CodeIgniter\Debug\Exceptions->errorHandler(8, 'Undefined variable: mensaje', 'APPPATH\\Views\\login-view.php', 82, [])
 2 SYSTEMPATH\View\View.php(213): include('APPPATH\\Views\\login-view.php')
 3 SYSTEMPATH\View\View.php(216): CodeIgniter\View\View->CodeIgniter\View\{closure}()
 4 SYSTEMPATH\Common.php(1135): CodeIgniter\View\View->render('login-view', [], true)
 5 APPPATH\Controllers\Login.php(12): view('login-view')
 6 SYSTEMPATH\CodeIgniter.php(896): App\Controllers\Login->index()
 7 SYSTEMPATH\CodeIgniter.php(466): CodeIgniter\CodeIgniter->runController(Object(App\Controllers\Login))
 8 SYSTEMPATH\CodeIgniter.php(349): CodeIgniter\CodeIgniter->handleRequest(null, Object(Config\Cache), false)
 9 FCPATH\index.php(55): CodeIgniter\CodeIgniter->run()
CRITICAL - 2022-07-09 11:24:33 --> Undefined variable: mensaje
in APPPATH\Views\login-view.php on line 82.
 1 APPPATH\Views\login-view.php(82): CodeIgniter\Debug\Exceptions->errorHandler(8, 'Undefined variable: mensaje', 'APPPATH\\Views\\login-view.php', 82, [])
 2 SYSTEMPATH\View\View.php(213): include('APPPATH\\Views\\login-view.php')
 3 SYSTEMPATH\View\View.php(216): CodeIgniter\View\View->CodeIgniter\View\{closure}()
 4 SYSTEMPATH\Common.php(1135): CodeIgniter\View\View->render('login-view', [], true)
 5 APPPATH\Controllers\Login.php(12): view('login-view')
 6 SYSTEMPATH\CodeIgniter.php(896): App\Controllers\Login->index()
 7 SYSTEMPATH\CodeIgniter.php(466): CodeIgniter\CodeIgniter->runController(Object(App\Controllers\Login))
 8 SYSTEMPATH\CodeIgniter.php(349): CodeIgniter\CodeIgniter->handleRequest(null, Object(Config\Cache), false)
 9 FCPATH\index.php(55): CodeIgniter\CodeIgniter->run()
CRITICAL - 2022-07-09 11:25:24 --> Undefined variable: mensaje
in APPPATH\Views\login-view.php on line 82.
 1 APPPATH\Views\login-view.php(82): CodeIgniter\Debug\Exceptions->errorHandler(8, 'Undefined variable: mensaje', 'APPPATH\\Views\\login-view.php', 82, [])
 2 SYSTEMPATH\View\View.php(213): include('APPPATH\\Views\\login-view.php')
 3 SYSTEMPATH\View\View.php(216): CodeIgniter\View\View->CodeIgniter\View\{closure}()
 4 SYSTEMPATH\Common.php(1135): CodeIgniter\View\View->render('login-view', [], true)
 5 APPPATH\Controllers\Login.php(12): view('login-view')
 6 SYSTEMPATH\CodeIgniter.php(896): App\Controllers\Login->index()
 7 SYSTEMPATH\CodeIgniter.php(466): CodeIgniter\CodeIgniter->runController(Object(App\Controllers\Login))
 8 SYSTEMPATH\CodeIgniter.php(349): CodeIgniter\CodeIgniter->handleRequest(null, Object(Config\Cache), false)
 9 FCPATH\index.php(55): CodeIgniter\CodeIgniter->run()
CRITICAL - 2022-07-09 11:25:24 --> Undefined variable: mensaje
in APPPATH\Views\login-view.php on line 82.
 1 APPPATH\Views\login-view.php(82): CodeIgniter\Debug\Exceptions->errorHandler(8, 'Undefined variable: mensaje', 'APPPATH\\Views\\login-view.php', 82, [])
 2 SYSTEMPATH\View\View.php(213): include('APPPATH\\Views\\login-view.php')
 3 SYSTEMPATH\View\View.php(216): CodeIgniter\View\View->CodeIgniter\View\{closure}()
 4 SYSTEMPATH\Common.php(1135): CodeIgniter\View\View->render('login-view', [], true)
 5 APPPATH\Controllers\Login.php(12): view('login-view')
 6 SYSTEMPATH\CodeIgniter.php(896): App\Controllers\Login->index()
 7 SYSTEMPATH\CodeIgniter.php(466): CodeIgniter\CodeIgniter->runController(Object(App\Controllers\Login))
 8 SYSTEMPATH\CodeIgniter.php(349): CodeIgniter\CodeIgniter->handleRequest(null, Object(Config\Cache), false)
 9 FCPATH\index.php(55): CodeIgniter\CodeIgniter->run()
CRITICAL - 2022-07-09 11:25:47 --> Undefined variable: mensaje
in APPPATH\Views\login-view.php on line 82.
 1 APPPATH\Views\login-view.php(82): CodeIgniter\Debug\Exceptions->errorHandler(8, 'Undefined variable: mensaje', 'APPPATH\\Views\\login-view.php', 82, [])
 2 SYSTEMPATH\View\View.php(213): include('APPPATH\\Views\\login-view.php')
 3 SYSTEMPATH\View\View.php(216): CodeIgniter\View\View->CodeIgniter\View\{closure}()
 4 SYSTEMPATH\Common.php(1135): CodeIgniter\View\View->render('login-view', [], true)
 5 APPPATH\Controllers\Login.php(12): view('login-view')
 6 SYSTEMPATH\CodeIgniter.php(896): App\Controllers\Login->index()
 7 SYSTEMPATH\CodeIgniter.php(466): CodeIgniter\CodeIgniter->runController(Object(App\Controllers\Login))
 8 SYSTEMPATH\CodeIgniter.php(349): CodeIgniter\CodeIgniter->handleRequest(null, Object(Config\Cache), false)
 9 FCPATH\index.php(55): CodeIgniter\CodeIgniter->run()
CRITICAL - 2022-07-09 11:25:48 --> Undefined variable: mensaje
in APPPATH\Views\login-view.php on line 82.
 1 APPPATH\Views\login-view.php(82): CodeIgniter\Debug\Exceptions->errorHandler(8, 'Undefined variable: mensaje', 'APPPATH\\Views\\login-view.php', 82, [])
 2 SYSTEMPATH\View\View.php(213): include('APPPATH\\Views\\login-view.php')
 3 SYSTEMPATH\View\View.php(216): CodeIgniter\View\View->CodeIgniter\View\{closure}()
 4 SYSTEMPATH\Common.php(1135): CodeIgniter\View\View->render('login-view', [], true)
 5 APPPATH\Controllers\Login.php(12): view('login-view')
 6 SYSTEMPATH\CodeIgniter.php(896): App\Controllers\Login->index()
 7 SYSTEMPATH\CodeIgniter.php(466): CodeIgniter\CodeIgniter->runController(Object(App\Controllers\Login))
 8 SYSTEMPATH\CodeIgniter.php(349): CodeIgniter\CodeIgniter->handleRequest(null, Object(Config\Cache), false)
 9 FCPATH\index.php(55): CodeIgniter\CodeIgniter->run()
CRITICAL - 2022-07-09 11:25:48 --> Undefined variable: mensaje
in APPPATH\Views\login-view.php on line 82.
 1 APPPATH\Views\login-view.php(82): CodeIgniter\Debug\Exceptions->errorHandler(8, 'Undefined variable: mensaje', 'APPPATH\\Views\\login-view.php', 82, [])
 2 SYSTEMPATH\View\View.php(213): include('APPPATH\\Views\\login-view.php')
 3 SYSTEMPATH\View\View.php(216): CodeIgniter\View\View->CodeIgniter\View\{closure}()
 4 SYSTEMPATH\Common.php(1135): CodeIgniter\View\View->render('login-view', [], true)
 5 APPPATH\Controllers\Login.php(12): view('login-view')
 6 SYSTEMPATH\CodeIgniter.php(896): App\Controllers\Login->index()
 7 SYSTEMPATH\CodeIgniter.php(466): CodeIgniter\CodeIgniter->runController(Object(App\Controllers\Login))
 8 SYSTEMPATH\CodeIgniter.php(349): CodeIgniter\CodeIgniter->handleRequest(null, Object(Config\Cache), false)
 9 FCPATH\index.php(55): CodeIgniter\CodeIgniter->run()
CRITICAL - 2022-07-09 11:25:49 --> Undefined variable: mensaje
in APPPATH\Views\login-view.php on line 82.
 1 APPPATH\Views\login-view.php(82): CodeIgniter\Debug\Exceptions->errorHandler(8, 'Undefined variable: mensaje', 'APPPATH\\Views\\login-view.php', 82, [])
 2 SYSTEMPATH\View\View.php(213): include('APPPATH\\Views\\login-view.php')
 3 SYSTEMPATH\View\View.php(216): CodeIgniter\View\View->CodeIgniter\View\{closure}()
 4 SYSTEMPATH\Common.php(1135): CodeIgniter\View\View->render('login-view', [], true)
 5 APPPATH\Controllers\Login.php(12): view('login-view')
 6 SYSTEMPATH\CodeIgniter.php(896): App\Controllers\Login->index()
 7 SYSTEMPATH\CodeIgniter.php(466): CodeIgniter\CodeIgniter->runController(Object(App\Controllers\Login))
 8 SYSTEMPATH\CodeIgniter.php(349): CodeIgniter\CodeIgniter->handleRequest(null, Object(Config\Cache), false)
 9 FCPATH\index.php(55): CodeIgniter\CodeIgniter->run()
CRITICAL - 2022-07-09 11:26:41 --> Undefined variable: mensaje
in APPPATH\Controllers\Login.php on line 34.
 1 APPPATH\Controllers\Login.php(34): CodeIgniter\Debug\Exceptions->errorHandler(8, 'Undefined variable: mensaje', 'APPPATH\\Controllers\\Login.php', 34, [...])
 2 SYSTEMPATH\CodeIgniter.php(896): App\Controllers\Login->login()
 3 SYSTEMPATH\CodeIgniter.php(466): CodeIgniter\CodeIgniter->runController(Object(App\Controllers\Login))
 4 SYSTEMPATH\CodeIgniter.php(349): CodeIgniter\CodeIgniter->handleRequest(null, Object(Config\Cache), false)
 5 FCPATH\index.php(55): CodeIgniter\CodeIgniter->run()
CRITICAL - 2022-07-09 11:28:26 --> Undefined variable: mensaje
in APPPATH\Views\login-view.php on line 82.
 1 APPPATH\Views\login-view.php(82): CodeIgniter\Debug\Exceptions->errorHandler(8, 'Undefined variable: mensaje', 'APPPATH\\Views\\login-view.php', 82, [])
 2 SYSTEMPATH\View\View.php(213): include('APPPATH\\Views\\login-view.php')
 3 SYSTEMPATH\View\View.php(216): CodeIgniter\View\View->CodeIgniter\View\{closure}()
 4 SYSTEMPATH\Common.php(1135): CodeIgniter\View\View->render('login-view', [], true)
 5 APPPATH\Controllers\Login.php(12): view('login-view')
 6 SYSTEMPATH\CodeIgniter.php(896): App\Controllers\Login->index()
 7 SYSTEMPATH\CodeIgniter.php(466): CodeIgniter\CodeIgniter->runController(Object(App\Controllers\Login))
 8 SYSTEMPATH\CodeIgniter.php(349): CodeIgniter\CodeIgniter->handleRequest(null, Object(Config\Cache), false)
 9 FCPATH\index.php(55): CodeIgniter\CodeIgniter->run()
CRITICAL - 2022-07-09 11:28:45 --> Undefined variable: mensaje
in APPPATH\Views\login-view.php on line 82.
 1 APPPATH\Views\login-view.php(82): CodeIgniter\Debug\Exceptions->errorHandler(8, 'Undefined variable: mensaje', 'APPPATH\\Views\\login-view.php', 82, [])
 2 SYSTEMPATH\View\View.php(213): include('APPPATH\\Views\\login-view.php')
 3 SYSTEMPATH\View\View.php(216): CodeIgniter\View\View->CodeIgniter\View\{closure}()
 4 SYSTEMPATH\Common.php(1135): CodeIgniter\View\View->render('login-view', [], true)
 5 APPPATH\Controllers\Login.php(11): view('login-view')
 6 SYSTEMPATH\CodeIgniter.php(896): App\Controllers\Login->index()
 7 SYSTEMPATH\CodeIgniter.php(466): CodeIgniter\CodeIgniter->runController(Object(App\Controllers\Login))
 8 SYSTEMPATH\CodeIgniter.php(349): CodeIgniter\CodeIgniter->handleRequest(null, Object(Config\Cache), false)
 9 FCPATH\index.php(55): CodeIgniter\CodeIgniter->run()
CRITICAL - 2022-07-09 11:28:45 --> Undefined variable: mensaje
in APPPATH\Views\login-view.php on line 82.
 1 APPPATH\Views\login-view.php(82): CodeIgniter\Debug\Exceptions->errorHandler(8, 'Undefined variable: mensaje', 'APPPATH\\Views\\login-view.php', 82, [])
 2 SYSTEMPATH\View\View.php(213): include('APPPATH\\Views\\login-view.php')
 3 SYSTEMPATH\View\View.php(216): CodeIgniter\View\View->CodeIgniter\View\{closure}()
 4 SYSTEMPATH\Common.php(1135): CodeIgniter\View\View->render('login-view', [], true)
 5 APPPATH\Controllers\Login.php(11): view('login-view')
 6 SYSTEMPATH\CodeIgniter.php(896): App\Controllers\Login->index()
 7 SYSTEMPATH\CodeIgniter.php(466): CodeIgniter\CodeIgniter->runController(Object(App\Controllers\Login))
 8 SYSTEMPATH\CodeIgniter.php(349): CodeIgniter\CodeIgniter->handleRequest(null, Object(Config\Cache), false)
 9 FCPATH\index.php(55): CodeIgniter\CodeIgniter->run()
CRITICAL - 2022-07-09 11:28:46 --> Undefined variable: mensaje
in APPPATH\Views\login-view.php on line 82.
 1 APPPATH\Views\login-view.php(82): CodeIgniter\Debug\Exceptions->errorHandler(8, 'Undefined variable: mensaje', 'APPPATH\\Views\\login-view.php', 82, [])
 2 SYSTEMPATH\View\View.php(213): include('APPPATH\\Views\\login-view.php')
 3 SYSTEMPATH\View\View.php(216): CodeIgniter\View\View->CodeIgniter\View\{closure}()
 4 SYSTEMPATH\Common.php(1135): CodeIgniter\View\View->render('login-view', [], true)
 5 APPPATH\Controllers\Login.php(11): view('login-view')
 6 SYSTEMPATH\CodeIgniter.php(896): App\Controllers\Login->index()
 7 SYSTEMPATH\CodeIgniter.php(466): CodeIgniter\CodeIgniter->runController(Object(App\Controllers\Login))
 8 SYSTEMPATH\CodeIgniter.php(349): CodeIgniter\CodeIgniter->handleRequest(null, Object(Config\Cache), false)
 9 FCPATH\index.php(55): CodeIgniter\CodeIgniter->run()
CRITICAL - 2022-07-09 11:28:46 --> Undefined variable: mensaje
in APPPATH\Views\login-view.php on line 82.
 1 APPPATH\Views\login-view.php(82): CodeIgniter\Debug\Exceptions->errorHandler(8, 'Undefined variable: mensaje', 'APPPATH\\Views\\login-view.php', 82, [])
 2 SYSTEMPATH\View\View.php(213): include('APPPATH\\Views\\login-view.php')
 3 SYSTEMPATH\View\View.php(216): CodeIgniter\View\View->CodeIgniter\View\{closure}()
 4 SYSTEMPATH\Common.php(1135): CodeIgniter\View\View->render('login-view', [], true)
 5 APPPATH\Controllers\Login.php(11): view('login-view')
 6 SYSTEMPATH\CodeIgniter.php(896): App\Controllers\Login->index()
 7 SYSTEMPATH\CodeIgniter.php(466): CodeIgniter\CodeIgniter->runController(Object(App\Controllers\Login))
 8 SYSTEMPATH\CodeIgniter.php(349): CodeIgniter\CodeIgniter->handleRequest(null, Object(Config\Cache), false)
 9 FCPATH\index.php(55): CodeIgniter\CodeIgniter->run()
CRITICAL - 2022-07-09 11:28:46 --> Undefined variable: mensaje
in APPPATH\Views\login-view.php on line 82.
 1 APPPATH\Views\login-view.php(82): CodeIgniter\Debug\Exceptions->errorHandler(8, 'Undefined variable: mensaje', 'APPPATH\\Views\\login-view.php', 82, [])
 2 SYSTEMPATH\View\View.php(213): include('APPPATH\\Views\\login-view.php')
 3 SYSTEMPATH\View\View.php(216): CodeIgniter\View\View->CodeIgniter\View\{closure}()
 4 SYSTEMPATH\Common.php(1135): CodeIgniter\View\View->render('login-view', [], true)
 5 APPPATH\Controllers\Login.php(11): view('login-view')
 6 SYSTEMPATH\CodeIgniter.php(896): App\Controllers\Login->index()
 7 SYSTEMPATH\CodeIgniter.php(466): CodeIgniter\CodeIgniter->runController(Object(App\Controllers\Login))
 8 SYSTEMPATH\CodeIgniter.php(349): CodeIgniter\CodeIgniter->handleRequest(null, Object(Config\Cache), false)
 9 FCPATH\index.php(55): CodeIgniter\CodeIgniter->run()
CRITICAL - 2022-07-09 11:28:47 --> Undefined variable: mensaje
in APPPATH\Views\login-view.php on line 82.
 1 APPPATH\Views\login-view.php(82): CodeIgniter\Debug\Exceptions->errorHandler(8, 'Undefined variable: mensaje', 'APPPATH\\Views\\login-view.php', 82, [])
 2 SYSTEMPATH\View\View.php(213): include('APPPATH\\Views\\login-view.php')
 3 SYSTEMPATH\View\View.php(216): CodeIgniter\View\View->CodeIgniter\View\{closure}()
 4 SYSTEMPATH\Common.php(1135): CodeIgniter\View\View->render('login-view', [], true)
 5 APPPATH\Controllers\Login.php(11): view('login-view')
 6 SYSTEMPATH\CodeIgniter.php(896): App\Controllers\Login->index()
 7 SYSTEMPATH\CodeIgniter.php(466): CodeIgniter\CodeIgniter->runController(Object(App\Controllers\Login))
 8 SYSTEMPATH\CodeIgniter.php(349): CodeIgniter\CodeIgniter->handleRequest(null, Object(Config\Cache), false)
 9 FCPATH\index.php(55): CodeIgniter\CodeIgniter->run()
CRITICAL - 2022-07-09 11:28:47 --> Undefined variable: mensaje
in APPPATH\Views\login-view.php on line 82.
 1 APPPATH\Views\login-view.php(82): CodeIgniter\Debug\Exceptions->errorHandler(8, 'Undefined variable: mensaje', 'APPPATH\\Views\\login-view.php', 82, [])
 2 SYSTEMPATH\View\View.php(213): include('APPPATH\\Views\\login-view.php')
 3 SYSTEMPATH\View\View.php(216): CodeIgniter\View\View->CodeIgniter\View\{closure}()
 4 SYSTEMPATH\Common.php(1135): CodeIgniter\View\View->render('login-view', [], true)
 5 APPPATH\Controllers\Login.php(11): view('login-view')
 6 SYSTEMPATH\CodeIgniter.php(896): App\Controllers\Login->index()
 7 SYSTEMPATH\CodeIgniter.php(466): CodeIgniter\CodeIgniter->runController(Object(App\Controllers\Login))
 8 SYSTEMPATH\CodeIgniter.php(349): CodeIgniter\CodeIgniter->handleRequest(null, Object(Config\Cache), false)
 9 FCPATH\index.php(55): CodeIgniter\CodeIgniter->run()
CRITICAL - 2022-07-09 11:28:47 --> Undefined variable: mensaje
in APPPATH\Views\login-view.php on line 82.
 1 APPPATH\Views\login-view.php(82): CodeIgniter\Debug\Exceptions->errorHandler(8, 'Undefined variable: mensaje', 'APPPATH\\Views\\login-view.php', 82, [])
 2 SYSTEMPATH\View\View.php(213): include('APPPATH\\Views\\login-view.php')
 3 SYSTEMPATH\View\View.php(216): CodeIgniter\View\View->CodeIgniter\View\{closure}()
 4 SYSTEMPATH\Common.php(1135): CodeIgniter\View\View->render('login-view', [], true)
 5 APPPATH\Controllers\Login.php(11): view('login-view')
 6 SYSTEMPATH\CodeIgniter.php(896): App\Controllers\Login->index()
 7 SYSTEMPATH\CodeIgniter.php(466): CodeIgniter\CodeIgniter->runController(Object(App\Controllers\Login))
 8 SYSTEMPATH\CodeIgniter.php(349): CodeIgniter\CodeIgniter->handleRequest(null, Object(Config\Cache), false)
 9 FCPATH\index.php(55): CodeIgniter\CodeIgniter->run()
CRITICAL - 2022-07-09 11:28:48 --> Undefined variable: mensaje
in APPPATH\Views\login-view.php on line 82.
 1 APPPATH\Views\login-view.php(82): CodeIgniter\Debug\Exceptions->errorHandler(8, 'Undefined variable: mensaje', 'APPPATH\\Views\\login-view.php', 82, [])
 2 SYSTEMPATH\View\View.php(213): include('APPPATH\\Views\\login-view.php')
 3 SYSTEMPATH\View\View.php(216): CodeIgniter\View\View->CodeIgniter\View\{closure}()
 4 SYSTEMPATH\Common.php(1135): CodeIgniter\View\View->render('login-view', [], true)
 5 APPPATH\Controllers\Login.php(11): view('login-view')
 6 SYSTEMPATH\CodeIgniter.php(896): App\Controllers\Login->index()
 7 SYSTEMPATH\CodeIgniter.php(466): CodeIgniter\CodeIgniter->runController(Object(App\Controllers\Login))
 8 SYSTEMPATH\CodeIgniter.php(349): CodeIgniter\CodeIgniter->handleRequest(null, Object(Config\Cache), false)
 9 FCPATH\index.php(55): CodeIgniter\CodeIgniter->run()
CRITICAL - 2022-07-09 11:28:48 --> Undefined variable: mensaje
in APPPATH\Views\login-view.php on line 82.
 1 APPPATH\Views\login-view.php(82): CodeIgniter\Debug\Exceptions->errorHandler(8, 'Undefined variable: mensaje', 'APPPATH\\Views\\login-view.php', 82, [])
 2 SYSTEMPATH\View\View.php(213): include('APPPATH\\Views\\login-view.php')
 3 SYSTEMPATH\View\View.php(216): CodeIgniter\View\View->CodeIgniter\View\{closure}()
 4 SYSTEMPATH\Common.php(1135): CodeIgniter\View\View->render('login-view', [], true)
 5 APPPATH\Controllers\Login.php(11): view('login-view')
 6 SYSTEMPATH\CodeIgniter.php(896): App\Controllers\Login->index()
 7 SYSTEMPATH\CodeIgniter.php(466): CodeIgniter\CodeIgniter->runController(Object(App\Controllers\Login))
 8 SYSTEMPATH\CodeIgniter.php(349): CodeIgniter\CodeIgniter->handleRequest(null, Object(Config\Cache), false)
 9 FCPATH\index.php(55): CodeIgniter\CodeIgniter->run()
CRITICAL - 2022-07-09 11:28:48 --> Undefined variable: mensaje
in APPPATH\Views\login-view.php on line 82.
 1 APPPATH\Views\login-view.php(82): CodeIgniter\Debug\Exceptions->errorHandler(8, 'Undefined variable: mensaje', 'APPPATH\\Views\\login-view.php', 82, [])
 2 SYSTEMPATH\View\View.php(213): include('APPPATH\\Views\\login-view.php')
 3 SYSTEMPATH\View\View.php(216): CodeIgniter\View\View->CodeIgniter\View\{closure}()
 4 SYSTEMPATH\Common.php(1135): CodeIgniter\View\View->render('login-view', [], true)
 5 APPPATH\Controllers\Login.php(11): view('login-view')
 6 SYSTEMPATH\CodeIgniter.php(896): App\Controllers\Login->index()
 7 SYSTEMPATH\CodeIgniter.php(466): CodeIgniter\CodeIgniter->runController(Object(App\Controllers\Login))
 8 SYSTEMPATH\CodeIgniter.php(349): CodeIgniter\CodeIgniter->handleRequest(null, Object(Config\Cache), false)
 9 FCPATH\index.php(55): CodeIgniter\CodeIgniter->run()
CRITICAL - 2022-07-09 11:28:48 --> Undefined variable: mensaje
in APPPATH\Views\login-view.php on line 82.
 1 APPPATH\Views\login-view.php(82): CodeIgniter\Debug\Exceptions->errorHandler(8, 'Undefined variable: mensaje', 'APPPATH\\Views\\login-view.php', 82, [])
 2 SYSTEMPATH\View\View.php(213): include('APPPATH\\Views\\login-view.php')
 3 SYSTEMPATH\View\View.php(216): CodeIgniter\View\View->CodeIgniter\View\{closure}()
 4 SYSTEMPATH\Common.php(1135): CodeIgniter\View\View->render('login-view', [], true)
 5 APPPATH\Controllers\Login.php(11): view('login-view')
 6 SYSTEMPATH\CodeIgniter.php(896): App\Controllers\Login->index()
 7 SYSTEMPATH\CodeIgniter.php(466): CodeIgniter\CodeIgniter->runController(Object(App\Controllers\Login))
 8 SYSTEMPATH\CodeIgniter.php(349): CodeIgniter\CodeIgniter->handleRequest(null, Object(Config\Cache), false)
 9 FCPATH\index.php(55): CodeIgniter\CodeIgniter->run()
CRITICAL - 2022-07-09 11:28:48 --> Undefined variable: mensaje
in APPPATH\Views\login-view.php on line 82.
 1 APPPATH\Views\login-view.php(82): CodeIgniter\Debug\Exceptions->errorHandler(8, 'Undefined variable: mensaje', 'APPPATH\\Views\\login-view.php', 82, [])
 2 SYSTEMPATH\View\View.php(213): include('APPPATH\\Views\\login-view.php')
 3 SYSTEMPATH\View\View.php(216): CodeIgniter\View\View->CodeIgniter\View\{closure}()
 4 SYSTEMPATH\Common.php(1135): CodeIgniter\View\View->render('login-view', [], true)
 5 APPPATH\Controllers\Login.php(11): view('login-view')
 6 SYSTEMPATH\CodeIgniter.php(896): App\Controllers\Login->index()
 7 SYSTEMPATH\CodeIgniter.php(466): CodeIgniter\CodeIgniter->runController(Object(App\Controllers\Login))
 8 SYSTEMPATH\CodeIgniter.php(349): CodeIgniter\CodeIgniter->handleRequest(null, Object(Config\Cache), false)
 9 FCPATH\index.php(55): CodeIgniter\CodeIgniter->run()
CRITICAL - 2022-07-09 11:28:48 --> Undefined variable: mensaje
in APPPATH\Views\login-view.php on line 82.
 1 APPPATH\Views\login-view.php(82): CodeIgniter\Debug\Exceptions->errorHandler(8, 'Undefined variable: mensaje', 'APPPATH\\Views\\login-view.php', 82, [])
 2 SYSTEMPATH\View\View.php(213): include('APPPATH\\Views\\login-view.php')
 3 SYSTEMPATH\View\View.php(216): CodeIgniter\View\View->CodeIgniter\View\{closure}()
 4 SYSTEMPATH\Common.php(1135): CodeIgniter\View\View->render('login-view', [], true)
 5 APPPATH\Controllers\Login.php(11): view('login-view')
 6 SYSTEMPATH\CodeIgniter.php(896): App\Controllers\Login->index()
 7 SYSTEMPATH\CodeIgniter.php(466): CodeIgniter\CodeIgniter->runController(Object(App\Controllers\Login))
 8 SYSTEMPATH\CodeIgniter.php(349): CodeIgniter\CodeIgniter->handleRequest(null, Object(Config\Cache), false)
 9 FCPATH\index.php(55): CodeIgniter\CodeIgniter->run()
CRITICAL - 2022-07-09 11:28:49 --> Undefined variable: mensaje
in APPPATH\Views\login-view.php on line 82.
 1 APPPATH\Views\login-view.php(82): CodeIgniter\Debug\Exceptions->errorHandler(8, 'Undefined variable: mensaje', 'APPPATH\\Views\\login-view.php', 82, [])
 2 SYSTEMPATH\View\View.php(213): include('APPPATH\\Views\\login-view.php')
 3 SYSTEMPATH\View\View.php(216): CodeIgniter\View\View->CodeIgniter\View\{closure}()
 4 SYSTEMPATH\Common.php(1135): CodeIgniter\View\View->render('login-view', [], true)
 5 APPPATH\Controllers\Login.php(11): view('login-view')
 6 SYSTEMPATH\CodeIgniter.php(896): App\Controllers\Login->index()
 7 SYSTEMPATH\CodeIgniter.php(466): CodeIgniter\CodeIgniter->runController(Object(App\Controllers\Login))
 8 SYSTEMPATH\CodeIgniter.php(349): CodeIgniter\CodeIgniter->handleRequest(null, Object(Config\Cache), false)
 9 FCPATH\index.php(55): CodeIgniter\CodeIgniter->run()
CRITICAL - 2022-07-09 11:28:49 --> Undefined variable: mensaje
in APPPATH\Views\login-view.php on line 82.
 1 APPPATH\Views\login-view.php(82): CodeIgniter\Debug\Exceptions->errorHandler(8, 'Undefined variable: mensaje', 'APPPATH\\Views\\login-view.php', 82, [])
 2 SYSTEMPATH\View\View.php(213): include('APPPATH\\Views\\login-view.php')
 3 SYSTEMPATH\View\View.php(216): CodeIgniter\View\View->CodeIgniter\View\{closure}()
 4 SYSTEMPATH\Common.php(1135): CodeIgniter\View\View->render('login-view', [], true)
 5 APPPATH\Controllers\Login.php(11): view('login-view')
 6 SYSTEMPATH\CodeIgniter.php(896): App\Controllers\Login->index()
 7 SYSTEMPATH\CodeIgniter.php(466): CodeIgniter\CodeIgniter->runController(Object(App\Controllers\Login))
 8 SYSTEMPATH\CodeIgniter.php(349): CodeIgniter\CodeIgniter->handleRequest(null, Object(Config\Cache), false)
 9 FCPATH\index.php(55): CodeIgniter\CodeIgniter->run()
CRITICAL - 2022-07-09 11:28:49 --> Undefined variable: mensaje
in APPPATH\Views\login-view.php on line 82.
 1 APPPATH\Views\login-view.php(82): CodeIgniter\Debug\Exceptions->errorHandler(8, 'Undefined variable: mensaje', 'APPPATH\\Views\\login-view.php', 82, [])
 2 SYSTEMPATH\View\View.php(213): include('APPPATH\\Views\\login-view.php')
 3 SYSTEMPATH\View\View.php(216): CodeIgniter\View\View->CodeIgniter\View\{closure}()
 4 SYSTEMPATH\Common.php(1135): CodeIgniter\View\View->render('login-view', [], true)
 5 APPPATH\Controllers\Login.php(11): view('login-view')
 6 SYSTEMPATH\CodeIgniter.php(896): App\Controllers\Login->index()
 7 SYSTEMPATH\CodeIgniter.php(466): CodeIgniter\CodeIgniter->runController(Object(App\Controllers\Login))
 8 SYSTEMPATH\CodeIgniter.php(349): CodeIgniter\CodeIgniter->handleRequest(null, Object(Config\Cache), false)
 9 FCPATH\index.php(55): CodeIgniter\CodeIgniter->run()
CRITICAL - 2022-07-09 11:28:49 --> Undefined variable: mensaje
in APPPATH\Views\login-view.php on line 82.
 1 APPPATH\Views\login-view.php(82): CodeIgniter\Debug\Exceptions->errorHandler(8, 'Undefined variable: mensaje', 'APPPATH\\Views\\login-view.php', 82, [])
 2 SYSTEMPATH\View\View.php(213): include('APPPATH\\Views\\login-view.php')
 3 SYSTEMPATH\View\View.php(216): CodeIgniter\View\View->CodeIgniter\View\{closure}()
 4 SYSTEMPATH\Common.php(1135): CodeIgniter\View\View->render('login-view', [], true)
 5 APPPATH\Controllers\Login.php(11): view('login-view')
 6 SYSTEMPATH\CodeIgniter.php(896): App\Controllers\Login->index()
 7 SYSTEMPATH\CodeIgniter.php(466): CodeIgniter\CodeIgniter->runController(Object(App\Controllers\Login))
 8 SYSTEMPATH\CodeIgniter.php(349): CodeIgniter\CodeIgniter->handleRequest(null, Object(Config\Cache), false)
 9 FCPATH\index.php(55): CodeIgniter\CodeIgniter->run()
CRITICAL - 2022-07-09 11:28:49 --> Undefined variable: mensaje
in APPPATH\Views\login-view.php on line 82.
 1 APPPATH\Views\login-view.php(82): CodeIgniter\Debug\Exceptions->errorHandler(8, 'Undefined variable: mensaje', 'APPPATH\\Views\\login-view.php', 82, [])
 2 SYSTEMPATH\View\View.php(213): include('APPPATH\\Views\\login-view.php')
 3 SYSTEMPATH\View\View.php(216): CodeIgniter\View\View->CodeIgniter\View\{closure}()
 4 SYSTEMPATH\Common.php(1135): CodeIgniter\View\View->render('login-view', [], true)
 5 APPPATH\Controllers\Login.php(11): view('login-view')
 6 SYSTEMPATH\CodeIgniter.php(896): App\Controllers\Login->index()
 7 SYSTEMPATH\CodeIgniter.php(466): CodeIgniter\CodeIgniter->runController(Object(App\Controllers\Login))
 8 SYSTEMPATH\CodeIgniter.php(349): CodeIgniter\CodeIgniter->handleRequest(null, Object(Config\Cache), false)
 9 FCPATH\index.php(55): CodeIgniter\CodeIgniter->run()
CRITICAL - 2022-07-09 11:28:49 --> Undefined variable: mensaje
in APPPATH\Views\login-view.php on line 82.
 1 APPPATH\Views\login-view.php(82): CodeIgniter\Debug\Exceptions->errorHandler(8, 'Undefined variable: mensaje', 'APPPATH\\Views\\login-view.php', 82, [])
 2 SYSTEMPATH\View\View.php(213): include('APPPATH\\Views\\login-view.php')
 3 SYSTEMPATH\View\View.php(216): CodeIgniter\View\View->CodeIgniter\View\{closure}()
 4 SYSTEMPATH\Common.php(1135): CodeIgniter\View\View->render('login-view', [], true)
 5 APPPATH\Controllers\Login.php(11): view('login-view')
 6 SYSTEMPATH\CodeIgniter.php(896): App\Controllers\Login->index()
 7 SYSTEMPATH\CodeIgniter.php(466): CodeIgniter\CodeIgniter->runController(Object(App\Controllers\Login))
 8 SYSTEMPATH\CodeIgniter.php(349): CodeIgniter\CodeIgniter->handleRequest(null, Object(Config\Cache), false)
 9 FCPATH\index.php(55): CodeIgniter\CodeIgniter->run()
CRITICAL - 2022-07-09 11:28:50 --> Undefined variable: mensaje
in APPPATH\Views\login-view.php on line 82.
 1 APPPATH\Views\login-view.php(82): CodeIgniter\Debug\Exceptions->errorHandler(8, 'Undefined variable: mensaje', 'APPPATH\\Views\\login-view.php', 82, [])
 2 SYSTEMPATH\View\View.php(213): include('APPPATH\\Views\\login-view.php')
 3 SYSTEMPATH\View\View.php(216): CodeIgniter\View\View->CodeIgniter\View\{closure}()
 4 SYSTEMPATH\Common.php(1135): CodeIgniter\View\View->render('login-view', [], true)
 5 APPPATH\Controllers\Login.php(11): view('login-view')
 6 SYSTEMPATH\CodeIgniter.php(896): App\Controllers\Login->index()
 7 SYSTEMPATH\CodeIgniter.php(466): CodeIgniter\CodeIgniter->runController(Object(App\Controllers\Login))
 8 SYSTEMPATH\CodeIgniter.php(349): CodeIgniter\CodeIgniter->handleRequest(null, Object(Config\Cache), false)
 9 FCPATH\index.php(55): CodeIgniter\CodeIgniter->run()
CRITICAL - 2022-07-09 11:28:50 --> Undefined variable: mensaje
in APPPATH\Views\login-view.php on line 82.
 1 APPPATH\Views\login-view.php(82): CodeIgniter\Debug\Exceptions->errorHandler(8, 'Undefined variable: mensaje', 'APPPATH\\Views\\login-view.php', 82, [])
 2 SYSTEMPATH\View\View.php(213): include('APPPATH\\Views\\login-view.php')
 3 SYSTEMPATH\View\View.php(216): CodeIgniter\View\View->CodeIgniter\View\{closure}()
 4 SYSTEMPATH\Common.php(1135): CodeIgniter\View\View->render('login-view', [], true)
 5 APPPATH\Controllers\Login.php(11): view('login-view')
 6 SYSTEMPATH\CodeIgniter.php(896): App\Controllers\Login->index()
 7 SYSTEMPATH\CodeIgniter.php(466): CodeIgniter\CodeIgniter->runController(Object(App\Controllers\Login))
 8 SYSTEMPATH\CodeIgniter.php(349): CodeIgniter\CodeIgniter->handleRequest(null, Object(Config\Cache), false)
 9 FCPATH\index.php(55): CodeIgniter\CodeIgniter->run()
CRITICAL - 2022-07-09 11:28:59 --> Undefined variable: mensaje
in APPPATH\Views\login-view.php on line 82.
 1 APPPATH\Views\login-view.php(82): CodeIgniter\Debug\Exceptions->errorHandler(8, 'Undefined variable: mensaje', 'APPPATH\\Views\\login-view.php', 82, [])
 2 SYSTEMPATH\View\View.php(213): include('APPPATH\\Views\\login-view.php')
 3 SYSTEMPATH\View\View.php(216): CodeIgniter\View\View->CodeIgniter\View\{closure}()
 4 SYSTEMPATH\Common.php(1135): CodeIgniter\View\View->render('login-view', [], true)
 5 APPPATH\Controllers\Login.php(11): view('login-view')
 6 SYSTEMPATH\CodeIgniter.php(896): App\Controllers\Login->index()
 7 SYSTEMPATH\CodeIgniter.php(466): CodeIgniter\CodeIgniter->runController(Object(App\Controllers\Login))
 8 SYSTEMPATH\CodeIgniter.php(349): CodeIgniter\CodeIgniter->handleRequest(null, Object(Config\Cache), false)
 9 FCPATH\index.php(55): CodeIgniter\CodeIgniter->run()
CRITICAL - 2022-07-09 11:28:59 --> Undefined variable: mensaje
in APPPATH\Views\login-view.php on line 82.
 1 APPPATH\Views\login-view.php(82): CodeIgniter\Debug\Exceptions->errorHandler(8, 'Undefined variable: mensaje', 'APPPATH\\Views\\login-view.php', 82, [])
 2 SYSTEMPATH\View\View.php(213): include('APPPATH\\Views\\login-view.php')
 3 SYSTEMPATH\View\View.php(216): CodeIgniter\View\View->CodeIgniter\View\{closure}()
 4 SYSTEMPATH\Common.php(1135): CodeIgniter\View\View->render('login-view', [], true)
 5 APPPATH\Controllers\Login.php(11): view('login-view')
 6 SYSTEMPATH\CodeIgniter.php(896): App\Controllers\Login->index()
 7 SYSTEMPATH\CodeIgniter.php(466): CodeIgniter\CodeIgniter->runController(Object(App\Controllers\Login))
 8 SYSTEMPATH\CodeIgniter.php(349): CodeIgniter\CodeIgniter->handleRequest(null, Object(Config\Cache), false)
 9 FCPATH\index.php(55): CodeIgniter\CodeIgniter->run()
CRITICAL - 2022-07-09 11:29:00 --> Undefined variable: mensaje
in APPPATH\Views\login-view.php on line 82.
 1 APPPATH\Views\login-view.php(82): CodeIgniter\Debug\Exceptions->errorHandler(8, 'Undefined variable: mensaje', 'APPPATH\\Views\\login-view.php', 82, [])
 2 SYSTEMPATH\View\View.php(213): include('APPPATH\\Views\\login-view.php')
 3 SYSTEMPATH\View\View.php(216): CodeIgniter\View\View->CodeIgniter\View\{closure}()
 4 SYSTEMPATH\Common.php(1135): CodeIgniter\View\View->render('login-view', [], true)
 5 APPPATH\Controllers\Login.php(11): view('login-view')
 6 SYSTEMPATH\CodeIgniter.php(896): App\Controllers\Login->index()
 7 SYSTEMPATH\CodeIgniter.php(466): CodeIgniter\CodeIgniter->runController(Object(App\Controllers\Login))
 8 SYSTEMPATH\CodeIgniter.php(349): CodeIgniter\CodeIgniter->handleRequest(null, Object(Config\Cache), false)
 9 FCPATH\index.php(55): CodeIgniter\CodeIgniter->run()
CRITICAL - 2022-07-09 11:29:00 --> Undefined variable: mensaje
in APPPATH\Views\login-view.php on line 82.
 1 APPPATH\Views\login-view.php(82): CodeIgniter\Debug\Exceptions->errorHandler(8, 'Undefined variable: mensaje', 'APPPATH\\Views\\login-view.php', 82, [])
 2 SYSTEMPATH\View\View.php(213): include('APPPATH\\Views\\login-view.php')
 3 SYSTEMPATH\View\View.php(216): CodeIgniter\View\View->CodeIgniter\View\{closure}()
 4 SYSTEMPATH\Common.php(1135): CodeIgniter\View\View->render('login-view', [], true)
 5 APPPATH\Controllers\Login.php(11): view('login-view')
 6 SYSTEMPATH\CodeIgniter.php(896): App\Controllers\Login->index()
 7 SYSTEMPATH\CodeIgniter.php(466): CodeIgniter\CodeIgniter->runController(Object(App\Controllers\Login))
 8 SYSTEMPATH\CodeIgniter.php(349): CodeIgniter\CodeIgniter->handleRequest(null, Object(Config\Cache), false)
 9 FCPATH\index.php(55): CodeIgniter\CodeIgniter->run()
CRITICAL - 2022-07-09 11:29:00 --> Undefined variable: mensaje
in APPPATH\Views\login-view.php on line 82.
 1 APPPATH\Views\login-view.php(82): CodeIgniter\Debug\Exceptions->errorHandler(8, 'Undefined variable: mensaje', 'APPPATH\\Views\\login-view.php', 82, [])
 2 SYSTEMPATH\View\View.php(213): include('APPPATH\\Views\\login-view.php')
 3 SYSTEMPATH\View\View.php(216): CodeIgniter\View\View->CodeIgniter\View\{closure}()
 4 SYSTEMPATH\Common.php(1135): CodeIgniter\View\View->render('login-view', [], true)
 5 APPPATH\Controllers\Login.php(11): view('login-view')
 6 SYSTEMPATH\CodeIgniter.php(896): App\Controllers\Login->index()
 7 SYSTEMPATH\CodeIgniter.php(466): CodeIgniter\CodeIgniter->runController(Object(App\Controllers\Login))
 8 SYSTEMPATH\CodeIgniter.php(349): CodeIgniter\CodeIgniter->handleRequest(null, Object(Config\Cache), false)
 9 FCPATH\index.php(55): CodeIgniter\CodeIgniter->run()
CRITICAL - 2022-07-09 11:29:00 --> Undefined variable: mensaje
in APPPATH\Views\login-view.php on line 82.
 1 APPPATH\Views\login-view.php(82): CodeIgniter\Debug\Exceptions->errorHandler(8, 'Undefined variable: mensaje', 'APPPATH\\Views\\login-view.php', 82, [])
 2 SYSTEMPATH\View\View.php(213): include('APPPATH\\Views\\login-view.php')
 3 SYSTEMPATH\View\View.php(216): CodeIgniter\View\View->CodeIgniter\View\{closure}()
 4 SYSTEMPATH\Common.php(1135): CodeIgniter\View\View->render('login-view', [], true)
 5 APPPATH\Controllers\Login.php(11): view('login-view')
 6 SYSTEMPATH\CodeIgniter.php(896): App\Controllers\Login->index()
 7 SYSTEMPATH\CodeIgniter.php(466): CodeIgniter\CodeIgniter->runController(Object(App\Controllers\Login))
 8 SYSTEMPATH\CodeIgniter.php(349): CodeIgniter\CodeIgniter->handleRequest(null, Object(Config\Cache), false)
 9 FCPATH\index.php(55): CodeIgniter\CodeIgniter->run()
CRITICAL - 2022-07-09 11:29:00 --> Undefined variable: mensaje
in APPPATH\Views\login-view.php on line 82.
 1 APPPATH\Views\login-view.php(82): CodeIgniter\Debug\Exceptions->errorHandler(8, 'Undefined variable: mensaje', 'APPPATH\\Views\\login-view.php', 82, [])
 2 SYSTEMPATH\View\View.php(213): include('APPPATH\\Views\\login-view.php')
 3 SYSTEMPATH\View\View.php(216): CodeIgniter\View\View->CodeIgniter\View\{closure}()
 4 SYSTEMPATH\Common.php(1135): CodeIgniter\View\View->render('login-view', [], true)
 5 APPPATH\Controllers\Login.php(11): view('login-view')
 6 SYSTEMPATH\CodeIgniter.php(896): App\Controllers\Login->index()
 7 SYSTEMPATH\CodeIgniter.php(466): CodeIgniter\CodeIgniter->runController(Object(App\Controllers\Login))
 8 SYSTEMPATH\CodeIgniter.php(349): CodeIgniter\CodeIgniter->handleRequest(null, Object(Config\Cache), false)
 9 FCPATH\index.php(55): CodeIgniter\CodeIgniter->run()
CRITICAL - 2022-07-09 11:29:00 --> Undefined variable: mensaje
in APPPATH\Views\login-view.php on line 82.
 1 APPPATH\Views\login-view.php(82): CodeIgniter\Debug\Exceptions->errorHandler(8, 'Undefined variable: mensaje', 'APPPATH\\Views\\login-view.php', 82, [])
 2 SYSTEMPATH\View\View.php(213): include('APPPATH\\Views\\login-view.php')
 3 SYSTEMPATH\View\View.php(216): CodeIgniter\View\View->CodeIgniter\View\{closure}()
 4 SYSTEMPATH\Common.php(1135): CodeIgniter\View\View->render('login-view', [], true)
 5 APPPATH\Controllers\Login.php(11): view('login-view')
 6 SYSTEMPATH\CodeIgniter.php(896): App\Controllers\Login->index()
 7 SYSTEMPATH\CodeIgniter.php(466): CodeIgniter\CodeIgniter->runController(Object(App\Controllers\Login))
 8 SYSTEMPATH\CodeIgniter.php(349): CodeIgniter\CodeIgniter->handleRequest(null, Object(Config\Cache), false)
 9 FCPATH\index.php(55): CodeIgniter\CodeIgniter->run()
CRITICAL - 2022-07-09 11:29:00 --> Undefined variable: mensaje
in APPPATH\Views\login-view.php on line 82.
 1 APPPATH\Views\login-view.php(82): CodeIgniter\Debug\Exceptions->errorHandler(8, 'Undefined variable: mensaje', 'APPPATH\\Views\\login-view.php', 82, [])
 2 SYSTEMPATH\View\View.php(213): include('APPPATH\\Views\\login-view.php')
 3 SYSTEMPATH\View\View.php(216): CodeIgniter\View\View->CodeIgniter\View\{closure}()
 4 SYSTEMPATH\Common.php(1135): CodeIgniter\View\View->render('login-view', [], true)
 5 APPPATH\Controllers\Login.php(11): view('login-view')
 6 SYSTEMPATH\CodeIgniter.php(896): App\Controllers\Login->index()
 7 SYSTEMPATH\CodeIgniter.php(466): CodeIgniter\CodeIgniter->runController(Object(App\Controllers\Login))
 8 SYSTEMPATH\CodeIgniter.php(349): CodeIgniter\CodeIgniter->handleRequest(null, Object(Config\Cache), false)
 9 FCPATH\index.php(55): CodeIgniter\CodeIgniter->run()
CRITICAL - 2022-07-09 11:29:01 --> Undefined variable: mensaje
in APPPATH\Views\login-view.php on line 82.
 1 APPPATH\Views\login-view.php(82): CodeIgniter\Debug\Exceptions->errorHandler(8, 'Undefined variable: mensaje', 'APPPATH\\Views\\login-view.php', 82, [])
 2 SYSTEMPATH\View\View.php(213): include('APPPATH\\Views\\login-view.php')
 3 SYSTEMPATH\View\View.php(216): CodeIgniter\View\View->CodeIgniter\View\{closure}()
 4 SYSTEMPATH\Common.php(1135): CodeIgniter\View\View->render('login-view', [], true)
 5 APPPATH\Controllers\Login.php(11): view('login-view')
 6 SYSTEMPATH\CodeIgniter.php(896): App\Controllers\Login->index()
 7 SYSTEMPATH\CodeIgniter.php(466): CodeIgniter\CodeIgniter->runController(Object(App\Controllers\Login))
 8 SYSTEMPATH\CodeIgniter.php(349): CodeIgniter\CodeIgniter->handleRequest(null, Object(Config\Cache), false)
 9 FCPATH\index.php(55): CodeIgniter\CodeIgniter->run()
CRITICAL - 2022-07-09 11:29:01 --> Undefined variable: mensaje
in APPPATH\Views\login-view.php on line 82.
 1 APPPATH\Views\login-view.php(82): CodeIgniter\Debug\Exceptions->errorHandler(8, 'Undefined variable: mensaje', 'APPPATH\\Views\\login-view.php', 82, [])
 2 SYSTEMPATH\View\View.php(213): include('APPPATH\\Views\\login-view.php')
 3 SYSTEMPATH\View\View.php(216): CodeIgniter\View\View->CodeIgniter\View\{closure}()
 4 SYSTEMPATH\Common.php(1135): CodeIgniter\View\View->render('login-view', [], true)
 5 APPPATH\Controllers\Login.php(11): view('login-view')
 6 SYSTEMPATH\CodeIgniter.php(896): App\Controllers\Login->index()
 7 SYSTEMPATH\CodeIgniter.php(466): CodeIgniter\CodeIgniter->runController(Object(App\Controllers\Login))
 8 SYSTEMPATH\CodeIgniter.php(349): CodeIgniter\CodeIgniter->handleRequest(null, Object(Config\Cache), false)
 9 FCPATH\index.php(55): CodeIgniter\CodeIgniter->run()
CRITICAL - 2022-07-09 11:29:07 --> Undefined variable: mensaje
in APPPATH\Views\login-view.php on line 82.
 1 APPPATH\Views\login-view.php(82): CodeIgniter\Debug\Exceptions->errorHandler(8, 'Undefined variable: mensaje', 'APPPATH\\Views\\login-view.php', 82, [])
 2 SYSTEMPATH\View\View.php(213): include('APPPATH\\Views\\login-view.php')
 3 SYSTEMPATH\View\View.php(216): CodeIgniter\View\View->CodeIgniter\View\{closure}()
 4 SYSTEMPATH\Common.php(1135): CodeIgniter\View\View->render('login-view', [], true)
 5 APPPATH\Controllers\Login.php(11): view('login-view')
 6 SYSTEMPATH\CodeIgniter.php(896): App\Controllers\Login->index()
 7 SYSTEMPATH\CodeIgniter.php(466): CodeIgniter\CodeIgniter->runController(Object(App\Controllers\Login))
 8 SYSTEMPATH\CodeIgniter.php(349): CodeIgniter\CodeIgniter->handleRequest(null, Object(Config\Cache), false)
 9 FCPATH\index.php(55): CodeIgniter\CodeIgniter->run()
CRITICAL - 2022-07-09 11:29:47 --> Undefined variable: mensaje
in APPPATH\Views\login-view.php on line 82.
 1 APPPATH\Views\login-view.php(82): CodeIgniter\Debug\Exceptions->errorHandler(8, 'Undefined variable: mensaje', 'APPPATH\\Views\\login-view.php', 82, [])
 2 SYSTEMPATH\View\View.php(213): include('APPPATH\\Views\\login-view.php')
 3 SYSTEMPATH\View\View.php(216): CodeIgniter\View\View->CodeIgniter\View\{closure}()
 4 SYSTEMPATH\Common.php(1135): CodeIgniter\View\View->render('login-view', [], true)
 5 APPPATH\Controllers\Login.php(11): view('login-view')
 6 SYSTEMPATH\CodeIgniter.php(896): App\Controllers\Login->index()
 7 SYSTEMPATH\CodeIgniter.php(466): CodeIgniter\CodeIgniter->runController(Object(App\Controllers\Login))
 8 SYSTEMPATH\CodeIgniter.php(349): CodeIgniter\CodeIgniter->handleRequest(null, Object(Config\Cache), false)
 9 FCPATH\index.php(55): CodeIgniter\CodeIgniter->run()
CRITICAL - 2022-07-09 11:29:47 --> Undefined variable: mensaje
in APPPATH\Views\login-view.php on line 82.
 1 APPPATH\Views\login-view.php(82): CodeIgniter\Debug\Exceptions->errorHandler(8, 'Undefined variable: mensaje', 'APPPATH\\Views\\login-view.php', 82, [])
 2 SYSTEMPATH\View\View.php(213): include('APPPATH\\Views\\login-view.php')
 3 SYSTEMPATH\View\View.php(216): CodeIgniter\View\View->CodeIgniter\View\{closure}()
 4 SYSTEMPATH\Common.php(1135): CodeIgniter\View\View->render('login-view', [], true)
 5 APPPATH\Controllers\Login.php(11): view('login-view')
 6 SYSTEMPATH\CodeIgniter.php(896): App\Controllers\Login->index()
 7 SYSTEMPATH\CodeIgniter.php(466): CodeIgniter\CodeIgniter->runController(Object(App\Controllers\Login))
 8 SYSTEMPATH\CodeIgniter.php(349): CodeIgniter\CodeIgniter->handleRequest(null, Object(Config\Cache), false)
 9 FCPATH\index.php(55): CodeIgniter\CodeIgniter->run()
CRITICAL - 2022-07-09 11:29:47 --> Undefined variable: mensaje
in APPPATH\Views\login-view.php on line 82.
 1 APPPATH\Views\login-view.php(82): CodeIgniter\Debug\Exceptions->errorHandler(8, 'Undefined variable: mensaje', 'APPPATH\\Views\\login-view.php', 82, [])
 2 SYSTEMPATH\View\View.php(213): include('APPPATH\\Views\\login-view.php')
 3 SYSTEMPATH\View\View.php(216): CodeIgniter\View\View->CodeIgniter\View\{closure}()
 4 SYSTEMPATH\Common.php(1135): CodeIgniter\View\View->render('login-view', [], true)
 5 APPPATH\Controllers\Login.php(11): view('login-view')
 6 SYSTEMPATH\CodeIgniter.php(896): App\Controllers\Login->index()
 7 SYSTEMPATH\CodeIgniter.php(466): CodeIgniter\CodeIgniter->runController(Object(App\Controllers\Login))
 8 SYSTEMPATH\CodeIgniter.php(349): CodeIgniter\CodeIgniter->handleRequest(null, Object(Config\Cache), false)
 9 FCPATH\index.php(55): CodeIgniter\CodeIgniter->run()
CRITICAL - 2022-07-09 11:29:48 --> Undefined variable: mensaje
in APPPATH\Views\login-view.php on line 82.
 1 APPPATH\Views\login-view.php(82): CodeIgniter\Debug\Exceptions->errorHandler(8, 'Undefined variable: mensaje', 'APPPATH\\Views\\login-view.php', 82, [])
 2 SYSTEMPATH\View\View.php(213): include('APPPATH\\Views\\login-view.php')
 3 SYSTEMPATH\View\View.php(216): CodeIgniter\View\View->CodeIgniter\View\{closure}()
 4 SYSTEMPATH\Common.php(1135): CodeIgniter\View\View->render('login-view', [], true)
 5 APPPATH\Controllers\Login.php(11): view('login-view')
 6 SYSTEMPATH\CodeIgniter.php(896): App\Controllers\Login->index()
 7 SYSTEMPATH\CodeIgniter.php(466): CodeIgniter\CodeIgniter->runController(Object(App\Controllers\Login))
 8 SYSTEMPATH\CodeIgniter.php(349): CodeIgniter\CodeIgniter->handleRequest(null, Object(Config\Cache), false)
 9 FCPATH\index.php(55): CodeIgniter\CodeIgniter->run()
CRITICAL - 2022-07-09 11:29:48 --> Undefined variable: mensaje
in APPPATH\Views\login-view.php on line 82.
 1 APPPATH\Views\login-view.php(82): CodeIgniter\Debug\Exceptions->errorHandler(8, 'Undefined variable: mensaje', 'APPPATH\\Views\\login-view.php', 82, [])
 2 SYSTEMPATH\View\View.php(213): include('APPPATH\\Views\\login-view.php')
 3 SYSTEMPATH\View\View.php(216): CodeIgniter\View\View->CodeIgniter\View\{closure}()
 4 SYSTEMPATH\Common.php(1135): CodeIgniter\View\View->render('login-view', [], true)
 5 APPPATH\Controllers\Login.php(11): view('login-view')
 6 SYSTEMPATH\CodeIgniter.php(896): App\Controllers\Login->index()
 7 SYSTEMPATH\CodeIgniter.php(466): CodeIgniter\CodeIgniter->runController(Object(App\Controllers\Login))
 8 SYSTEMPATH\CodeIgniter.php(349): CodeIgniter\CodeIgniter->handleRequest(null, Object(Config\Cache), false)
 9 FCPATH\index.php(55): CodeIgniter\CodeIgniter->run()
CRITICAL - 2022-07-09 11:36:46 --> Undefined variable: consult
in APPPATH\Controllers\Login.php on line 37.
 1 APPPATH\Controllers\Login.php(37): CodeIgniter\Debug\Exceptions->errorHandler(8, 'Undefined variable: consult', 'APPPATH\\Controllers\\Login.php', 37, [...])
 2 SYSTEMPATH\CodeIgniter.php(896): App\Controllers\Login->login()
 3 SYSTEMPATH\CodeIgniter.php(466): CodeIgniter\CodeIgniter->runController(Object(App\Controllers\Login))
 4 SYSTEMPATH\CodeIgniter.php(349): CodeIgniter\CodeIgniter->handleRequest(null, Object(Config\Cache), false)
 5 FCPATH\index.php(55): CodeIgniter\CodeIgniter->run()
CRITICAL - 2022-07-09 11:37:10 --> Undefined variable: consult
in APPPATH\Controllers\Login.php on line 37.
 1 APPPATH\Controllers\Login.php(37): CodeIgniter\Debug\Exceptions->errorHandler(8, 'Undefined variable: consult', 'APPPATH\\Controllers\\Login.php', 37, [...])
 2 SYSTEMPATH\CodeIgniter.php(896): App\Controllers\Login->login()
 3 SYSTEMPATH\CodeIgniter.php(466): CodeIgniter\CodeIgniter->runController(Object(App\Controllers\Login))
 4 SYSTEMPATH\CodeIgniter.php(349): CodeIgniter\CodeIgniter->handleRequest(null, Object(Config\Cache), false)
 5 FCPATH\index.php(55): CodeIgniter\CodeIgniter->run()
CRITICAL - 2022-07-09 11:37:34 --> Undefined variable: consult
in APPPATH\Controllers\Login.php on line 37.
 1 APPPATH\Controllers\Login.php(37): CodeIgniter\Debug\Exceptions->errorHandler(8, 'Undefined variable: consult', 'APPPATH\\Controllers\\Login.php', 37, [...])
 2 SYSTEMPATH\CodeIgniter.php(896): App\Controllers\Login->login()
 3 SYSTEMPATH\CodeIgniter.php(466): CodeIgniter\CodeIgniter->runController(Object(App\Controllers\Login))
 4 SYSTEMPATH\CodeIgniter.php(349): CodeIgniter\CodeIgniter->handleRequest(null, Object(Config\Cache), false)
 5 FCPATH\index.php(55): CodeIgniter\CodeIgniter->run()
CRITICAL - 2022-07-09 11:37:39 --> Undefined variable: consult
in APPPATH\Controllers\Login.php on line 37.
 1 APPPATH\Controllers\Login.php(37): CodeIgniter\Debug\Exceptions->errorHandler(8, 'Undefined variable: consult', 'APPPATH\\Controllers\\Login.php', 37, [...])
 2 SYSTEMPATH\CodeIgniter.php(896): App\Controllers\Login->login()
 3 SYSTEMPATH\CodeIgniter.php(466): CodeIgniter\CodeIgniter->runController(Object(App\Controllers\Login))
 4 SYSTEMPATH\CodeIgniter.php(349): CodeIgniter\CodeIgniter->handleRequest(null, Object(Config\Cache), false)
 5 FCPATH\index.php(55): CodeIgniter\CodeIgniter->run()
ERROR - 2022-07-09 11:39:04 --> Unknown column 'usuario' in 'where clause'
CRITICAL - 2022-07-09 11:39:04 --> Unknown column 'usuario' in 'where clause'
in SYSTEMPATH\Database\MySQLi\Connection.php on line 292.
 1 SYSTEMPATH\Database\MySQLi\Connection.php(292): mysqli->query('SELECT `u`.`username`, `u`.`pass`, `u`.`nombre`, `roles`.`cargo`
FROM `usuarios` as `u`
JOIN `roles` ON `u`.`idRol` = `roles`.`idRol`
WHERE `usuario` = \'admin\'
AND `nombre` = \'alvaro\'
AND `rol` = \'Administrador\'', 0)
 2 SYSTEMPATH\Database\BaseConnection.php(695): CodeIgniter\Database\MySQLi\Connection->execute('SELECT `u`.`username`, `u`.`pass`, `u`.`nombre`, `roles`.`cargo`
FROM `usuarios` as `u`
JOIN `roles` ON `u`.`idRol` = `roles`.`idRol`
WHERE `usuario` = \'admin\'
AND `nombre` = \'alvaro\'
AND `rol` = \'Administrador\'')
 3 SYSTEMPATH\Database\BaseConnection.php(609): CodeIgniter\Database\BaseConnection->simpleQuery('SELECT `u`.`username`, `u`.`pass`, `u`.`nombre`, `roles`.`cargo`
FROM `usuarios` as `u`
JOIN `roles` ON `u`.`idRol` = `roles`.`idRol`
WHERE `usuario` = \'admin\'
AND `nombre` = \'alvaro\'
AND `rol` = \'Administrador\'')
 4 SYSTEMPATH\Database\BaseBuilder.php(1585): CodeIgniter\Database\BaseConnection->query('SELECT `u`.`username`, `u`.`pass`, `u`.`nombre`, `roles`.`cargo`
FROM `usuarios` as `u`
JOIN `roles` ON `u`.`idRol` = `roles`.`idRol`
WHERE `usuario` = :usuario:
AND `nombre` = :nombre:
AND `rol` = :rol:', [...], false)
 5 APPPATH\Models\UsuariosModel.php(15): CodeIgniter\Database\BaseBuilder->get()
 6 APPPATH\Controllers\Login.php(37): App\Models\UsuariosModel->obtenerUsuario([...])
 7 SYSTEMPATH\CodeIgniter.php(896): App\Controllers\Login->login()
 8 SYSTEMPATH\CodeIgniter.php(466): CodeIgniter\CodeIgniter->runController(Object(App\Controllers\Login))
 9 SYSTEMPATH\CodeIgniter.php(349): CodeIgniter\CodeIgniter->handleRequest(null, Object(Config\Cache), false)
10 FCPATH\index.php(55): CodeIgniter\CodeIgniter->run()
CRITICAL - 2022-07-09 11:44:28 --> syntax error, unexpected '}', expecting ';' or ','
in APPPATH\Controllers\Login.php on line 39.
 1 SYSTEMPATH\Autoloader\Autoloader.php(261): CodeIgniter\Autoloader\Autoloader->includeFile('APPPATH\\Controllers\\Login.php')
 2 SYSTEMPATH\Autoloader\Autoloader.php(239): CodeIgniter\Autoloader\Autoloader->loadInNamespace('App\\Controllers\\Login')
 3 [internal function]: CodeIgniter\Autoloader\Autoloader->loadClass('App\\Controllers\\Login')
 4 [internal function]: spl_autoload_call('App\\Controllers\\Login')
 5 SYSTEMPATH\CodeIgniter.php(846): class_exists('\\App\\Controllers\\Login', true)
 6 SYSTEMPATH\CodeIgniter.php(453): CodeIgniter\CodeIgniter->startController()
 7 SYSTEMPATH\CodeIgniter.php(349): CodeIgniter\CodeIgniter->handleRequest(null, Object(Config\Cache), false)
 8 FCPATH\index.php(55): CodeIgniter\CodeIgniter->run()
CRITICAL - 2022-07-09 11:44:28 --> syntax error, unexpected '}', expecting ';' or ','
in APPPATH\Controllers\Login.php on line 39.
 1 SYSTEMPATH\Autoloader\Autoloader.php(261): CodeIgniter\Autoloader\Autoloader->includeFile('APPPATH\\Controllers\\Login.php')
 2 SYSTEMPATH\Autoloader\Autoloader.php(239): CodeIgniter\Autoloader\Autoloader->loadInNamespace('App\\Controllers\\Login')
 3 [internal function]: CodeIgniter\Autoloader\Autoloader->loadClass('App\\Controllers\\Login')
 4 [internal function]: spl_autoload_call('App\\Controllers\\Login')
 5 SYSTEMPATH\CodeIgniter.php(846): class_exists('\\App\\Controllers\\Login', true)
 6 SYSTEMPATH\CodeIgniter.php(453): CodeIgniter\CodeIgniter->startController()
 7 SYSTEMPATH\CodeIgniter.php(349): CodeIgniter\CodeIgniter->handleRequest(null, Object(Config\Cache), false)
 8 FCPATH\index.php(55): CodeIgniter\CodeIgniter->run()
CRITICAL - 2022-07-09 12:05:12 --> syntax error, unexpected '=', expecting ']'
in APPPATH\Controllers\Login.php on line 11.
 1 SYSTEMPATH\Autoloader\Autoloader.php(261): CodeIgniter\Autoloader\Autoloader->includeFile('APPPATH\\Controllers\\Login.php')
 2 SYSTEMPATH\Autoloader\Autoloader.php(239): CodeIgniter\Autoloader\Autoloader->loadInNamespace('App\\Controllers\\Login')
 3 [internal function]: CodeIgniter\Autoloader\Autoloader->loadClass('App\\Controllers\\Login')
 4 [internal function]: spl_autoload_call('App\\Controllers\\Login')
 5 SYSTEMPATH\CodeIgniter.php(846): class_exists('\\App\\Controllers\\Login', true)
 6 SYSTEMPATH\CodeIgniter.php(453): CodeIgniter\CodeIgniter->startController()
 7 SYSTEMPATH\CodeIgniter.php(349): CodeIgniter\CodeIgniter->handleRequest(null, Object(Config\Cache), false)
 8 FCPATH\index.php(55): CodeIgniter\CodeIgniter->run()
CRITICAL - 2022-07-09 12:05:19 --> syntax error, unexpected '=', expecting ']'
in APPPATH\Controllers\Login.php on line 11.
 1 SYSTEMPATH\Autoloader\Autoloader.php(261): CodeIgniter\Autoloader\Autoloader->includeFile('APPPATH\\Controllers\\Login.php')
 2 SYSTEMPATH\Autoloader\Autoloader.php(239): CodeIgniter\Autoloader\Autoloader->loadInNamespace('App\\Controllers\\Login')
 3 [internal function]: CodeIgniter\Autoloader\Autoloader->loadClass('App\\Controllers\\Login')
 4 [internal function]: spl_autoload_call('App\\Controllers\\Login')
 5 SYSTEMPATH\CodeIgniter.php(846): class_exists('\\App\\Controllers\\Login', true)
 6 SYSTEMPATH\CodeIgniter.php(453): CodeIgniter\CodeIgniter->startController()
 7 SYSTEMPATH\CodeIgniter.php(349): CodeIgniter\CodeIgniter->handleRequest(null, Object(Config\Cache), false)
 8 FCPATH\index.php(55): CodeIgniter\CodeIgniter->run()
CRITICAL - 2022-07-09 12:05:32 --> syntax error, unexpected '=', expecting ']'
in APPPATH\Controllers\Login.php on line 11.
 1 SYSTEMPATH\Autoloader\Autoloader.php(261): CodeIgniter\Autoloader\Autoloader->includeFile('APPPATH\\Controllers\\Login.php')
 2 SYSTEMPATH\Autoloader\Autoloader.php(239): CodeIgniter\Autoloader\Autoloader->loadInNamespace('App\\Controllers\\Login')
 3 [internal function]: CodeIgniter\Autoloader\Autoloader->loadClass('App\\Controllers\\Login')
 4 [internal function]: spl_autoload_call('App\\Controllers\\Login')
 5 SYSTEMPATH\CodeIgniter.php(846): class_exists('\\App\\Controllers\\Login', true)
 6 SYSTEMPATH\CodeIgniter.php(453): CodeIgniter\CodeIgniter->startController()
 7 SYSTEMPATH\CodeIgniter.php(349): CodeIgniter\CodeIgniter->handleRequest(null, Object(Config\Cache), false)
 8 FCPATH\index.php(55): CodeIgniter\CodeIgniter->run()
CRITICAL - 2022-07-09 12:05:33 --> syntax error, unexpected '=', expecting ']'
in APPPATH\Controllers\Login.php on line 11.
 1 SYSTEMPATH\Autoloader\Autoloader.php(261): CodeIgniter\Autoloader\Autoloader->includeFile('APPPATH\\Controllers\\Login.php')
 2 SYSTEMPATH\Autoloader\Autoloader.php(239): CodeIgniter\Autoloader\Autoloader->loadInNamespace('App\\Controllers\\Login')
 3 [internal function]: CodeIgniter\Autoloader\Autoloader->loadClass('App\\Controllers\\Login')
 4 [internal function]: spl_autoload_call('App\\Controllers\\Login')
 5 SYSTEMPATH\CodeIgniter.php(846): class_exists('\\App\\Controllers\\Login', true)
 6 SYSTEMPATH\CodeIgniter.php(453): CodeIgniter\CodeIgniter->startController()
 7 SYSTEMPATH\CodeIgniter.php(349): CodeIgniter\CodeIgniter->handleRequest(null, Object(Config\Cache), false)
 8 FCPATH\index.php(55): CodeIgniter\CodeIgniter->run()
CRITICAL - 2022-07-09 12:07:49 --> Undefined variable: mensaje
in APPPATH\Views\login-view.php on line 82.
 1 APPPATH\Views\login-view.php(82): CodeIgniter\Debug\Exceptions->errorHandler(8, 'Undefined variable: mensaje', 'APPPATH\\Views\\login-view.php', 82, [])
 2 SYSTEMPATH\View\View.php(213): include('APPPATH\\Views\\login-view.php')
 3 SYSTEMPATH\View\View.php(216): CodeIgniter\View\View->CodeIgniter\View\{closure}()
 4 SYSTEMPATH\Common.php(1135): CodeIgniter\View\View->render('login-view', [], true)
 5 APPPATH\Controllers\Login.php(11): view('login-view')
 6 SYSTEMPATH\CodeIgniter.php(896): App\Controllers\Login->index()
 7 SYSTEMPATH\CodeIgniter.php(466): CodeIgniter\CodeIgniter->runController(Object(App\Controllers\Login))
 8 SYSTEMPATH\CodeIgniter.php(349): CodeIgniter\CodeIgniter->handleRequest(null, Object(Config\Cache), false)
 9 FCPATH\index.php(55): CodeIgniter\CodeIgniter->run()
CRITICAL - 2022-07-09 12:07:50 --> Undefined variable: mensaje
in APPPATH\Views\login-view.php on line 82.
 1 APPPATH\Views\login-view.php(82): CodeIgniter\Debug\Exceptions->errorHandler(8, 'Undefined variable: mensaje', 'APPPATH\\Views\\login-view.php', 82, [])
 2 SYSTEMPATH\View\View.php(213): include('APPPATH\\Views\\login-view.php')
 3 SYSTEMPATH\View\View.php(216): CodeIgniter\View\View->CodeIgniter\View\{closure}()
 4 SYSTEMPATH\Common.php(1135): CodeIgniter\View\View->render('login-view', [], true)
 5 APPPATH\Controllers\Login.php(11): view('login-view')
 6 SYSTEMPATH\CodeIgniter.php(896): App\Controllers\Login->index()
 7 SYSTEMPATH\CodeIgniter.php(466): CodeIgniter\CodeIgniter->runController(Object(App\Controllers\Login))
 8 SYSTEMPATH\CodeIgniter.php(349): CodeIgniter\CodeIgniter->handleRequest(null, Object(Config\Cache), false)
 9 FCPATH\index.php(55): CodeIgniter\CodeIgniter->run()
CRITICAL - 2022-07-09 12:07:50 --> Undefined variable: mensaje
in APPPATH\Views\login-view.php on line 82.
 1 APPPATH\Views\login-view.php(82): CodeIgniter\Debug\Exceptions->errorHandler(8, 'Undefined variable: mensaje', 'APPPATH\\Views\\login-view.php', 82, [])
 2 SYSTEMPATH\View\View.php(213): include('APPPATH\\Views\\login-view.php')
 3 SYSTEMPATH\View\View.php(216): CodeIgniter\View\View->CodeIgniter\View\{closure}()
 4 SYSTEMPATH\Common.php(1135): CodeIgniter\View\View->render('login-view', [], true)
 5 APPPATH\Controllers\Login.php(11): view('login-view')
 6 SYSTEMPATH\CodeIgniter.php(896): App\Controllers\Login->index()
 7 SYSTEMPATH\CodeIgniter.php(466): CodeIgniter\CodeIgniter->runController(Object(App\Controllers\Login))
 8 SYSTEMPATH\CodeIgniter.php(349): CodeIgniter\CodeIgniter->handleRequest(null, Object(Config\Cache), false)
 9 FCPATH\index.php(55): CodeIgniter\CodeIgniter->run()
CRITICAL - 2022-07-09 12:08:38 --> Undefined variable: mensaje
in APPPATH\Views\login-view.php on line 82.
 1 APPPATH\Views\login-view.php(82): CodeIgniter\Debug\Exceptions->errorHandler(8, 'Undefined variable: mensaje', 'APPPATH\\Views\\login-view.php', 82, [])
 2 SYSTEMPATH\View\View.php(213): include('APPPATH\\Views\\login-view.php')
 3 SYSTEMPATH\View\View.php(216): CodeIgniter\View\View->CodeIgniter\View\{closure}()
 4 SYSTEMPATH\Common.php(1135): CodeIgniter\View\View->render('login-view', [], true)
 5 APPPATH\Controllers\Login.php(11): view('login-view')
 6 SYSTEMPATH\CodeIgniter.php(896): App\Controllers\Login->index()
 7 SYSTEMPATH\CodeIgniter.php(466): CodeIgniter\CodeIgniter->runController(Object(App\Controllers\Login))
 8 SYSTEMPATH\CodeIgniter.php(349): CodeIgniter\CodeIgniter->handleRequest(null, Object(Config\Cache), false)
 9 FCPATH\index.php(55): CodeIgniter\CodeIgniter->run()
CRITICAL - 2022-07-09 12:08:38 --> Undefined variable: mensaje
in APPPATH\Views\login-view.php on line 82.
 1 APPPATH\Views\login-view.php(82): CodeIgniter\Debug\Exceptions->errorHandler(8, 'Undefined variable: mensaje', 'APPPATH\\Views\\login-view.php', 82, [])
 2 SYSTEMPATH\View\View.php(213): include('APPPATH\\Views\\login-view.php')
 3 SYSTEMPATH\View\View.php(216): CodeIgniter\View\View->CodeIgniter\View\{closure}()
 4 SYSTEMPATH\Common.php(1135): CodeIgniter\View\View->render('login-view', [], true)
 5 APPPATH\Controllers\Login.php(11): view('login-view')
 6 SYSTEMPATH\CodeIgniter.php(896): App\Controllers\Login->index()
 7 SYSTEMPATH\CodeIgniter.php(466): CodeIgniter\CodeIgniter->runController(Object(App\Controllers\Login))
 8 SYSTEMPATH\CodeIgniter.php(349): CodeIgniter\CodeIgniter->handleRequest(null, Object(Config\Cache), false)
 9 FCPATH\index.php(55): CodeIgniter\CodeIgniter->run()
CRITICAL - 2022-07-09 12:08:39 --> Undefined variable: mensaje
in APPPATH\Views\login-view.php on line 82.
 1 APPPATH\Views\login-view.php(82): CodeIgniter\Debug\Exceptions->errorHandler(8, 'Undefined variable: mensaje', 'APPPATH\\Views\\login-view.php', 82, [])
 2 SYSTEMPATH\View\View.php(213): include('APPPATH\\Views\\login-view.php')
 3 SYSTEMPATH\View\View.php(216): CodeIgniter\View\View->CodeIgniter\View\{closure}()
 4 SYSTEMPATH\Common.php(1135): CodeIgniter\View\View->render('login-view', [], true)
 5 APPPATH\Controllers\Login.php(11): view('login-view')
 6 SYSTEMPATH\CodeIgniter.php(896): App\Controllers\Login->index()
 7 SYSTEMPATH\CodeIgniter.php(466): CodeIgniter\CodeIgniter->runController(Object(App\Controllers\Login))
 8 SYSTEMPATH\CodeIgniter.php(349): CodeIgniter\CodeIgniter->handleRequest(null, Object(Config\Cache), false)
 9 FCPATH\index.php(55): CodeIgniter\CodeIgniter->run()
CRITICAL - 2022-07-09 13:19:46 --> syntax error, unexpected ')'
in APPPATH\Controllers\Login.php on line 40.
 1 SYSTEMPATH\Autoloader\Autoloader.php(261): CodeIgniter\Autoloader\Autoloader->includeFile('APPPATH\\Controllers\\Login.php')
 2 SYSTEMPATH\Autoloader\Autoloader.php(239): CodeIgniter\Autoloader\Autoloader->loadInNamespace('App\\Controllers\\Login')
 3 [internal function]: CodeIgniter\Autoloader\Autoloader->loadClass('App\\Controllers\\Login')
 4 [internal function]: spl_autoload_call('App\\Controllers\\Login')
 5 SYSTEMPATH\CodeIgniter.php(846): class_exists('\\App\\Controllers\\Login', true)
 6 SYSTEMPATH\CodeIgniter.php(453): CodeIgniter\CodeIgniter->startController()
 7 SYSTEMPATH\CodeIgniter.php(349): CodeIgniter\CodeIgniter->handleRequest(null, Object(Config\Cache), false)
 8 FCPATH\index.php(55): CodeIgniter\CodeIgniter->run()
