CRITICAL - 2022-07-07 21:29:08 --> Undefined variable $habitacion
in APPPATH\Views\habitaciones\registro_hab.php on line 64.
 1 APPPATH\Views\habitaciones\registro_hab.php(64): CodeIgniter\Debug\Exceptions->errorHandler(2, 'Undefined variable $habitacion', 'APPPATH\\Views\\habitaciones\\registro_hab.php', 64)
 2 SYSTEMPATH\View\View.php(213): include('APPPATH\\Views\\habitaciones\\registro_hab.php')
 3 SYSTEMPATH\View\View.php(216): CodeIgniter\View\View->CodeIgniter\View\{closure}()
 4 SYSTEMPATH\Common.php(1135): CodeIgniter\View\View->render('habitaciones/registro_hab', [], true)
 5 APPPATH\Controllers\HabitacionController.php(21): view('habitaciones/registro_hab', [...])
 6 SYSTEMPATH\CodeIgniter.php(896): App\Controllers\HabitacionController->index()
 7 SYSTEMPATH\CodeIgniter.php(466): CodeIgniter\CodeIgniter->runController(Object(App\Controllers\HabitacionController))
 8 SYSTEMPATH\CodeIgniter.php(349): CodeIgniter\CodeIgniter->handleRequest(null, Object(Config\Cache), false)
 9 FCPATH\index.php(55): CodeIgniter\CodeIgniter->run()
CRITICAL - 2022-07-07 21:30:23 --> Undefined variable $habitacion
in APPPATH\Views\habitaciones\registro_hab.php on line 64.
 1 APPPATH\Views\habitaciones\registro_hab.php(64): CodeIgniter\Debug\Exceptions->errorHandler(2, 'Undefined variable $habitacion', 'APPPATH\\Views\\habitaciones\\registro_hab.php', 64)
 2 SYSTEMPATH\View\View.php(213): include('APPPATH\\Views\\habitaciones\\registro_hab.php')
 3 SYSTEMPATH\View\View.php(216): CodeIgniter\View\View->CodeIgniter\View\{closure}()
 4 SYSTEMPATH\Common.php(1135): CodeIgniter\View\View->render('habitaciones/registro_hab', [], true)
 5 APPPATH\Controllers\HabitacionController.php(21): view('habitaciones/registro_hab', [...])
 6 SYSTEMPATH\CodeIgniter.php(896): App\Controllers\HabitacionController->index()
 7 SYSTEMPATH\CodeIgniter.php(466): CodeIgniter\CodeIgniter->runController(Object(App\Controllers\HabitacionController))
 8 SYSTEMPATH\CodeIgniter.php(349): CodeIgniter\CodeIgniter->handleRequest(null, Object(Config\Cache), false)
 9 FCPATH\index.php(55): CodeIgniter\CodeIgniter->run()
CRITICAL - 2022-07-07 21:40:55 --> Undefined variable $pager
in APPPATH\Views\habitaciones\registro_hab.php on line 94.
 1 APPPATH\Views\habitaciones\registro_hab.php(94): CodeIgniter\Debug\Exceptions->errorHandler(2, 'Undefined variable $pager', 'APPPATH\\Views\\habitaciones\\registro_hab.php', 94)
 2 SYSTEMPATH\View\View.php(213): include('APPPATH\\Views\\habitaciones\\registro_hab.php')
 3 SYSTEMPATH\View\View.php(216): CodeIgniter\View\View->CodeIgniter\View\{closure}()
 4 SYSTEMPATH\Common.php(1135): CodeIgniter\View\View->render('habitaciones/registro_hab', [], true)
 5 APPPATH\Controllers\HabitacionController.php(21): view('habitaciones/registro_hab', [...])
 6 SYSTEMPATH\CodeIgniter.php(896): App\Controllers\HabitacionController->index()
 7 SYSTEMPATH\CodeIgniter.php(466): CodeIgniter\CodeIgniter->runController(Object(App\Controllers\HabitacionController))
 8 SYSTEMPATH\CodeIgniter.php(349): CodeIgniter\CodeIgniter->handleRequest(null, Object(Config\Cache), false)
 9 FCPATH\index.php(55): CodeIgniter\CodeIgniter->run()
CRITICAL - 2022-07-07 21:52:02 --> Invalid file: app\Views\pagination\index.php
in SYSTEMPATH\Exceptions\FrameworkException.php on line 33.
 1 SYSTEMPATH\View\View.php(201): CodeIgniter\Exceptions\FrameworkException::forInvalidFile('app\\Views\\pagination\\index.php')
 2 SYSTEMPATH\Pager\Pager.php(125): CodeIgniter\View\View->render('app\\Views\\pagination\\index')
 3 SYSTEMPATH\Pager\Pager.php(83): CodeIgniter\Pager\Pager->displayLinks('users', 'default_pagination')
 4 APPPATH\Views\habitaciones\registro_hab.php(94): CodeIgniter\Pager\Pager->links('users', 'default_pagination')
 5 SYSTEMPATH\View\View.php(213): include('APPPATH\\Views\\habitaciones\\registro_hab.php')
 6 SYSTEMPATH\View\View.php(216): CodeIgniter\View\View->CodeIgniter\View\{closure}()
 7 SYSTEMPATH\Common.php(1135): CodeIgniter\View\View->render('habitaciones/registro_hab', [], true)
 8 APPPATH\Controllers\HabitacionController.php(21): view('habitaciones/registro_hab', [...])
 9 SYSTEMPATH\CodeIgniter.php(896): App\Controllers\HabitacionController->index()
10 SYSTEMPATH\CodeIgniter.php(466): CodeIgniter\CodeIgniter->runController(Object(App\Controllers\HabitacionController))
11 SYSTEMPATH\CodeIgniter.php(349): CodeIgniter\CodeIgniter->handleRequest(null, Object(Config\Cache), false)
12 FCPATH\index.php(55): CodeIgniter\CodeIgniter->run()
CRITICAL - 2022-07-07 21:53:16 --> Invalid file: app\Views\pagination\view_pag.php
in SYSTEMPATH\Exceptions\FrameworkException.php on line 33.
 1 SYSTEMPATH\View\View.php(201): CodeIgniter\Exceptions\FrameworkException::forInvalidFile('app\\Views\\pagination\\view_pag.php')
 2 SYSTEMPATH\Pager\Pager.php(125): CodeIgniter\View\View->render('app\\Views\\pagination\\view_pag')
 3 SYSTEMPATH\Pager\Pager.php(83): CodeIgniter\Pager\Pager->displayLinks('users', 'default_pagination')
 4 APPPATH\Views\habitaciones\registro_hab.php(94): CodeIgniter\Pager\Pager->links('users', 'default_pagination')
 5 SYSTEMPATH\View\View.php(213): include('APPPATH\\Views\\habitaciones\\registro_hab.php')
 6 SYSTEMPATH\View\View.php(216): CodeIgniter\View\View->CodeIgniter\View\{closure}()
 7 SYSTEMPATH\Common.php(1135): CodeIgniter\View\View->render('habitaciones/registro_hab', [], true)
 8 APPPATH\Controllers\HabitacionController.php(21): view('habitaciones/registro_hab', [...])
 9 SYSTEMPATH\CodeIgniter.php(896): App\Controllers\HabitacionController->index()
10 SYSTEMPATH\CodeIgniter.php(466): CodeIgniter\CodeIgniter->runController(Object(App\Controllers\HabitacionController))
11 SYSTEMPATH\CodeIgniter.php(349): CodeIgniter\CodeIgniter->handleRequest(null, Object(Config\Cache), false)
12 FCPATH\index.php(55): CodeIgniter\CodeIgniter->run()
CRITICAL - 2022-07-07 21:54:03 --> Invalid file: app\Views\pagination\view_pag.php
in SYSTEMPATH\Exceptions\FrameworkException.php on line 33.
 1 SYSTEMPATH\View\View.php(201): CodeIgniter\Exceptions\FrameworkException::forInvalidFile('app\\Views\\pagination\\view_pag.php')
 2 SYSTEMPATH\Pager\Pager.php(125): CodeIgniter\View\View->render('app\\Views\\pagination\\view_pag')
 3 SYSTEMPATH\Pager\Pager.php(83): CodeIgniter\Pager\Pager->displayLinks('users', 'botts_pagination')
 4 APPPATH\Views\habitaciones\registro_hab.php(94): CodeIgniter\Pager\Pager->links('users', 'botts_pagination')
 5 SYSTEMPATH\View\View.php(213): include('APPPATH\\Views\\habitaciones\\registro_hab.php')
 6 SYSTEMPATH\View\View.php(216): CodeIgniter\View\View->CodeIgniter\View\{closure}()
 7 SYSTEMPATH\Common.php(1135): CodeIgniter\View\View->render('habitaciones/registro_hab', [], true)
 8 APPPATH\Controllers\HabitacionController.php(21): view('habitaciones/registro_hab', [...])
 9 SYSTEMPATH\CodeIgniter.php(896): App\Controllers\HabitacionController->index()
10 SYSTEMPATH\CodeIgniter.php(466): CodeIgniter\CodeIgniter->runController(Object(App\Controllers\HabitacionController))
11 SYSTEMPATH\CodeIgniter.php(349): CodeIgniter\CodeIgniter->handleRequest(null, Object(Config\Cache), false)
12 FCPATH\index.php(55): CodeIgniter\CodeIgniter->run()
CRITICAL - 2022-07-07 22:00:09 --> Invalid file: app\Views\pagination\view_pag.php
in SYSTEMPATH\Exceptions\FrameworkException.php on line 33.
 1 SYSTEMPATH\View\View.php(201): CodeIgniter\Exceptions\FrameworkException::forInvalidFile('app\\Views\\pagination\\view_pag.php')
 2 SYSTEMPATH\Pager\Pager.php(125): CodeIgniter\View\View->render('app\\Views\\pagination\\view_pag')
 3 SYSTEMPATH\Pager\Pager.php(83): CodeIgniter\Pager\Pager->displayLinks('users', 'botts_pagination')
 4 APPPATH\Views\habitaciones\registro_hab.php(94): CodeIgniter\Pager\Pager->links('users', 'botts_pagination')
 5 SYSTEMPATH\View\View.php(213): include('APPPATH\\Views\\habitaciones\\registro_hab.php')
 6 SYSTEMPATH\View\View.php(216): CodeIgniter\View\View->CodeIgniter\View\{closure}()
 7 SYSTEMPATH\Common.php(1135): CodeIgniter\View\View->render('habitaciones/registro_hab', [], true)
 8 APPPATH\Controllers\HabitacionController.php(21): view('habitaciones/registro_hab', [...])
 9 SYSTEMPATH\CodeIgniter.php(896): App\Controllers\HabitacionController->index()
10 SYSTEMPATH\CodeIgniter.php(466): CodeIgniter\CodeIgniter->runController(Object(App\Controllers\HabitacionController))
11 SYSTEMPATH\CodeIgniter.php(349): CodeIgniter\CodeIgniter->handleRequest(null, Object(Config\Cache), false)
12 FCPATH\index.php(55): CodeIgniter\CodeIgniter->run()
CRITICAL - 2022-07-07 22:03:16 --> Undefined array key "tipo"
in APPPATH\Views\habitaciones\registro_hab.php on line 68.
 1 APPPATH\Views\habitaciones\registro_hab.php(68): CodeIgniter\Debug\Exceptions->errorHandler(2, 'Undefined array key "tipo"', 'APPPATH\\Views\\habitaciones\\registro_hab.php', 68)
 2 SYSTEMPATH\View\View.php(213): include('APPPATH\\Views\\habitaciones\\registro_hab.php')
 3 SYSTEMPATH\View\View.php(216): CodeIgniter\View\View->CodeIgniter\View\{closure}()
 4 SYSTEMPATH\Common.php(1135): CodeIgniter\View\View->render('habitaciones/registro_hab', [], true)
 5 APPPATH\Controllers\HabitacionController.php(21): view('habitaciones/registro_hab', [...])
 6 SYSTEMPATH\CodeIgniter.php(896): App\Controllers\HabitacionController->index()
 7 SYSTEMPATH\CodeIgniter.php(466): CodeIgniter\CodeIgniter->runController(Object(App\Controllers\HabitacionController))
 8 SYSTEMPATH\CodeIgniter.php(349): CodeIgniter\CodeIgniter->handleRequest(null, Object(Config\Cache), false)
 9 FCPATH\index.php(55): CodeIgniter\CodeIgniter->run()
CRITICAL - 2022-07-07 22:06:02 --> Undefined variable $data
in APPPATH\Controllers\HabitacionController.php on line 12.
 1 APPPATH\Controllers\HabitacionController.php(12): CodeIgniter\Debug\Exceptions->errorHandler(2, 'Undefined variable $data', 'APPPATH\\Controllers\\HabitacionController.php', 12)
 2 SYSTEMPATH\CodeIgniter.php(896): App\Controllers\HabitacionController->index()
 3 SYSTEMPATH\CodeIgniter.php(466): CodeIgniter\CodeIgniter->runController(Object(App\Controllers\HabitacionController))
 4 SYSTEMPATH\CodeIgniter.php(349): CodeIgniter\CodeIgniter->handleRequest(null, Object(Config\Cache), false)
 5 FCPATH\index.php(55): CodeIgniter\CodeIgniter->run()
CRITICAL - 2022-07-07 22:06:14 --> Call to a member function links() on array
in APPPATH\Views\habitaciones\registro_hab.php on line 94.
 1 SYSTEMPATH\View\View.php(213): include()
 2 SYSTEMPATH\View\View.php(216): CodeIgniter\View\View->CodeIgniter\View\{closure}()
 3 SYSTEMPATH\Common.php(1135): CodeIgniter\View\View->render('habitaciones/registro_hab', [], true)
 4 APPPATH\Controllers\HabitacionController.php(12): view('habitaciones/registro_hab', [...])
 5 SYSTEMPATH\CodeIgniter.php(896): App\Controllers\HabitacionController->index()
 6 SYSTEMPATH\CodeIgniter.php(466): CodeIgniter\CodeIgniter->runController(Object(App\Controllers\HabitacionController))
 7 SYSTEMPATH\CodeIgniter.php(349): CodeIgniter\CodeIgniter->handleRequest(null, Object(Config\Cache), false)
 8 FCPATH\index.php(55): CodeIgniter\CodeIgniter->run()
CRITICAL - 2022-07-07 22:09:16 --> Undefined variable $pager
in APPPATH\Views\tipoHabitaciones\registro_tipo_hab.php on line 85.
 1 APPPATH\Views\tipoHabitaciones\registro_tipo_hab.php(85): CodeIgniter\Debug\Exceptions->errorHandler(2, 'Undefined variable $pager', 'APPPATH\\Views\\tipoHabitaciones\\registro_tipo_hab.php', 85)
 2 SYSTEMPATH\View\View.php(213): include('APPPATH\\Views\\tipoHabitaciones\\registro_tipo_hab.php')
 3 SYSTEMPATH\View\View.php(216): CodeIgniter\View\View->CodeIgniter\View\{closure}()
 4 SYSTEMPATH\Common.php(1135): CodeIgniter\View\View->render('tipoHabitaciones/registro_tipo_hab', [], true)
 5 APPPATH\Controllers\TipoHabController.php(20): view('tipoHabitaciones/registro_tipo_hab', [...])
 6 SYSTEMPATH\CodeIgniter.php(896): App\Controllers\TipoHabController->index()
 7 SYSTEMPATH\CodeIgniter.php(466): CodeIgniter\CodeIgniter->runController(Object(App\Controllers\TipoHabController))
 8 SYSTEMPATH\CodeIgniter.php(349): CodeIgniter\CodeIgniter->handleRequest(null, Object(Config\Cache), false)
 9 FCPATH\index.php(55): CodeIgniter\CodeIgniter->run()
CRITICAL - 2022-07-07 22:20:04 --> Invalid file: app\Views\pagination\view_pag.php
in SYSTEMPATH\Exceptions\FrameworkException.php on line 33.
 1 SYSTEMPATH\View\View.php(201): CodeIgniter\Exceptions\FrameworkException::forInvalidFile('app\\Views\\pagination\\view_pag.php')
 2 SYSTEMPATH\Pager\Pager.php(125): CodeIgniter\View\View->render('app\\Views\\pagination\\view_pag')
 3 SYSTEMPATH\Pager\Pager.php(83): CodeIgniter\Pager\Pager->displayLinks('ROOTPATH\\public', 'botts_pagination')
 4 APPPATH\Views\tipoHabitaciones\registro_tipo_hab.php(85): CodeIgniter\Pager\Pager->links('ROOTPATH\\public', 'botts_pagination')
 5 SYSTEMPATH\View\View.php(213): include('APPPATH\\Views\\tipoHabitaciones\\registro_tipo_hab.php')
 6 SYSTEMPATH\View\View.php(216): CodeIgniter\View\View->CodeIgniter\View\{closure}()
 7 SYSTEMPATH\Common.php(1135): CodeIgniter\View\View->render('tipoHabitaciones/registro_tipo_hab', [], true)
 8 APPPATH\Controllers\TipoHabController.php(20): view('tipoHabitaciones/registro_tipo_hab', [...])
 9 SYSTEMPATH\CodeIgniter.php(896): App\Controllers\TipoHabController->index()
10 SYSTEMPATH\CodeIgniter.php(466): CodeIgniter\CodeIgniter->runController(Object(App\Controllers\TipoHabController))
11 SYSTEMPATH\CodeIgniter.php(349): CodeIgniter\CodeIgniter->handleRequest(null, Object(Config\Cache), false)
12 FCPATH\index.php(55): CodeIgniter\CodeIgniter->run()
CRITICAL - 2022-07-07 22:26:30 --> Undefined array key "botts_pagination"
in APPPATH\Views\pagination\view_pag.php on line 13.
 1 APPPATH\Views\pagination\view_pag.php(13): CodeIgniter\Debug\Exceptions->errorHandler(2, 'Undefined array key "botts_pagination"', 'APPPATH\\Views\\pagination\\view_pag.php', 13)
 2 SYSTEMPATH\View\View.php(213): include('APPPATH\\Views\\pagination\\view_pag.php')
 3 SYSTEMPATH\View\View.php(216): CodeIgniter\View\View->CodeIgniter\View\{closure}()
 4 SYSTEMPATH\Pager\Pager.php(125): CodeIgniter\View\View->render('App\\Views\\pagination\\view_pag')
 5 SYSTEMPATH\Pager\Pager.php(83): CodeIgniter\Pager\Pager->displayLinks('group1', 'botts_pagination')
 6 APPPATH\Views\tipoHabitaciones\registro_tipo_hab.php(85): CodeIgniter\Pager\Pager->links('group1', 'botts_pagination')
 7 SYSTEMPATH\View\View.php(213): include('APPPATH\\Views\\tipoHabitaciones\\registro_tipo_hab.php')
 8 SYSTEMPATH\View\View.php(216): CodeIgniter\View\View->CodeIgniter\View\{closure}()
 9 SYSTEMPATH\Common.php(1135): CodeIgniter\View\View->render('tipoHabitaciones/registro_tipo_hab', [], true)
10 APPPATH\Controllers\TipoHabController.php(20): view('tipoHabitaciones/registro_tipo_hab', [...])
11 SYSTEMPATH\CodeIgniter.php(896): App\Controllers\TipoHabController->index()
12 SYSTEMPATH\CodeIgniter.php(466): CodeIgniter\CodeIgniter->runController(Object(App\Controllers\TipoHabController))
13 SYSTEMPATH\CodeIgniter.php(349): CodeIgniter\CodeIgniter->handleRequest(null, Object(Config\Cache), false)
14 FCPATH\index.php(55): CodeIgniter\CodeIgniter->run()
CRITICAL - 2022-07-07 22:26:30 --> Undefined array key "botts_pagination"
in APPPATH\Views\pagination\view_pag.php on line 13.
 1 APPPATH\Views\pagination\view_pag.php(13): CodeIgniter\Debug\Exceptions->errorHandler(2, 'Undefined array key "botts_pagination"', 'APPPATH\\Views\\pagination\\view_pag.php', 13)
 2 SYSTEMPATH\View\View.php(213): include('APPPATH\\Views\\pagination\\view_pag.php')
 3 SYSTEMPATH\View\View.php(216): CodeIgniter\View\View->CodeIgniter\View\{closure}()
 4 SYSTEMPATH\Pager\Pager.php(125): CodeIgniter\View\View->render('App\\Views\\pagination\\view_pag')
 5 SYSTEMPATH\Pager\Pager.php(83): CodeIgniter\Pager\Pager->displayLinks('group1', 'botts_pagination')
 6 APPPATH\Views\tipoHabitaciones\registro_tipo_hab.php(85): CodeIgniter\Pager\Pager->links('group1', 'botts_pagination')
 7 SYSTEMPATH\View\View.php(213): include('APPPATH\\Views\\tipoHabitaciones\\registro_tipo_hab.php')
 8 SYSTEMPATH\View\View.php(216): CodeIgniter\View\View->CodeIgniter\View\{closure}()
 9 SYSTEMPATH\Common.php(1135): CodeIgniter\View\View->render('tipoHabitaciones/registro_tipo_hab', [], true)
10 APPPATH\Controllers\TipoHabController.php(20): view('tipoHabitaciones/registro_tipo_hab', [...])
11 SYSTEMPATH\CodeIgniter.php(896): App\Controllers\TipoHabController->index()
12 SYSTEMPATH\CodeIgniter.php(466): CodeIgniter\CodeIgniter->runController(Object(App\Controllers\TipoHabController))
13 SYSTEMPATH\CodeIgniter.php(349): CodeIgniter\CodeIgniter->handleRequest(null, Object(Config\Cache), false)
14 FCPATH\index.php(55): CodeIgniter\CodeIgniter->run()
CRITICAL - 2022-07-07 22:26:33 --> Undefined array key "botts_pagination"
in APPPATH\Views\pagination\view_pag.php on line 13.
 1 APPPATH\Views\pagination\view_pag.php(13): CodeIgniter\Debug\Exceptions->errorHandler(2, 'Undefined array key "botts_pagination"', 'APPPATH\\Views\\pagination\\view_pag.php', 13)
 2 SYSTEMPATH\View\View.php(213): include('APPPATH\\Views\\pagination\\view_pag.php')
 3 SYSTEMPATH\View\View.php(216): CodeIgniter\View\View->CodeIgniter\View\{closure}()
 4 SYSTEMPATH\Pager\Pager.php(125): CodeIgniter\View\View->render('App\\Views\\pagination\\view_pag')
 5 SYSTEMPATH\Pager\Pager.php(83): CodeIgniter\Pager\Pager->displayLinks('group1', 'botts_pagination')
 6 APPPATH\Views\tipoHabitaciones\registro_tipo_hab.php(85): CodeIgniter\Pager\Pager->links('group1', 'botts_pagination')
 7 SYSTEMPATH\View\View.php(213): include('APPPATH\\Views\\tipoHabitaciones\\registro_tipo_hab.php')
 8 SYSTEMPATH\View\View.php(216): CodeIgniter\View\View->CodeIgniter\View\{closure}()
 9 SYSTEMPATH\Common.php(1135): CodeIgniter\View\View->render('tipoHabitaciones/registro_tipo_hab', [], true)
10 APPPATH\Controllers\TipoHabController.php(20): view('tipoHabitaciones/registro_tipo_hab', [...])
11 SYSTEMPATH\CodeIgniter.php(896): App\Controllers\TipoHabController->index()
12 SYSTEMPATH\CodeIgniter.php(466): CodeIgniter\CodeIgniter->runController(Object(App\Controllers\TipoHabController))
13 SYSTEMPATH\CodeIgniter.php(349): CodeIgniter\CodeIgniter->handleRequest(null, Object(Config\Cache), false)
14 FCPATH\index.php(55): CodeIgniter\CodeIgniter->run()
CRITICAL - 2022-07-07 22:52:35 --> Invalid file: tipo/registro_tipo_hab.php
in SYSTEMPATH\Exceptions\FrameworkException.php on line 33.
 1 SYSTEMPATH\View\View.php(201): CodeIgniter\Exceptions\FrameworkException::forInvalidFile('tipo/registro_tipo_hab.php')
 2 SYSTEMPATH\Common.php(1135): CodeIgniter\View\View->render('tipo/registro_tipo_hab', [], true)
 3 APPPATH\Controllers\TipoHabController.php(20): view('tipo/registro_tipo_hab', [...])
 4 SYSTEMPATH\CodeIgniter.php(896): App\Controllers\TipoHabController->index()
 5 SYSTEMPATH\CodeIgniter.php(466): CodeIgniter\CodeIgniter->runController(Object(App\Controllers\TipoHabController))
 6 SYSTEMPATH\CodeIgniter.php(349): CodeIgniter\CodeIgniter->handleRequest(null, Object(Config\Cache), false)
 7 FCPATH\index.php(55): CodeIgniter\CodeIgniter->run()
CRITICAL - 2022-07-07 22:54:56 --> Invalid file: tipoHabitaciones/tipo.php
in SYSTEMPATH\Exceptions\FrameworkException.php on line 33.
 1 SYSTEMPATH\View\View.php(201): CodeIgniter\Exceptions\FrameworkException::forInvalidFile('tipoHabitaciones/tipo.php')
 2 SYSTEMPATH\Common.php(1135): CodeIgniter\View\View->render('tipoHabitaciones/tipo', [], true)
 3 APPPATH\Controllers\TipoHabController.php(20): view('tipoHabitaciones/tipo', [...])
 4 SYSTEMPATH\CodeIgniter.php(896): App\Controllers\TipoHabController->index()
 5 SYSTEMPATH\CodeIgniter.php(466): CodeIgniter\CodeIgniter->runController(Object(App\Controllers\TipoHabController))
 6 SYSTEMPATH\CodeIgniter.php(349): CodeIgniter\CodeIgniter->handleRequest(null, Object(Config\Cache), false)
 7 FCPATH\index.php(55): CodeIgniter\CodeIgniter->run()
CRITICAL - 2022-07-07 23:04:03 --> Object of class CodeIgniter\Pager\Pager could not be converted to string
in APPPATH\Views\tipoHabitaciones\registro_tipo_hab.php on line 85.
 1 SYSTEMPATH\View\View.php(213): include()
 2 SYSTEMPATH\View\View.php(216): CodeIgniter\View\View->CodeIgniter\View\{closure}()
 3 SYSTEMPATH\Common.php(1135): CodeIgniter\View\View->render('tipoHabitaciones/registro_tipo_hab', [], true)
 4 APPPATH\Controllers\TipoHabController.php(20): view('tipoHabitaciones/registro_tipo_hab', [...])
 5 SYSTEMPATH\CodeIgniter.php(896): App\Controllers\TipoHabController->index()
 6 SYSTEMPATH\CodeIgniter.php(466): CodeIgniter\CodeIgniter->runController(Object(App\Controllers\TipoHabController))
 7 SYSTEMPATH\CodeIgniter.php(349): CodeIgniter\CodeIgniter->handleRequest(null, Object(Config\Cache), false)
 8 FCPATH\index.php(55): CodeIgniter\CodeIgniter->run()
CRITICAL - 2022-07-07 23:04:11 --> Object of class CodeIgniter\Pager\Pager could not be converted to string
in APPPATH\Views\tipoHabitaciones\registro_tipo_hab.php on line 85.
 1 SYSTEMPATH\View\View.php(213): include()
 2 SYSTEMPATH\View\View.php(216): CodeIgniter\View\View->CodeIgniter\View\{closure}()
 3 SYSTEMPATH\Common.php(1135): CodeIgniter\View\View->render('tipoHabitaciones/registro_tipo_hab', [], true)
 4 APPPATH\Controllers\TipoHabController.php(20): view('tipoHabitaciones/registro_tipo_hab', [...])
 5 SYSTEMPATH\CodeIgniter.php(896): App\Controllers\TipoHabController->index()
 6 SYSTEMPATH\CodeIgniter.php(466): CodeIgniter\CodeIgniter->runController(Object(App\Controllers\TipoHabController))
 7 SYSTEMPATH\CodeIgniter.php(349): CodeIgniter\CodeIgniter->handleRequest(null, Object(Config\Cache), false)
 8 FCPATH\index.php(55): CodeIgniter\CodeIgniter->run()
CRITICAL - 2022-07-07 23:05:11 --> Object of class CodeIgniter\Pager\Pager could not be converted to string
in APPPATH\Views\tipoHabitaciones\registro_tipo_hab.php on line 85.
 1 SYSTEMPATH\View\View.php(213): include()
 2 SYSTEMPATH\View\View.php(216): CodeIgniter\View\View->CodeIgniter\View\{closure}()
 3 SYSTEMPATH\Common.php(1135): CodeIgniter\View\View->render('tipoHabitaciones/registro_tipo_hab', [], true)
 4 APPPATH\Controllers\TipoHabController.php(20): view('tipoHabitaciones/registro_tipo_hab', [...])
 5 SYSTEMPATH\CodeIgniter.php(896): App\Controllers\TipoHabController->index()
 6 SYSTEMPATH\CodeIgniter.php(466): CodeIgniter\CodeIgniter->runController(Object(App\Controllers\TipoHabController))
 7 SYSTEMPATH\CodeIgniter.php(349): CodeIgniter\CodeIgniter->handleRequest(null, Object(Config\Cache), false)
 8 FCPATH\index.php(55): CodeIgniter\CodeIgniter->run()
CRITICAL - 2022-07-07 23:05:52 --> Object of class CodeIgniter\Pager\Pager could not be converted to string
in APPPATH\Views\tipoHabitaciones\registro_tipo_hab.php on line 85.
 1 SYSTEMPATH\View\View.php(213): include()
 2 SYSTEMPATH\View\View.php(216): CodeIgniter\View\View->CodeIgniter\View\{closure}()
 3 SYSTEMPATH\Common.php(1135): CodeIgniter\View\View->render('tipoHabitaciones/registro_tipo_hab', [], true)
 4 APPPATH\Controllers\TipoHabController.php(20): view('tipoHabitaciones/registro_tipo_hab', [...])
 5 SYSTEMPATH\CodeIgniter.php(896): App\Controllers\TipoHabController->index()
 6 SYSTEMPATH\CodeIgniter.php(466): CodeIgniter\CodeIgniter->runController(Object(App\Controllers\TipoHabController))
 7 SYSTEMPATH\CodeIgniter.php(349): CodeIgniter\CodeIgniter->handleRequest(null, Object(Config\Cache), false)
 8 FCPATH\index.php(55): CodeIgniter\CodeIgniter->run()
CRITICAL - 2022-07-07 23:06:40 --> Object of class CodeIgniter\Pager\Pager could not be converted to string
in APPPATH\Views\tipoHabitaciones\registro_tipo_hab.php on line 85.
 1 SYSTEMPATH\View\View.php(213): include()
 2 SYSTEMPATH\View\View.php(216): CodeIgniter\View\View->CodeIgniter\View\{closure}()
 3 SYSTEMPATH\Common.php(1135): CodeIgniter\View\View->render('tipoHabitaciones/registro_tipo_hab', [], true)
 4 APPPATH\Controllers\TipoHabController.php(20): view('tipoHabitaciones/registro_tipo_hab', [...])
 5 SYSTEMPATH\CodeIgniter.php(896): App\Controllers\TipoHabController->index()
 6 SYSTEMPATH\CodeIgniter.php(466): CodeIgniter\CodeIgniter->runController(Object(App\Controllers\TipoHabController))
 7 SYSTEMPATH\CodeIgniter.php(349): CodeIgniter\CodeIgniter->handleRequest(null, Object(Config\Cache), false)
 8 FCPATH\index.php(55): CodeIgniter\CodeIgniter->run()
CRITICAL - 2022-07-07 23:10:17 --> Undefined array key "email"
in APPPATH\Views\usuarios\registro_usuarios.php on line 65.
 1 APPPATH\Views\usuarios\registro_usuarios.php(65): CodeIgniter\Debug\Exceptions->errorHandler(2, 'Undefined array key "email"', 'APPPATH\\Views\\usuarios\\registro_usuarios.php', 65)
 2 SYSTEMPATH\View\View.php(213): include('APPPATH\\Views\\usuarios\\registro_usuarios.php')
 3 SYSTEMPATH\View\View.php(216): CodeIgniter\View\View->CodeIgniter\View\{closure}()
 4 SYSTEMPATH\Common.php(1135): CodeIgniter\View\View->render('usuarios/registro_usuarios', [], true)
 5 APPPATH\Controllers\UsuariosController.php(10): view('usuarios/registro_usuarios', [...])
 6 SYSTEMPATH\CodeIgniter.php(896): App\Controllers\UsuariosController->index()
 7 SYSTEMPATH\CodeIgniter.php(466): CodeIgniter\CodeIgniter->runController(Object(App\Controllers\UsuariosController))
 8 SYSTEMPATH\CodeIgniter.php(349): CodeIgniter\CodeIgniter->handleRequest(null, Object(Config\Cache), false)
 9 FCPATH\index.php(55): CodeIgniter\CodeIgniter->run()
CRITICAL - 2022-07-07 23:18:04 --> Undefined array key "email"
in APPPATH\Views\usuarios\registro_usuarios.php on line 65.
 1 APPPATH\Views\usuarios\registro_usuarios.php(65): CodeIgniter\Debug\Exceptions->errorHandler(2, 'Undefined array key "email"', 'APPPATH\\Views\\usuarios\\registro_usuarios.php', 65)
 2 SYSTEMPATH\View\View.php(213): include('APPPATH\\Views\\usuarios\\registro_usuarios.php')
 3 SYSTEMPATH\View\View.php(216): CodeIgniter\View\View->CodeIgniter\View\{closure}()
 4 SYSTEMPATH\Common.php(1135): CodeIgniter\View\View->render('usuarios/registro_usuarios', [], true)
 5 APPPATH\Controllers\UsuariosController.php(10): view('usuarios/registro_usuarios', [...])
 6 SYSTEMPATH\CodeIgniter.php(896): App\Controllers\UsuariosController->index()
 7 SYSTEMPATH\CodeIgniter.php(466): CodeIgniter\CodeIgniter->runController(Object(App\Controllers\UsuariosController))
 8 SYSTEMPATH\CodeIgniter.php(349): CodeIgniter\CodeIgniter->handleRequest(null, Object(Config\Cache), false)
 9 FCPATH\index.php(55): CodeIgniter\CodeIgniter->run()
CRITICAL - 2022-07-07 23:33:59 --> Object of class CodeIgniter\Pager\Pager could not be converted to string
in APPPATH\Views\tipoHabitaciones\registro_tipo_hab.php on line 85.
 1 SYSTEMPATH\View\View.php(213): include()
 2 SYSTEMPATH\View\View.php(216): CodeIgniter\View\View->CodeIgniter\View\{closure}()
 3 SYSTEMPATH\Common.php(1135): CodeIgniter\View\View->render('tipoHabitaciones/registro_tipo_hab', [], true)
 4 APPPATH\Controllers\TipoHabController.php(22): view('tipoHabitaciones/registro_tipo_hab', [...])
 5 SYSTEMPATH\CodeIgniter.php(896): App\Controllers\TipoHabController->index()
 6 SYSTEMPATH\CodeIgniter.php(466): CodeIgniter\CodeIgniter->runController(Object(App\Controllers\TipoHabController))
 7 SYSTEMPATH\CodeIgniter.php(349): CodeIgniter\CodeIgniter->handleRequest(null, Object(Config\Cache), false)
 8 FCPATH\index.php(55): CodeIgniter\CodeIgniter->run()
CRITICAL - 2022-07-07 23:34:17 --> Object of class CodeIgniter\Pager\Pager could not be converted to string
in APPPATH\Views\tipoHabitaciones\registro_tipo_hab.php on line 85.
 1 SYSTEMPATH\View\View.php(213): include()
 2 SYSTEMPATH\View\View.php(216): CodeIgniter\View\View->CodeIgniter\View\{closure}()
 3 SYSTEMPATH\Common.php(1135): CodeIgniter\View\View->render('tipoHabitaciones/registro_tipo_hab', [], true)
 4 APPPATH\Controllers\TipoHabController.php(22): view('tipoHabitaciones/registro_tipo_hab', [...])
 5 SYSTEMPATH\CodeIgniter.php(896): App\Controllers\TipoHabController->index()
 6 SYSTEMPATH\CodeIgniter.php(466): CodeIgniter\CodeIgniter->runController(Object(App\Controllers\TipoHabController))
 7 SYSTEMPATH\CodeIgniter.php(349): CodeIgniter\CodeIgniter->handleRequest(null, Object(Config\Cache), false)
 8 FCPATH\index.php(55): CodeIgniter\CodeIgniter->run()
CRITICAL - 2022-07-07 23:40:47 --> Object of class CodeIgniter\Pager\Pager could not be converted to string
in APPPATH\Views\tipoHabitaciones\registro_tipo_hab.php on line 85.
 1 SYSTEMPATH\View\View.php(213): include()
 2 SYSTEMPATH\View\View.php(216): CodeIgniter\View\View->CodeIgniter\View\{closure}()
 3 SYSTEMPATH\Common.php(1135): CodeIgniter\View\View->render('tipoHabitaciones/registro_tipo_hab', [], true)
 4 APPPATH\Controllers\TipoHabController.php(22): view('tipoHabitaciones/registro_tipo_hab', [...])
 5 SYSTEMPATH\CodeIgniter.php(896): App\Controllers\TipoHabController->index()
 6 SYSTEMPATH\CodeIgniter.php(466): CodeIgniter\CodeIgniter->runController(Object(App\Controllers\TipoHabController))
 7 SYSTEMPATH\CodeIgniter.php(349): CodeIgniter\CodeIgniter->handleRequest(null, Object(Config\Cache), false)
 8 FCPATH\index.php(55): CodeIgniter\CodeIgniter->run()
CRITICAL - 2022-07-07 23:41:02 --> syntax error, unexpected token ";"
in APPPATH\Views\pagination\view_pag.php on line 1.
 1 SYSTEMPATH\View\View.php(216): CodeIgniter\View\View->CodeIgniter\View\{closure}()
 2 SYSTEMPATH\Pager\Pager.php(125): CodeIgniter\View\View->render('App\\Views\\pagination\\view_pag')
 3 SYSTEMPATH\Pager\Pager.php(83): CodeIgniter\Pager\Pager->displayLinks('group1', 'botts_pagination')
 4 APPPATH\Views\tipoHabitaciones\registro_tipo_hab.php(85): CodeIgniter\Pager\Pager->links('group1', 'botts_pagination')
 5 SYSTEMPATH\View\View.php(213): include('APPPATH\\Views\\tipoHabitaciones\\registro_tipo_hab.php')
 6 SYSTEMPATH\View\View.php(216): CodeIgniter\View\View->CodeIgniter\View\{closure}()
 7 SYSTEMPATH\Common.php(1135): CodeIgniter\View\View->render('tipoHabitaciones/registro_tipo_hab', [], true)
 8 APPPATH\Controllers\TipoHabController.php(22): view('tipoHabitaciones/registro_tipo_hab', [...])
 9 SYSTEMPATH\CodeIgniter.php(896): App\Controllers\TipoHabController->index()
10 SYSTEMPATH\CodeIgniter.php(466): CodeIgniter\CodeIgniter->runController(Object(App\Controllers\TipoHabController))
11 SYSTEMPATH\CodeIgniter.php(349): CodeIgniter\CodeIgniter->handleRequest(null, Object(Config\Cache), false)
12 FCPATH\index.php(55): CodeIgniter\CodeIgniter->run()
CRITICAL - 2022-07-07 23:41:09 --> syntax error, unexpected token ";"
in APPPATH\Views\pagination\view_pag.php on line 1.
 1 SYSTEMPATH\View\View.php(216): CodeIgniter\View\View->CodeIgniter\View\{closure}()
 2 SYSTEMPATH\Pager\Pager.php(125): CodeIgniter\View\View->render('App\\Views\\pagination\\view_pag')
 3 SYSTEMPATH\Pager\Pager.php(83): CodeIgniter\Pager\Pager->displayLinks('group1', 'botts_pagination')
 4 APPPATH\Views\tipoHabitaciones\registro_tipo_hab.php(85): CodeIgniter\Pager\Pager->links('group1', 'botts_pagination')
 5 SYSTEMPATH\View\View.php(213): include('APPPATH\\Views\\tipoHabitaciones\\registro_tipo_hab.php')
 6 SYSTEMPATH\View\View.php(216): CodeIgniter\View\View->CodeIgniter\View\{closure}()
 7 SYSTEMPATH\Common.php(1135): CodeIgniter\View\View->render('tipoHabitaciones/registro_tipo_hab', [], true)
 8 APPPATH\Controllers\TipoHabController.php(22): view('tipoHabitaciones/registro_tipo_hab', [...])
 9 SYSTEMPATH\CodeIgniter.php(896): App\Controllers\TipoHabController->index()
10 SYSTEMPATH\CodeIgniter.php(466): CodeIgniter\CodeIgniter->runController(Object(App\Controllers\TipoHabController))
11 SYSTEMPATH\CodeIgniter.php(349): CodeIgniter\CodeIgniter->handleRequest(null, Object(Config\Cache), false)
12 FCPATH\index.php(55): CodeIgniter\CodeIgniter->run()
CRITICAL - 2022-07-07 23:42:35 --> Undefined array key "email"
in APPPATH\Views\usuarios\registro_usuarios.php on line 65.
 1 APPPATH\Views\usuarios\registro_usuarios.php(65): CodeIgniter\Debug\Exceptions->errorHandler(2, 'Undefined array key "email"', 'APPPATH\\Views\\usuarios\\registro_usuarios.php', 65)
 2 SYSTEMPATH\View\View.php(213): include('APPPATH\\Views\\usuarios\\registro_usuarios.php')
 3 SYSTEMPATH\View\View.php(216): CodeIgniter\View\View->CodeIgniter\View\{closure}()
 4 SYSTEMPATH\Common.php(1135): CodeIgniter\View\View->render('usuarios/registro_usuarios', [], true)
 5 APPPATH\Controllers\UsuariosController.php(10): view('usuarios/registro_usuarios', [...])
 6 SYSTEMPATH\CodeIgniter.php(896): App\Controllers\UsuariosController->index()
 7 SYSTEMPATH\CodeIgniter.php(466): CodeIgniter\CodeIgniter->runController(Object(App\Controllers\UsuariosController))
 8 SYSTEMPATH\CodeIgniter.php(349): CodeIgniter\CodeIgniter->handleRequest(null, Object(Config\Cache), false)
 9 FCPATH\index.php(55): CodeIgniter\CodeIgniter->run()
